Run,PktDrops,PktServ,IdleTime
0,405,4436,59.8672
1,34,3551,59.8763
2,39,3573,59.9184
3,165,3440,59.8359
4,88,3621,59.8598
5,151,3804,59.906
6,155,3877,59.9044
7,126,3689,59.8712
8,148,3713,59.9026
9,176,3558,59.8824
10,36,3304,59.8605
11,206,3804,59.8425
12,46,4013,59.8884
13,0,3505,59.9337
14,135,3681,59.9154
15,227,3766,59.8998
16,212,3933,59.8914
17,95,3463,59.9211
18,246,3933,59.8647
19,260,4101,59.9228
20,43,4086,59.9118
21,114,3744,59.8855
22,146,3556,59.8342
23,228,3802,59.8807
24,157,3815,59.9243
25,9,3331,59.8135
26,278,4204,59.9187
27,64,3958,59.7885
28,145,3203,59.9343
29,158,3620,59.7896
30,0,3217,59.9164
31,176,3345,59.9293
32,201,3956,59.8507
33,413,4254,59.8424
34,85,3374,59.8655
35,369,3823,59.9102
36,67,3517,59.9154
37,23,3224,59.8816
38,386,4817,59.8882
39,206,3851,59.9097
40,147,3607,59.8684
41,114,3348,59.8518
42,165,3810,59.8448
43,308,3978,59.8708
44,190,3931,59.8754
45,42,3743,59.9098
46,50,3867,59.876
47,61,3554,59.8894
48,30,3660,59.8727
49,51,4028,59.8718
50,130,3586,59.8895
51,188,3853,59.8988
52,113,3540,59.9086
53,272,4507,59.7919
54,123,3773,59.8744
55,241,3851,59.9133
56,212,3580,59.828
57,110,3162,59.8764
58,258,3811,59.8778
59,38,3711,59.8784
60,189,3985,59.8435
61,247,4160,59.8713
62,109,3664,59.8758
63,316,3597,59.8001
64,94,3734,59.8618
65,104,3834,59.9013
66,219,4345,59.9156
67,135,3822,59.877
68,45,3970,59.8339
69,99,3698,59.8288
70,91,3539,59.8507
71,30,3663,59.7911
72,46,3625,59.9163
73,221,3776,59.8982
74,47,3728,59.8359
75,45,3966,59.9058
76,66,3524,59.8347
77,80,3611,59.8623
78,185,4304,59.8843
79,34,3020,59.9382
80,529,3847,59.8367
81,49,3564,59.9013
82,2,3179,59.7771
83,11,3826,59.9209
84,51,3166,59.9362
85,219,3703,59.8907
86,228,3981,59.925
87,102,3508,59.9173
88,48,4025,59.9024
89,77,3814,59.925
90,0,3691,59.8868
91,403,4313,59.9043
92,180,3940,59.9051
93,78,3494,59.9014
94,373,3853,59.9256
95,237,3775,59.8959
96,143,3258,59.9132
97,42,3684,59.8428
98,56,3478,59.9271
99,94,4029,59.8444
100,150,3539,59.8984
101,187,4127,59.8985
102,251,3643,59.8832
103,430,4055,59.9067
104,199,3878,59.8223
105,121,3635,59.831
106,151,4025,59.8913
107,182,3402,59.9326
108,99,3704,59.9203
109,263,3639,59.9294
110,288,3674,59.8546
111,33,3459,59.9263
112,0,3045,59.8242
113,499,4497,59.8556
114,93,3448,59.92
115,49,3840,59.7898
116,364,3825,59.7727
117,67,3694,59.9289
118,57,3275,59.8625
119,94,3640,59.9027
120,4,3544,59.921
121,44,3154,59.9135
122,183,3721,59.8898
123,68,3976,59.8029
124,40,3433,59.9255
125,36,3229,59.9207
126,93,3564,59.8425
127,138,3425,59.8585
128,63,3350,59.8525
129,53,4039,59.7689
130,4,3031,59.9176
131,19,3104,59.763
132,70,3657,59.906
133,200,4316,59.8971
134,168,3532,59.8945
135,22,3775,59.8906
136,140,3797,59.9002
137,29,3549,59.9039
138,171,3763,59.8658
139,244,4029,59.8843
140,734,3873,59.7501
141,157,3654,59.9088
142,289,3500,59.8529
143,92,4136,59.8196
144,4,3520,59.9184
145,51,3779,59.8347
146,82,3785,59.9175
147,261,4019,59.9087
148,143,3550,59.9137
149,220,3046,59.9152
150,12,3241,59.7998
151,150,3225,59.8609
152,114,3775,59.8954
153,136,3475,59.7691
154,37,3413,59.8223
155,204,3525,59.8643
156,27,3475,59.782
157,188,3521,59.8853
158,48,3565,59.8483
159,81,3339,59.9213
160,36,3547,59.8133
161,54,3383,59.9288
162,75,3833,59.9265
163,338,3262,59.9276
164,166,3908,59.8498
165,164,3832,59.92
166,89,4129,59.8053
167,122,3672,59.8586
168,101,3890,59.873
169,327,3926,59.8745
170,114,3448,59.8766
171,353,3770,59.8821
172,53,3926,59.8685
173,167,3705,59.8994
174,91,3309,59.8929
175,288,3213,59.9027
176,244,3693,59.8247
177,18,3373,59.9368
178,107,3862,59.9151
179,56,3479,59.9052
180,93,3508,59.9327
181,61,3826,59.8269
182,155,4294,59.8226
183,51,3556,59.8879
184,19,3217,59.9071
185,129,3226,59.9345
186,92,3743,59.8691
187,217,3336,59.8257
188,408,4213,59.8503
189,109,3150,59.8885
190,19,3412,59.935
191,153,3648,59.8047
192,92,3647,59.8232
193,50,3217,59.8743
194,83,4326,59.817
195,46,3541,59.9076
196,160,4018,59.874
197,83,3569,59.878
198,167,3764,59.8024
199,207,3623,59.8852
200,333,3599,59.7831
201,29,3784,59.903
202,70,2915,59.8893
203,218,4049,59.9198
204,204,3706,59.8921
205,342,4334,59.8293
206,274,3186,59.8004
207,98,3619,59.9118
208,78,3338,59.8893
209,73,3673,59.8822
210,152,3537,59.9227
211,197,3601,59.7607
212,575,3566,59.9243
213,61,3357,59.8671
214,126,3618,59.7912
215,200,4016,59.919
216,108,3633,59.8854
217,10,3284,59.9078
218,89,3800,59.8496
219,52,3204,59.8829
220,211,3319,59.9281
221,285,3700,59.902
222,83,3527,59.8289
223,143,4163,59.8582
224,131,3628,59.9252
225,128,3493,59.8318
226,215,3962,59.8553
227,246,4020,59.829
228,10,4135,59.8785
229,91,3795,59.8928
230,140,3697,59.9161
231,111,3041,59.8612
232,112,4386,59.9183
233,116,3730,59.9185
234,53,3595,59.8282
235,62,3481,59.8332
236,59,3703,59.8864
237,174,3301,59.9005
238,389,3506,59.7699
239,268,3931,59.8454
240,217,3755,59.7956
241,246,3849,59.8952
242,270,3823,59.8975
243,53,3563,59.9274
244,55,3140,59.9214
245,67,3601,59.8482
246,156,3825,59.8438
247,85,3820,59.9108
248,127,3191,59.9341
249,2,3083,59.9227
250,91,3833,59.881
251,248,3464,59.919
252,67,3619,59.8605
253,63,3731,59.8808
254,345,3848,59.9233
255,167,4384,59.9151
256,56,3353,59.9077
257,94,3797,59.8979
258,63,3581,59.9037
259,161,3756,59.8955
260,42,3752,59.8818
261,102,3607,59.8371
262,19,3852,59.825
263,290,3646,59.9276
264,8,2877,59.9319
265,126,3191,59.9198
266,16,3795,59.8909
267,65,3717,59.8979
268,218,3739,59.9223
269,285,3912,59.8791
270,159,3866,59.8034
271,18,3496,59.7727
272,14,3695,59.9251
273,294,3733,59.8745
274,410,3619,59.8847
275,81,3947,59.8872
276,316,3480,59.8541
277,0,2914,59.8459
278,0,3382,59.9228
279,126,3516,59.9074
280,124,3808,59.8669
281,60,3563,59.8056
282,84,3888,59.8836
283,90,3649,59.7873
284,140,3882,59.8821
285,184,3679,59.9219
286,71,3801,59.847
287,217,4073,59.8846
288,3,3270,59.8941
289,182,3690,59.8606
290,36,3885,59.8734
291,149,3602,59.9119
292,75,3576,59.89
293,67,3328,59.8592
294,69,3502,59.8794
295,391,3642,59.7915
296,121,3816,59.8947
297,146,3930,59.9014
298,28,3507,59.9321
299,38,3394,59.8794
300,105,4015,59.9258
301,74,2983,59.8079
302,202,3691,59.8797
303,114,3612,59.8851
304,227,3677,59.9187
305,135,3935,59.867
306,24,3408,59.8945
307,183,3821,59.9212
308,63,3798,59.9035
309,33,3349,59.9153
310,51,4156,59.914
311,117,3570,59.8748
312,143,4015,59.9256
313,102,3776,59.8563
314,332,3661,59.8714
315,243,4333,59.8834
316,507,3853,59.9074
317,43,3438,59.8426
318,173,4332,59.8914
319,127,3426,59.9315
320,251,3928,59.89
321,26,3316,59.8622
322,39,4006,59.8064
323,102,3758,59.9197
324,0,3491,59.8032
325,84,3731,59.924
326,29,3588,59.7577
327,112,3699,59.7644
328,0,3675,59.8909
329,49,3624,59.9223
330,332,3731,59.9173
331,38,3794,59.913
332,114,4118,59.9078
333,348,3702,59.8536
334,392,3721,59.8821
335,269,3791,59.8862
336,196,3825,59.8608
337,61,3719,59.8729
338,104,3629,59.8423
339,123,4110,59.8921
340,29,3481,59.8325
341,29,3141,59.9186
342,60,4185,59.8398
343,129,3484,59.8321
344,15,3258,59.8637
345,195,3350,59.9336
346,411,3490,59.9353
347,346,3792,59.7688
348,124,3691,59.8983
349,30,3419,59.9285
350,171,3643,59.8566
351,209,4301,59.8708
352,43,3682,59.9052
353,232,3698,59.8844
354,245,3955,59.8166
355,122,3306,59.9366
356,33,3318,59.9097
357,62,4031,59.9016
358,119,3565,59.8711
359,114,3990,59.8028
360,245,3575,59.9176
361,286,3739,59.9299
362,38,4096,59.7575
363,368,4360,59.8737
364,127,3497,59.9066
365,92,3653,59.9088
366,129,3495,59.9133
367,295,3379,59.9215
368,148,3372,59.9256
369,55,3208,59.8151
370,85,3209,59.8958
371,89,3368,59.716
372,233,4207,59.8571
373,119,3493,59.852
374,272,3784,59.8295
375,11,3135,59.8658
376,195,3649,59.82
377,228,3613,59.8639
378,612,3901,59.8939
379,0,3063,59.9326
380,67,3372,59.9142
381,376,3606,59.8541
382,28,3825,59.9162
383,200,3431,59.9206
384,104,3385,59.8722
385,116,3693,59.9178
386,117,3876,59.9204
387,75,3817,59.8946
388,29,3588,59.8883
389,328,3823,59.926
390,184,3611,59.8158
391,283,3789,59.8691
392,236,3803,59.9177
393,153,3306,59.898
394,434,3526,59.7867
395,441,3422,59.8739
396,271,3852,59.9079
397,145,3507,59.8862
398,46,3529,59.8639
399,318,3676,59.9242
400,347,4024,59.8796
401,138,3519,59.8267
402,203,3315,59.8988
403,66,4023,59.8371
404,75,4353,59.8538
405,235,3755,59.8703
406,80,3582,59.9004
407,41,4033,59.9058
408,152,3635,59.8741
409,9,3700,59.9269
410,90,3424,59.8869
411,266,3700,59.8815
412,303,3612,59.93
413,44,3118,59.8834
414,84,3763,59.8461
415,85,3515,59.898
416,240,4118,59.8903
417,60,3355,59.9226
418,230,4228,59.8083
419,649,4027,59.8919
420,128,3743,59.9192
421,128,3418,59.8933
422,54,3467,59.9039
423,25,3207,59.9036
424,12,3676,59.7863
425,140,3884,59.8371
426,180,3518,59.8388
427,217,4320,59.8905
428,0,3180,59.8764
429,167,4335,59.8933
430,89,3461,59.8461
431,107,2785,59.9004
432,172,3629,59.7649
433,101,3927,59.8845
434,341,4147,59.9154
435,360,3611,59.814
436,114,3548,59.9332
437,275,3891,59.9017
438,262,4220,59.9163
439,300,4321,59.9128
440,202,4026,59.9257
441,147,3706,59.9024
442,28,3791,59.9227
443,163,3712,59.8916
444,203,4196,59.9201
445,77,3112,59.8418
446,366,3890,59.8723
447,140,4054,59.8686
448,268,4023,59.8304
449,110,3949,59.8108
450,94,3397,59.8479
451,94,3452,59.8291
452,122,3899,59.8906
453,90,3832,59.8625
454,269,3811,59.8147
455,49,3494,59.9086
456,106,3416,59.91
457,83,3805,59.864
458,189,3772,59.8519
459,0,3028,59.9379
460,71,4212,59.8502
461,59,3744,59.8779
462,520,3782,59.929
463,88,3190,59.8632
464,58,3913,59.9076
465,491,3855,59.9077
466,267,3906,59.9094
467,233,4463,59.7273
468,332,4121,59.768
469,180,3958,59.9042
470,0,3085,59.9352
471,151,3408,59.937
472,197,3703,59.9134
473,404,4079,59.7944
474,106,3581,59.9258
475,46,3763,59.8887
476,157,3843,59.9041
477,19,3784,59.8983
478,34,3425,59.8735
479,180,3944,59.9141
480,191,4005,59.9144
481,0,3085,59.9391
482,23,3445,59.8922
483,146,3564,59.9116
484,265,3280,59.9168
485,51,3476,59.8482
486,147,4399,59.8457
487,73,3532,59.8574
488,199,3971,59.921
489,63,3832,59.8573
490,322,3553,59.9028
491,83,3455,59.91
492,234,3624,59.9143
493,102,3765,59.9132
494,125,3448,59.8956
495,30,3583,59.9089
496,258,3519,59.9117
497,0,3264,59.9385
498,104,3758,59.9297
499,321,3981,59.9029
500,319,4408,59.8967
501,538,4155,59.9226
502,55,3878,59.9272
503,97,3662,59.895
504,207,4586,59.896
505,571,3974,59.8898
506,170,3583,59.9076
507,131,4203,59.9205
508,107,3378,59.8836
509,156,3767,59.8607
510,27,3336,59.9163
511,224,3745,59.8998
512,154,4136,59.834
513,2,3523,59.932
514,67,3298,59.9151
515,190,3737,59.8356
516,46,3117,59.9229
517,47,3395,59.8399
518,105,3549,59.9045
519,131,3793,59.9143
520,96,3744,59.9143
521,103,3503,59.8864
522,63,3374,59.8559
523,267,3605,59.8015
524,139,3733,59.9253
525,176,3917,59.8797
526,127,4133,59.8017
527,256,3851,59.9037
528,304,3818,59.8686
529,147,3818,59.8356
530,16,3671,59.8845
531,155,3515,59.8822
532,149,3984,59.7652
533,162,3781,59.9139
534,189,4286,59.8566
535,125,3592,59.8949
536,121,3344,59.8967
537,214,4006,59.8294
538,47,3614,59.852
539,101,3641,59.8383
540,21,2997,59.9006
541,56,3292,59.9211
542,414,3803,59.9119
543,155,3589,59.9267
544,453,3754,59.9165
545,153,3729,59.931
546,11,3660,59.9176
547,288,3920,59.9245
548,78,4349,59.8638
549,455,4196,59.8955
550,80,3883,59.9242
551,357,3912,59.8148
552,47,3485,59.8594
553,14,3547,59.9326
554,134,3607,59.891
555,147,3393,59.9065
556,96,3460,59.9194
557,133,3843,59.8366
558,8,3511,59.8365
559,22,3595,59.8775
560,62,4055,59.8727
561,48,3913,59.9069
562,163,3181,59.9231
563,264,3639,59.9208
564,43,3418,59.8749
565,108,3989,59.9216
566,171,3696,59.8666
567,185,3896,59.9011
568,110,4127,59.9117
569,75,3753,59.9206
570,314,3500,59.8295
571,70,3496,59.8186
572,22,3665,59.9078
573,394,4095,59.8725
574,125,3760,59.8555
575,111,3928,59.8257
576,113,3844,59.9079
577,6,3260,59.8268
578,49,3570,59.9014
579,52,3539,59.7808
580,47,3610,59.8869
581,316,3896,59.9125
582,65,3769,59.9089
583,42,3649,59.8231
584,127,3570,59.9308
585,310,3484,59.9235
586,242,3839,59.8849
587,29,3839,59.866
588,117,3865,59.9041
589,34,3596,59.9078
590,74,3249,59.9354
591,269,3822,59.9079
592,38,3856,59.8881
593,80,3910,59.9226
594,95,3474,59.9071
595,189,3737,59.9231
596,305,4238,59.7298
597,228,3464,59.9179
598,202,3685,59.8923
599,284,3654,59.8904
600,346,3425,59.8554
601,19,3613,59.9132
602,183,3256,59.8472
603,176,3455,59.9182
604,116,3861,59.8559
605,310,4107,59.8837
606,94,3958,59.7452
607,121,3567,59.8649
608,36,3305,59.8796
609,145,3435,59.8876
610,154,3793,59.8115
611,0,3176,59.8947
612,36,3387,59.8729
613,42,3488,59.7971
614,165,3785,59.8605
615,488,3859,59.895
616,377,3928,59.8143
617,160,3662,59.9067
618,102,3533,59.9248
619,92,3444,59.9183
620,133,3861,59.9225
621,163,3744,59.7988
622,142,3974,59.9258
623,182,3095,59.8897
624,361,3728,59.8159
625,289,3489,59.8965
626,66,3855,59.8187
627,287,3718,59.9153
628,270,3535,59.8918
629,15,3438,59.9275
630,118,4262,59.8909
631,37,3112,59.8842
632,180,3970,59.8838
633,0,3091,59.868
634,196,3809,59.8541
635,181,3319,59.8332
636,133,4512,59.9026
637,86,3914,59.9072
638,177,3271,59.8948
639,0,3662,59.8766
640,75,3596,59.9122
641,48,3923,59.91
642,238,4192,59.8303
643,45,3870,59.9028
644,154,3701,59.9042
645,63,3603,59.8683
646,128,3794,59.9162
647,126,3960,59.9236
648,172,3841,59.8847
649,283,4176,59.8625
650,43,3688,59.8328
651,143,3202,59.9051
652,199,3776,59.8684
653,56,3242,59.8804
654,217,4038,59.919
655,192,3870,59.8032
656,107,3627,59.8647
657,131,3567,59.9182
658,298,4027,59.9206
659,44,3360,59.841
660,64,4023,59.9038
661,158,3730,59.7674
662,79,3734,59.8959
663,24,3390,59.847
664,40,3556,59.901
665,223,3959,59.9123
666,151,3774,59.8713
667,22,3070,59.888
668,156,3761,59.9123
669,211,3765,59.9053
670,153,3736,59.9188
671,5,3494,59.926
672,133,3979,59.9163
673,14,3330,59.8481
674,76,3804,59.8618
675,61,3706,59.8733
676,274,3578,59.9215
677,66,3525,59.8677
678,67,3494,59.9172
679,98,3334,59.8871
680,169,3920,59.9052
681,54,3357,59.9191
682,126,3405,59.8652
683,45,3523,59.8518
684,171,3913,59.9035
685,138,3945,59.8839
686,228,3485,59.9299
687,327,3647,59.8666
688,265,4018,59.8983
689,80,3728,59.7974
690,194,4000,59.8612
691,122,3599,59.8738
692,70,3649,59.8483
693,218,3665,59.863
694,136,3506,59.9176
695,0,3220,59.9072
696,127,4183,59.8037
697,159,4008,59.8935
698,140,3909,59.8939
699,65,3821,59.9183
700,442,4232,59.7505
701,218,3766,59.9222
702,71,3203,59.9343
703,41,3713,59.8869
704,75,4029,59.9084
705,222,3784,59.7842
706,219,3907,59.8165
707,200,3135,59.9277
708,202,3519,59.8803
709,51,3338,59.9271
710,87,3449,59.9044
711,67,3550,59.8931
712,236,3391,59.8775
713,282,3816,59.8955
714,210,4358,59.84
715,55,3953,59.8881
716,40,3663,59.8762
717,101,3444,59.8942
718,341,4286,59.793
719,26,3744,59.8732
720,35,3565,59.8836
721,161,3453,59.875
722,192,3548,59.8778
723,164,3784,59.9264
724,201,4178,59.8064
725,311,3618,59.9092
726,44,3326,59.9344
727,192,3421,59.8211
728,178,4314,59.851
729,215,3622,59.8981
730,49,3182,59.8272
731,175,3887,59.8585
732,133,3623,59.931
733,125,4226,59.825
734,155,4252,59.8966
735,78,3368,59.9069
736,349,3714,59.9224
737,172,3640,59.9309
738,412,3926,59.8798
739,47,3596,59.8897
740,213,3886,59.8142
741,89,3688,59.8818
742,200,3866,59.8981
743,383,4268,59.8297
744,332,4247,59.9175
745,69,3753,59.874
746,38,3683,59.6863
747,22,3436,59.8833
748,300,3976,59.9079
749,195,3921,59.7609
750,124,3642,59.8629
751,99,3512,59.9128
752,83,3503,59.8791
753,41,3745,59.8406
754,355,3978,59.904
755,157,3655,59.8581
756,211,3545,59.8926
757,14,3396,59.8984
758,304,3957,59.8407
759,152,3702,59.9103
760,45,4007,59.8393
761,179,4220,59.8807
762,332,3778,59.9116
763,234,3913,59.8815
764,110,3493,59.8566
765,171,3287,59.9383
766,18,3495,59.8765
767,174,3770,59.8741
768,106,3235,59.9169
769,389,4222,59.8527
770,345,3488,59.8864
771,52,4143,59.8823
772,55,3539,59.8928
773,192,3445,59.8547
774,123,3648,59.8961
775,237,3846,59.8728
776,38,3382,59.923
777,62,3486,59.9166
778,146,3922,59.8028
779,64,3908,59.8878
780,86,3867,59.8218
781,141,3770,59.8345
782,50,3537,59.9319
783,68,3678,59.8896
784,120,3852,59.9225
785,44,3419,59.8775
786,95,3124,59.9238
787,42,3419,59.887
788,12,3856,59.8982
789,160,4225,59.89
790,259,3714,59.8723
791,93,3821,59.8886
792,11,3713,59.8262
793,57,3956,59.8924
794,145,4015,59.8669
795,324,3676,59.7822
796,493,3642,59.9104
797,501,3906,59.9079
798,363,3902,59.809
799,127,4154,59.8555
800,57,3543,59.869
801,149,3789,59.9163
802,329,4170,59.8925
803,177,3839,59.912
804,165,3901,59.8732
805,71,3336,59.893
806,297,3549,59.8843
807,634,4090,59.788
808,353,3935,59.9171
809,0,3534,59.9083
810,69,3420,59.8787
811,109,3888,59.9269
812,123,3620,59.893
813,215,3493,59.9214
814,133,3397,59.9066
815,62,3010,59.9094
816,241,3746,59.8453
817,144,3521,59.8677
818,116,3798,59.7972
819,161,3538,59.811
820,88,3829,59.8766
821,165,3995,59.7985
822,0,3219,59.9098
823,54,3558,59.913
824,174,4060,59.9154
825,141,3546,59.926
826,227,3665,59.8404
827,260,3579,59.8907
828,138,3360,59.9354
829,92,3200,59.7797
830,379,3513,59.9331
831,8,3728,59.8521
832,269,4179,59.8793
833,104,3529,59.835
834,134,4073,59.8952
835,55,3739,59.7668
836,61,3708,59.9185
837,206,4116,59.9059
838,246,4527,59.8466
839,94,3808,59.8052
840,327,3659,59.8846
841,251,3687,59.8832
842,211,3491,59.8202
843,259,3599,59.8951
844,152,3942,59.919
845,125,3265,59.8148
846,45,3243,59.9246
847,206,4170,59.8807
848,103,3295,59.9002
849,75,4049,59.9243
850,280,3642,59.8839
851,139,4153,59.9167
852,237,3825,59.8589
853,168,3768,59.9038
854,333,3839,59.9268
855,223,3647,59.8773
856,223,3642,59.8032
857,84,3412,59.9042
858,149,3244,59.9221
859,63,3606,59.9172
860,20,3801,59.928
861,110,3683,59.8014
862,80,3465,59.809
863,129,3230,59.8765
864,54,4162,59.9173
865,357,3856,59.9257
866,37,3244,59.8066
867,30,3548,59.9084
868,219,3595,59.8135
869,75,3691,59.8746
870,92,3680,59.879
871,56,3444,59.8546
872,233,3435,59.9039
873,207,3388,59.8549
874,218,3558,59.9102
875,134,4392,59.8568
876,131,3758,59.8169
877,53,3541,59.9223
878,0,3786,59.8784
879,31,3666,59.8867
880,159,3999,59.9218
881,105,3845,59.9247
882,317,3651,59.9146
883,129,3693,59.9175
884,346,4343,59.8822
885,173,3785,59.8782
886,141,3789,59.9022
887,231,3719,59.8365
888,233,3384,59.8862
889,27,3877,59.8901
890,100,3459,59.9198
891,128,4129,59.813
892,241,4184,59.6935
893,218,3749,59.894
894,50,3581,59.8583
895,288,3775,59.9298
896,0,3140,59.9142
897,171,3929,59.9126
898,234,3747,59.8207
899,58,3736,59.8989
900,132,3928,59.842
901,199,3744,59.8625
902,246,3468,59.9175
903,12,3342,59.9143
904,203,3466,59.891
905,199,3579,59.8895
906,126,3612,59.8482
907,103,3864,59.9184
908,219,4170,59.8377
909,66,3141,59.9047
910,84,3374,59.9207
911,147,3521,59.8359
912,205,4128,59.8063
913,98,3762,59.8943
914,296,3438,59.8219
915,82,3807,59.8889
916,138,3607,59.8408
917,178,3929,59.9162
918,166,4283,59.9061
919,89,3730,59.8656
920,315,3960,59.7936
921,86,3705,59.8865
922,114,3467,59.8718
923,46,3545,59.9329
924,14,3837,59.9162
925,199,3755,59.881
926,106,3704,59.9107
927,178,3543,59.8626
928,226,4174,59.8556
929,106,3287,59.8826
930,186,3599,59.7974
931,114,3475,59.9264
932,33,3382,59.8548
933,140,3910,59.8784
934,207,3703,59.9225
935,177,4565,59.8292
936,63,3223,59.8884
937,90,3269,59.8944
938,70,3367,59.8771
939,144,3519,59.9105
940,324,3896,59.8377
941,207,3891,59.8289
942,28,3983,59.8962
943,78,3346,59.8972
944,140,4422,59.8507
945,78,3672,59.9264
946,209,3919,59.8332
947,78,3421,59.884
948,367,3615,59.8882
949,112,3541,59.8813
950,49,3749,59.8726
951,28,3712,59.749
952,217,4089,59.8534
953,61,3452,59.9237
954,84,3507,59.9065
955,0,3358,59.8702
956,67,3681,59.8293
957,179,3365,59.9167
958,244,3326,59.9364
959,185,3664,59.8422
960,243,4094,59.9002
961,118,3557,59.8957
962,338,3707,59.8992
963,33,3715,59.9043
964,287,3348,59.8977
965,15,3759,59.9232
966,135,3856,59.8958
967,273,4123,59.8656
968,65,3291,59.9179
969,4,3251,59.8678
970,59,3417,59.896
971,114,3853,59.866
972,180,3927,59.897
973,136,4222,59.9014
974,241,4155,59.9195
975,69,3991,59.888
976,116,3355,59.7808
977,11,3328,59.7699
978,39,3638,59.9317
979,13,3643,59.8699
980,244,4201,59.8664
981,120,4084,59.9029
982,186,3498,59.9315
983,84,3683,59.9283
984,73,3267,59.89
985,331,3865,59.8364
986,22,3885,59.6828
987,22,3359,59.8899
988,155,3818,59.8144
989,249,3362,59.8841
990,183,3652,59.8949
991,178,3702,59.8423
992,120,3232,59.9393
993,79,3859,59.9166
994,55,3620,59.901
995,89,3457,59.9052
996,50,3623,59.8253
997,384,3444,59.9156
998,164,4126,59.8606
999,31,3706,59.9147
