Run,PktDrops,PktServ,IdleTime
0,164,3545,59.8896
1,167,3826,59.9264
2,161,3724,59.9048
3,226,3666,59.8505
4,108,3473,59.9318
5,84,3620,59.9225
6,82,3454,59.8725
7,228,3649,59.9063
8,364,3497,59.7933
9,183,4020,59.8526
10,148,3852,59.924
11,190,3644,59.8702
12,6,3893,59.8975
13,197,3652,59.861
14,164,4033,59.9
15,309,4309,59.7897
16,239,4090,59.9233
17,267,3758,59.9208
18,54,3719,59.9077
19,148,3886,59.9242
20,99,3145,59.7584
21,242,3849,59.9063
22,204,3887,59.8334
23,94,3632,59.8343
24,450,3859,59.8614
25,141,4036,59.904
26,0,3461,59.8807
27,7,3170,59.9299
28,31,3629,59.8623
29,137,3826,59.8845
30,43,3640,59.9273
31,24,3667,59.9262
32,112,3945,59.918
33,363,3750,59.8893
34,48,4084,59.922
35,61,3411,59.9155
36,115,3787,59.9175
37,146,3508,59.924
38,74,3958,59.9113
39,134,3369,59.9097
40,181,3640,59.8896
41,75,3765,59.9162
42,136,3787,59.8357
43,209,3814,59.8431
44,52,3770,59.8156
45,153,3940,59.8773
46,139,3742,59.9024
47,398,3916,59.884
48,8,3334,59.8646
49,192,3690,59.8944
50,93,4441,59.8694
51,118,3519,59.9002
52,159,3966,59.8618
53,97,3936,59.9185
54,108,3444,59.7701
55,112,3395,59.8912
56,116,3520,59.9243
57,86,3574,59.9037
58,424,4131,59.9059
59,200,3560,59.8483
60,181,3685,59.7932
61,90,4112,59.8858
62,109,3830,59.8328
63,127,3279,59.8976
64,6,3620,59.8934
65,318,3904,59.8261
66,36,3653,59.9312
67,29,3399,59.8873
68,193,3449,59.8689
69,99,4227,59.9185
70,162,3781,59.8685
71,505,3769,59.8771
72,202,3693,59.8527
73,87,3706,59.9289
74,180,3632,59.7747
75,249,3774,59.9037
76,124,3909,59.8132
77,216,4001,59.9143
78,84,3029,59.877
79,190,3918,59.861
80,82,3824,59.9154
81,59,3981,59.8572
82,121,3817,59.8985
83,324,3694,59.8179
84,332,3498,59.916
85,53,3757,59.9016
86,89,3003,59.8875
87,130,3698,59.9262
88,79,3819,59.8106
89,188,3572,59.8799
90,0,3430,59.8603
91,225,3858,59.917
92,283,4160,59.9116
93,168,3947,59.868
94,171,3397,59.9298
95,108,4220,59.9149
96,101,3488,59.869
97,109,3735,59.8976
98,194,4152,59.7238
99,31,3717,59.7341
100,211,3690,59.832
101,1,3519,59.9133
102,0,3338,59.7952
103,122,3665,59.9311
104,135,3945,59.8659
105,240,3768,59.9131
106,179,3787,59.8697
107,195,3558,59.8942
108,61,3643,59.8306
109,124,3716,59.8015
110,52,3329,59.8852
111,159,3996,59.8636
112,241,3296,59.7774
113,347,3695,59.8836
114,115,3886,59.8396
115,126,3835,59.9168
116,251,4083,59.8985
117,102,3620,59.9256
118,177,4471,59.8332
119,70,3953,59.9016
120,110,3830,59.8695
121,104,3836,59.9087
122,182,3650,59.8462
123,195,3261,59.8126
124,171,4251,59.9062
125,254,4046,59.898
126,86,3605,59.9147
127,23,3580,59.9209
128,65,3819,59.8347
129,143,3358,59.8636
130,230,3805,59.9111
131,17,3658,59.8562
132,267,3957,59.9184
133,0,3532,59.8134
134,63,3369,59.8727
135,184,3441,59.9276
136,109,3926,59.893
137,367,3606,59.9048
138,118,3510,59.8339
139,175,4004,59.9239
140,141,2990,59.8277
141,108,4115,59.854
142,119,3869,59.8554
143,308,3670,59.8863
144,267,3840,59.83
145,20,3476,59.8851
146,58,3776,59.8931
147,202,4050,59.912
148,409,4107,59.8882
149,141,3800,59.8509
150,277,4076,59.8823
151,39,3627,59.8192
152,98,3376,59.9358
153,225,3789,59.8817
154,165,3438,59.8986
155,134,4003,59.9086
156,95,3349,59.8915
157,265,4103,59.893
158,270,4301,59.8694
159,237,3710,59.9264
160,182,3687,59.9172
161,73,3534,59.8651
162,0,3238,59.8419
163,135,3438,59.9317
164,202,3663,59.8502
165,1,3588,59.9266
166,88,3571,59.9013
167,240,3910,59.8686
168,3,3337,59.9299
169,68,3541,59.9155
170,188,3635,59.9006
171,312,3719,59.8738
172,103,3692,59.7978
173,154,3972,59.7962
174,207,4023,59.8811
175,241,4260,59.8108
176,313,3622,59.9263
177,10,3512,59.9224
178,90,4247,59.8959
179,218,3492,59.8843
180,158,3789,59.8671
181,399,4028,59.9073
182,20,4034,59.8251
183,371,4510,59.8671
184,119,3507,59.9305
185,247,3580,59.7643
186,0,3352,59.9383
187,25,3238,59.8983
188,102,3554,59.8547
189,54,3613,59.9164
190,102,3206,59.8643
191,175,3541,59.8819
192,134,3761,59.9056
193,43,3368,59.8723
194,100,3922,59.85
195,249,3448,59.8963
196,61,3416,59.9277
197,167,4070,59.8798
198,109,3559,59.905
199,96,3439,59.9144
200,28,3731,59.8317
201,158,3822,59.8662
202,177,3603,59.909
203,67,3931,59.8537
204,272,3591,59.8812
205,47,3598,59.8555
206,98,3521,59.9047
207,93,3432,59.9097
208,135,3526,59.8515
209,56,3353,59.9374
210,424,3825,59.9066
211,331,3367,59.7616
212,38,3580,59.9182
213,164,3627,59.9204
214,14,3293,59.8236
215,231,3822,59.7858
216,427,3601,59.9144
217,171,3700,59.9289
218,25,3224,59.9183
219,124,3794,59.8558
220,10,3267,59.918
221,50,3300,59.8981
222,27,3727,59.8947
223,256,3856,59.9199
224,199,3135,59.922
225,65,3543,59.7796
226,98,3656,59.9245
227,68,3498,59.8334
228,63,4009,59.823
229,98,3362,59.8386
230,192,3766,59.9288
231,77,3775,59.858
232,72,3636,59.8729
233,66,3508,59.8994
234,123,3731,59.8646
235,114,3488,59.8939
236,67,3645,59.9261
237,49,3828,59.9266
238,252,3570,59.8683
239,113,4056,59.9041
240,128,3411,59.9146
241,468,3579,59.7671
242,65,3591,59.883
243,21,3846,59.9032
244,88,3471,59.911
245,79,3143,59.8826
246,125,3982,59.9011
247,178,3680,59.7996
248,241,3941,59.9155
249,34,3944,59.9177
250,2,3511,59.8245
251,83,3386,59.9251
252,31,3651,59.8998
253,196,3859,59.8669
254,342,3658,59.8135
255,36,3976,59.838
256,154,3625,59.8981
257,52,4250,59.9089
258,54,3449,59.8476
259,1,3222,59.8755
260,216,3440,59.906
261,65,3608,59.9243
262,28,3582,59.7696
263,177,3801,59.7563
264,234,3392,59.9007
265,121,4077,59.9043
266,236,3872,59.8077
267,548,4447,59.869
268,155,3446,59.9306
269,173,3269,59.8813
270,186,3456,59.8763
271,66,3427,59.8832
272,100,3852,59.7555
273,151,4201,59.9086
274,277,3716,59.887
275,116,3442,59.9005
276,305,3389,59.9265
277,112,3866,59.8581
278,401,3759,59.9134
279,39,3381,59.8673
280,169,3562,59.8614
281,348,4017,59.9183
282,26,3590,59.8696
283,59,3690,59.8327
284,342,3369,59.83
285,359,3501,59.9127
286,179,3606,59.7306
287,0,3474,59.9323
288,160,3923,59.8777
289,62,3349,59.8443
290,44,3410,59.6522
291,8,3613,59.8234
292,91,3582,59.8566
293,199,4096,59.8484
294,122,3564,59.8645
295,115,3573,59.8872
296,40,3529,59.8798
297,318,3733,59.8786
298,200,4163,59.887
299,78,3557,59.9093
300,159,3870,59.9265
301,14,3261,59.914
302,319,4146,59.6812
303,270,3883,59.9102
304,149,3329,59.8612
305,137,4123,59.921
306,292,3617,59.9139
307,287,3785,59.8859
308,190,3742,59.786
309,290,3946,59.8838
310,256,3778,59.9262
311,34,3322,59.8897
312,65,3344,59.9111
313,52,3384,59.858
314,94,4081,59.7908
315,150,3723,59.8805
316,134,4357,59.8109
317,214,3371,59.8473
318,248,4238,59.9087
319,34,3342,59.8597
320,61,3495,59.8417
321,27,3485,59.9213
322,46,3731,59.9031
323,28,3431,59.869
324,134,3757,59.9115
325,254,3866,59.9204
326,138,3868,59.8225
327,133,3991,59.901
328,150,4140,59.8926
329,144,3791,59.8861
330,36,3943,59.8557
331,189,3330,59.8795
332,15,3557,59.9298
333,326,4154,59.9225
334,322,3608,59.9029
335,159,3819,59.8776
336,86,3845,59.8236
337,7,4106,59.9131
338,144,3779,59.7929
339,10,3879,59.89
340,97,4179,59.8404
341,218,3467,59.9127
342,66,3803,59.8082
343,180,3404,59.897
344,88,3648,59.8841
345,5,3278,59.8897
346,61,3391,59.8646
347,186,4248,59.8256
348,61,3686,59.8773
349,44,3575,59.8335
350,93,3476,59.9069
351,390,3709,59.9287
352,13,3874,59.8496
353,96,3099,59.8344
354,76,3894,59.8733
355,125,3309,59.9268
356,23,3960,59.8867
357,25,3519,59.8243
358,120,3633,59.9107
359,44,3706,59.9138
360,143,3338,59.9294
361,78,3272,59.9115
362,127,3615,59.8769
363,59,3400,59.896
364,375,3920,59.8772
365,71,3850,59.8659
366,160,3492,59.889
367,480,4094,59.7996
368,183,3185,59.9285
369,264,3413,59.7744
370,176,3452,59.8236
371,12,3834,59.854
372,247,3927,59.8157
373,0,2783,59.9042
374,89,3618,59.9242
375,17,3280,59.8956
376,71,2923,59.942
377,158,3793,59.8571
378,60,3451,59.9049
379,138,3602,59.8849
380,160,3815,59.9275
381,232,3464,59.8654
382,79,3335,59.8373
383,110,3486,59.8623
384,332,3608,59.8512
385,49,3867,59.7718
386,101,3544,59.8408
387,24,3485,59.934
388,3,2961,59.8972
389,148,3317,59.8399
390,247,4002,59.9089
391,69,3284,59.9331
392,112,3707,59.8488
393,916,3873,59.8403
394,60,3532,59.901
395,50,3365,59.9005
396,311,4043,59.7873
397,155,3489,59.8681
398,110,3361,59.8956
399,297,3603,59.8112
400,211,3953,59.8173
401,43,3873,59.9252
402,385,3385,59.8936
403,92,3171,59.9395
404,140,3905,59.8083
405,109,3670,59.8008
406,320,3736,59.8126
407,115,3286,59.9176
408,343,4432,59.8079
409,129,3371,59.9069
410,213,3847,59.8563
411,224,3706,59.8215
412,263,3635,59.8793
413,151,4051,59.8785
414,170,3526,59.9202
415,144,3984,59.8753
416,174,3615,59.7864
417,229,3795,59.8697
418,174,3887,59.8928
419,110,3459,59.827
420,107,3374,59.9366
421,76,3860,59.8879
422,339,4517,59.8732
423,234,3733,59.8683
424,84,3525,59.8848
425,171,3678,59.8855
426,76,3826,59.8936
427,96,3614,59.9213
428,335,4304,59.8278
429,61,3365,59.8875
430,202,3316,59.8993
431,154,4017,59.9114
432,7,3303,59.9202
433,128,3291,59.933
434,117,3549,59.9212
435,264,3359,59.8548
436,144,3989,59.8901
437,274,3770,59.8939
438,144,3546,59.904
439,232,3300,59.9336
440,51,3819,59.7811
441,210,3854,59.8942
442,77,3525,59.8848
443,276,3545,59.9329
444,270,3957,59.9202
445,53,3749,59.8793
446,190,3296,59.9302
447,83,3738,59.9284
448,365,4143,59.7169
449,119,3542,59.8577
450,99,3854,59.9277
451,187,4263,59.8754
452,193,4108,59.8585
453,105,3513,59.9242
454,181,3814,59.8751
455,179,3742,59.9256
456,167,3777,59.8864
457,159,3584,59.9202
458,443,4113,59.8215
459,271,3419,59.8545
460,93,3545,59.8951
461,70,3994,59.8585
462,411,3923,59.8791
463,115,3398,59.9103
464,84,3546,59.9344
465,181,3718,59.8228
466,432,3600,59.8834
467,160,3617,59.8398
468,108,3782,59.8914
469,13,3454,59.8574
470,62,3565,59.9167
471,396,4045,59.9052
472,322,3746,59.9154
473,101,3702,59.9233
474,253,3950,59.9018
475,98,3537,59.8282
476,77,3797,59.9241
477,5,3390,59.8447
478,16,3777,59.7899
479,75,3835,59.9051
480,46,3872,59.9053
481,195,3760,59.8646
482,512,4361,59.9053
483,78,3717,59.8787
484,170,3553,59.7996
485,474,3734,59.8584
486,203,3420,59.9239
487,315,4135,59.8944
488,15,3401,59.9226
489,33,3403,59.7512
490,177,3598,59.8967
491,107,3809,59.9236
492,285,4144,59.9089
493,30,3298,59.8964
494,120,3828,59.8706
495,50,3641,59.9288
496,168,4140,59.893
497,65,3263,59.8844
498,246,4464,59.8844
499,54,3455,59.9184
500,171,3673,59.8776
501,96,3667,59.8804
502,90,3518,59.9175
503,296,3546,59.9119
504,150,3338,59.9138
505,45,3358,59.8992
506,71,3636,59.8502
507,79,3831,59.9256
508,192,4158,59.8393
509,136,3429,59.9347
510,171,3550,59.9258
511,240,3517,59.8073
512,275,4058,59.9127
513,36,3586,59.9239
514,137,3721,59.7641
515,255,3872,59.9083
516,503,3790,59.911
517,223,3984,59.9107
518,35,3943,59.8996
519,92,3630,59.8768
520,232,3907,59.9003
521,30,3113,59.9351
522,290,4038,59.8485
523,274,4049,59.8467
524,302,3367,59.8438
525,107,3648,59.9052
526,95,3968,59.8234
527,212,3801,59.891
528,31,4274,59.8797
529,138,3583,59.9057
530,34,3851,59.8674
531,157,3579,59.8806
532,144,3733,59.926
533,35,3556,59.8274
534,22,4296,59.8981
535,285,3845,59.8938
536,41,3866,59.7825
537,0,3562,59.7786
538,117,3793,59.8852
539,95,3891,59.8437
540,318,4113,59.9073
541,161,3487,59.7305
542,69,3562,59.7698
543,104,3571,59.9164
544,294,3645,59.9095
545,43,3626,59.9001
546,194,4002,59.8899
547,99,3928,59.8997
548,163,3849,59.8884
549,147,3295,59.9304
550,182,3923,59.8646
551,242,3633,59.9097
552,7,3548,59.9171
553,4,3604,59.7792
554,53,3337,59.9249
555,285,3677,59.8081
556,125,3797,59.8995
557,119,3508,59.9154
558,240,3972,59.9096
559,185,3995,59.8925
560,34,3461,59.844
561,346,3406,59.776
562,159,3542,59.8966
563,311,3577,59.8205
564,125,3718,59.885
565,103,3861,59.8927
566,65,3975,59.9089
567,329,3893,59.8515
568,385,4116,59.8361
569,104,3558,59.9033
570,46,3529,59.8804
571,75,3227,59.9109
572,250,3758,59.8934
573,337,3619,59.9324
574,93,3645,59.8152
575,78,3543,59.9342
576,92,3693,59.8571
577,36,3829,59.8436
578,264,4040,59.8221
579,139,3806,59.9246
580,152,3314,59.8533
581,33,3083,59.8362
582,468,4337,59.8517
583,254,3778,59.7706
584,101,3793,59.9018
585,103,3939,59.7553
586,88,3466,59.9287
587,93,3747,59.8703
588,379,3422,59.9072
589,522,3834,59.8512
590,361,4257,59.8456
591,0,3266,59.9268
592,5,3125,59.7178
593,20,3108,59.8276
594,0,3447,59.9123
595,79,3464,59.8714
596,249,3760,59.8506
597,5,3577,59.9123
598,344,3306,59.8552
599,251,3707,59.9012
600,44,3864,59.8782
601,0,3461,59.9013
602,245,3905,59.8941
603,80,3774,59.9271
604,40,3716,59.8705
605,322,3540,59.9051
606,224,3195,59.936
607,151,3907,59.9153
608,123,4009,59.8833
609,162,3438,59.8924
610,162,3821,59.8966
611,427,4765,59.8715
612,247,3168,59.9264
613,93,3711,59.8519
614,393,3520,59.883
615,180,3892,59.9189
616,46,3866,59.9031
617,94,3239,59.9184
618,327,3572,59.9313
619,283,3535,59.868
620,87,3722,59.7313
621,197,3658,59.7744
622,182,3420,59.9348
623,287,3759,59.8888
624,95,3982,59.9258
625,274,3588,59.8946
626,375,4331,59.7982
627,346,4355,59.8505
628,49,3226,59.8905
629,261,4004,59.7825
630,0,3055,59.7816
631,37,3847,59.9121
632,255,4117,59.9023
633,201,3823,59.9204
634,70,3273,59.886
635,233,3765,59.8515
636,66,3548,59.9081
637,143,3685,59.928
638,54,3577,59.9054
639,139,3385,59.817
640,144,3424,59.8788
641,68,3272,59.9308
642,302,4242,59.9102
643,30,3118,59.9252
644,100,3665,59.9171
645,171,4066,59.9199
646,227,3930,59.8277
647,129,4180,59.8309
648,143,4027,59.9051
649,326,3601,59.8351
650,115,3690,59.9308
651,71,3807,59.9271
652,87,3795,59.7981
653,62,3204,59.9317
654,144,3697,59.9152
655,246,3525,59.9237
656,138,3445,59.82
657,291,4213,59.7749
658,284,3651,59.9097
659,12,3484,59.8464
660,228,3692,59.9289
661,156,4159,59.7994
662,60,3735,59.9196
663,235,3863,59.873
664,286,3582,59.8631
665,133,3732,59.8203
666,69,3480,59.8809
667,136,3656,59.9285
668,119,3775,59.8761
669,451,3852,59.9234
670,186,3832,59.9073
671,31,3606,59.8899
672,314,3563,59.7352
673,104,3300,59.9292
674,52,2969,59.9296
675,65,3787,59.7045
676,0,3663,59.8546
677,64,3669,59.8645
678,237,4271,59.8708
679,161,3874,59.8036
680,13,3246,59.9275
681,22,3576,59.8086
682,43,3482,59.9191
683,77,3774,59.9015
684,90,3597,59.8801
685,224,4088,59.8242
686,171,3695,59.8874
687,152,3595,59.7979
688,87,3222,59.9266
689,39,3851,59.786
690,131,3649,59.8745
691,74,3411,59.9312
692,56,3527,59.8904
693,237,3731,59.9029
694,32,3529,59.8882
695,3,3711,59.8913
696,36,3687,59.8764
697,80,3127,59.8723
698,125,3396,59.9245
699,59,3732,59.8635
700,252,3910,59.9257
701,215,3982,59.88
702,195,3816,59.8888
703,163,3739,59.9182
704,348,4084,59.9111
705,2,3445,59.9139
706,246,3375,59.9191
707,134,4092,59.824
708,151,4102,59.7831
709,0,3187,59.9404
710,120,3764,59.8635
711,89,3332,59.8428
712,81,3924,59.8576
713,43,3435,59.8876
714,146,3421,59.9158
715,238,3477,59.8735
716,10,3601,59.9253
717,257,4038,59.9001
718,90,3494,59.8312
719,327,3932,59.9203
720,43,3315,59.8641
721,67,3476,59.8943
722,174,3782,59.8525
723,152,3916,59.8584
724,288,3376,59.868
725,87,3694,59.8833
726,217,3536,59.7923
727,149,3727,59.9166
728,135,3487,59.8261
729,246,4286,59.9036
730,125,3955,59.9132
731,534,3660,59.8723
732,34,3690,59.8824
733,273,3965,59.7633
734,51,3349,59.9351
735,235,3749,59.9132
736,60,3768,59.7986
737,95,3846,59.9157
738,253,3033,59.9069
739,181,3749,59.8833
740,51,4237,59.8451
741,247,3311,59.9387
742,68,3350,59.9362
743,95,3243,59.9186
744,171,3954,59.9137
745,84,3782,59.9101
746,13,3522,59.9144
747,0,3325,59.8205
748,77,3866,59.8681
749,84,3331,59.8451
750,142,3642,59.7208
751,179,3872,59.8793
752,29,3605,59.8992
753,236,3554,59.8061
754,206,4138,59.8898
755,90,3375,59.9294
756,216,4017,59.9234
757,55,3272,59.7793
758,201,3626,59.8984
759,124,4196,59.9084
760,16,3305,59.8021
761,26,3058,59.932
762,23,3240,59.8893
763,214,4260,59.8942
764,284,3912,59.8972
765,77,3880,59.9262
766,194,3849,59.8696
767,64,3646,59.8879
768,190,3845,59.9029
769,65,3385,59.8337
770,327,3748,59.8408
771,1,3464,59.9163
772,106,3834,59.9284
773,198,4165,59.8777
774,105,3820,59.847
775,57,3355,59.867
776,124,3471,59.8977
777,15,3652,59.9217
778,247,3410,59.8344
779,111,3901,59.9003
780,293,3853,59.8515
781,243,4245,59.8424
782,111,3546,59.9297
783,56,4164,59.9188
784,348,3836,59.838
785,108,3668,59.9125
786,0,3586,59.7962
787,188,3415,59.9157
788,166,3651,59.9238
789,202,3968,59.9133
790,275,3711,59.8051
791,26,3809,59.9258
792,7,3256,59.8451
793,33,2736,59.9327
794,313,3796,59.9201
795,132,4042,59.9108
796,6,3285,59.9015
797,27,3399,59.8638
798,102,3851,59.8671
799,145,4147,59.9193
800,56,3194,59.9007
801,183,3982,59.9249
802,188,3535,59.9191
803,20,3764,59.8962
804,316,3886,59.9102
805,127,4089,59.8776
806,193,3561,59.9102
807,129,3685,59.9059
808,781,4120,59.878
809,27,3687,59.8372
810,212,3950,59.8866
811,47,3602,59.914
812,226,3536,59.842
813,36,3411,59.9112
814,79,3394,59.9187
815,81,3257,59.9126
816,117,3714,59.8825
817,109,3829,59.9117
818,142,4125,59.8858
819,12,3216,59.9387
820,23,4078,59.8979
821,237,3838,59.8964
822,34,3735,59.7785
823,75,3713,59.8838
824,85,3830,59.7899
825,71,3658,59.9175
826,15,3288,59.936
827,100,3686,59.9054
828,321,3533,59.8317
829,149,3777,59.9075
830,120,3658,59.8429
831,233,3788,59.9021
832,228,3836,59.8905
833,83,3368,59.8785
834,66,3392,59.868
835,35,3663,59.9245
836,115,3560,59.8849
837,257,3978,59.8461
838,305,4256,59.8389
839,61,3576,59.8794
840,150,4096,59.8875
841,22,3884,59.9137
842,167,3694,59.9147
843,0,3229,59.9355
844,155,4055,59.8736
845,297,3797,59.863
846,220,3788,59.9278
847,79,3287,59.8139
848,206,3880,59.8143
849,123,3430,59.8864
850,95,3663,59.8667
851,343,3861,59.8928
852,316,4719,59.788
853,49,2985,59.9224
854,180,3849,59.9263
855,37,3568,59.867
856,248,3985,59.8927
857,175,3683,59.7396
858,262,3773,59.9121
859,227,3466,59.8466
860,354,4404,59.8911
861,40,3774,59.9034
862,299,3544,59.9281
863,29,3393,59.9147
864,136,3590,59.8516
865,61,3599,59.9021
866,200,4100,59.8893
867,200,3398,59.8883
868,100,3579,59.9014
869,216,4075,59.8861
870,343,3322,59.8777
871,36,3462,59.8945
872,153,4058,59.8568
873,89,3891,59.8503
874,336,4199,59.9029
875,371,3973,59.9157
876,158,3787,59.6864
877,57,3638,59.8763
878,249,3913,59.9093
879,51,3854,59.902
880,22,3810,59.8889
881,139,3894,59.9268
882,174,3540,59.9165
883,357,3433,59.8386
884,3,3250,59.8586
885,238,3555,59.9208
886,81,3055,59.9348
887,192,3372,59.9138
888,80,3661,59.9101
889,253,3662,59.9019
890,113,4329,59.8762
891,274,4071,59.8416
892,135,3869,59.8362
893,122,3236,59.9069
894,162,3169,59.8878
895,197,4284,59.8583
896,231,4021,59.8447
897,41,3338,59.9212
898,273,3546,59.9074
899,83,3171,59.8721
900,38,3773,59.8716
901,154,3696,59.7838
902,278,3455,59.8353
903,83,3152,59.9084
904,67,3975,59.854
905,473,3678,59.8423
906,175,3577,59.9313
907,112,3656,59.8622
908,233,3924,59.8806
909,29,3280,59.8768
910,162,3082,59.811
911,213,3883,59.8734
912,103,3778,59.8966
913,381,3926,59.8928
914,45,3757,59.8963
915,183,3356,59.922
916,119,3884,59.9249
917,28,3806,59.8051
918,42,3646,59.9138
919,8,3449,59.8067
920,302,3757,59.8729
921,138,3936,59.8397
922,158,3941,59.8968
923,27,3367,59.8994
924,130,3774,59.8726
925,166,3614,59.8764
926,86,3781,59.8689
927,42,3830,59.9025
928,17,3756,59.8799
929,7,3187,59.8693
930,220,3646,59.7805
931,117,3247,59.9223
932,70,3848,59.9087
933,138,3572,59.8964
934,4,3500,59.8728
935,61,3589,59.7667
936,123,3610,59.9318
937,27,3635,59.9008
938,275,3881,59.8886
939,113,4048,59.8522
940,153,3575,59.7885
941,114,3410,59.7655
942,78,3496,59.918
943,67,3549,59.9148
944,583,3697,59.9259
945,0,3118,59.9291
946,35,3509,59.8508
947,196,3585,59.7822
948,113,3750,59.8096
949,16,3491,59.8954
950,186,3544,59.9079
951,142,3746,59.8836
952,265,3824,59.8984
953,302,3152,59.8912
954,265,3437,59.8735
955,204,3903,59.9093
956,62,3204,59.8551
957,66,3675,59.8637
958,263,3715,59.7759
959,89,3439,59.9164
960,47,3739,59.9171
961,205,3729,59.8959
962,173,3424,59.8082
963,171,3630,59.9091
964,28,3318,59.9099
965,438,4268,59.9042
966,51,3788,59.8591
967,12,3210,59.923
968,56,3907,59.9035
969,113,3554,59.8396
970,354,3346,59.8117
971,151,4114,59.9194
972,179,3346,59.9364
973,180,3353,59.9155
974,46,3767,59.918
975,72,3469,59.8864
976,101,3793,59.8248
977,13,3448,59.8337
978,181,3893,59.9154
979,16,3307,59.9266
980,359,4011,59.9059
981,94,3909,59.9178
982,187,3939,59.9006
983,318,3666,59.844
984,167,3433,59.9146
985,485,3787,59.8705
986,28,3808,59.9255
987,343,3846,59.9139
988,4,4228,59.9165
989,62,3133,59.9188
990,141,3972,59.8762
991,234,3597,59.8857
992,121,3239,59.9278
993,75,3996,59.8263
994,302,3743,59.8694
995,19,3148,59.822
996,67,3869,59.9069
997,179,3411,59.8675
998,14,3744,59.8037
999,149,3731,59.9173
