Run,PktDrops,PktServ,IdleTime
0,77,3676,59.9276
1,0,3441,59.8644
2,223,3483,59.9072
3,70,3530,59.8116
4,187,3721,59.9314
5,96,3564,59.892
6,127,3422,59.8707
7,221,3953,59.9226
8,82,3768,59.8755
9,62,3435,59.9088
10,282,3953,59.8807
11,47,3841,59.9049
12,41,3584,59.8425
13,231,3686,59.8349
14,297,3895,59.9198
15,79,4104,59.9223
16,191,3826,59.9212
17,151,3532,59.8812
18,303,4369,59.9023
19,216,3722,59.8192
20,39,3416,59.8511
21,277,3678,59.8939
22,49,3535,59.8823
23,210,3795,59.8786
24,596,3755,59.8871
25,89,3450,59.9167
26,163,3485,59.9081
27,72,3249,59.8969
28,169,3845,59.8966
29,78,4036,59.8801
30,102,3803,59.9114
31,177,3734,59.9156
32,161,3991,59.9193
33,130,3792,59.8975
34,655,4075,59.8709
35,283,3905,59.9235
36,218,4004,59.775
37,212,3629,59.9179
38,64,3408,59.8783
39,158,3809,59.9162
40,138,3490,59.9023
41,198,3261,59.9275
42,158,3715,59.8906
43,16,4003,59.8921
44,198,3974,59.9019
45,349,4529,59.8659
46,78,3609,59.9127
47,163,3753,59.7656
48,210,3800,59.8659
49,158,3502,59.8801
50,38,3912,59.7286
51,102,3991,59.8686
52,215,4408,59.8208
53,6,3213,59.8954
54,380,3971,59.9091
55,284,3789,59.8796
56,79,3500,59.767
57,6,3456,59.8735
58,153,3928,59.9111
59,129,3513,59.8853
60,121,3622,59.7548
61,16,3422,59.8849
62,107,3920,59.9079
63,217,4034,59.9093
64,54,3846,59.8117
65,267,4400,59.9167
66,66,2998,59.9104
67,88,4050,59.784
68,377,4317,59.8967
69,50,3494,59.8963
70,149,3613,59.9
71,430,4327,59.8864
72,86,4154,59.8959
73,97,3342,59.8413
74,141,3825,59.9187
75,48,3334,59.8602
76,92,3744,59.866
77,94,3680,59.8945
78,107,3776,59.8496
79,165,3939,59.8872
80,86,4320,59.8305
81,174,3547,59.8793
82,67,3335,59.9182
83,577,4263,59.8952
84,78,3389,59.7699
85,0,3322,59.8774
86,167,3061,59.8559
87,80,3313,59.9175
88,267,3478,59.9205
89,203,3509,59.9088
90,268,4140,59.9054
91,358,3575,59.8888
92,113,3707,59.9295
93,146,4065,59.8557
94,108,3201,59.9105
95,210,3742,59.8469
96,106,3421,59.9069
97,341,4266,59.8685
98,145,3575,59.9314
99,102,3964,59.7932
100,135,4218,59.9133
101,50,3567,59.8435
102,122,3526,59.9073
103,91,3915,59.9202
104,119,3623,59.8386
105,48,4012,59.8351
106,94,3868,59.8554
107,77,3429,59.9204
108,163,3304,59.9349
109,354,3863,59.7947
110,135,4054,59.8739
111,74,3513,59.914
112,121,3202,59.7974
113,194,3596,59.8934
114,16,3583,59.8761
115,150,4306,59.8807
116,24,3654,59.9172
117,114,3415,59.9256
118,154,4108,59.8868
119,314,3328,59.8272
120,70,3203,59.8074
121,355,4275,59.8633
122,181,3750,59.8485
123,178,3994,59.7911
124,29,3692,59.7994
125,114,3583,59.8957
126,108,3761,59.8025
127,296,3672,59.911
128,0,3330,59.9154
129,39,3587,59.8655
130,169,3691,59.8818
131,0,3496,59.8235
132,110,3872,59.917
133,189,3773,59.9261
134,304,4099,59.8757
135,111,3899,59.8833
136,183,3664,59.8545
137,66,3537,59.8773
138,50,3506,59.9328
139,16,3226,59.8875
140,98,4214,59.8666
141,54,3791,59.8301
142,399,3697,59.927
143,187,3525,59.8895
144,39,3858,59.9168
145,117,3596,59.9305
146,118,3571,59.8861
147,164,3656,59.8918
148,270,3952,59.9137
149,161,3920,59.8727
150,103,3428,59.8924
151,269,3691,59.8303
152,179,3951,59.7938
153,37,3695,59.7637
154,46,3443,59.8799
155,55,3485,59.9241
156,167,3617,59.8567
157,14,3329,59.9008
158,118,3806,59.8326
159,82,3517,59.8474
160,127,3353,59.9132
161,173,3821,59.8674
162,89,3798,59.9059
163,84,3634,59.8904
164,18,3794,59.855
165,13,3123,59.9168
166,95,3608,59.8415
167,185,3139,59.8983
168,28,3521,59.8775
169,56,3649,59.8885
170,209,3716,59.8962
171,46,3743,59.9228
172,126,3282,59.9303
173,193,4122,59.7882
174,66,3819,59.8812
175,299,4057,59.9008
176,103,3900,59.9
177,180,3804,59.8332
178,395,3840,59.7307
179,7,3357,59.9032
180,36,4172,59.8918
181,119,3806,59.9171
182,84,3463,59.9167
183,121,4067,59.8917
184,288,3842,59.756
185,21,3218,59.8469
186,229,3744,59.9138
187,222,3351,59.8224
188,104,3458,59.9352
189,284,4065,59.9176
190,71,3284,59.8181
191,56,3736,59.9094
192,138,3707,59.8268
193,136,3687,59.83
194,195,3355,59.8235
195,130,4077,59.83
196,176,3694,59.9113
197,54,3428,59.9188
198,199,4127,59.8863
199,71,3406,59.8221
200,176,3727,59.9085
201,135,4123,59.9002
202,157,4047,59.9239
203,196,4278,59.8233
204,46,3615,59.9323
205,30,3612,59.9168
206,158,3920,59.9236
207,207,3657,59.9132
208,645,4406,59.8655
209,116,3910,59.8743
210,77,3829,59.8728
211,247,3694,59.8183
212,300,3538,59.9088
213,227,3728,59.9065
214,101,3522,59.703
215,38,3773,59.8764
216,32,3460,59.9342
217,142,3647,59.9087
218,404,4289,59.865
219,75,4009,59.8921
220,298,3919,59.8981
221,153,3569,59.8973
222,79,4070,59.8908
223,356,4155,59.7772
224,273,3890,59.8805
225,62,3737,59.8681
226,40,3490,59.7654
227,22,3436,59.8427
228,112,3663,59.8704
229,91,3385,59.8794
230,95,3654,59.8858
231,156,3743,59.833
232,166,3987,59.8365
233,40,3773,59.888
234,234,3603,59.8888
235,104,4027,59.876
236,45,3598,59.9161
237,87,4094,59.9126
238,198,4058,59.8466
239,259,3752,59.9066
240,44,4014,59.8646
241,364,4036,59.8953
242,23,3752,59.8394
243,159,3156,59.9313
244,42,3536,59.9041
245,16,3093,59.8882
246,208,3648,59.8189
247,104,3506,59.8352
248,237,3691,59.9288
249,139,3967,59.9211
250,80,3861,59.9257
251,39,3588,59.8686
252,95,3979,59.8294
253,340,3333,59.9065
254,76,3056,59.931
255,43,3113,59.9046
256,23,3713,59.8953
257,154,3904,59.8689
258,273,3392,59.8812
259,17,3151,59.91
260,98,3857,59.9156
261,140,3733,59.9198
262,257,3534,59.9278
263,239,3775,59.8609
264,20,3419,59.8516
265,201,3928,59.9058
266,26,3914,59.9007
267,112,3928,59.9212
268,177,4148,59.8511
269,33,3473,59.8797
270,91,3349,59.765
271,47,3842,59.8856
272,72,3220,59.9173
273,217,4148,59.851
274,5,3680,59.8693
275,157,4158,59.87
276,152,3665,59.9124
277,408,3930,59.8524
278,245,3972,59.8938
279,17,3407,59.9108
280,81,3074,59.8409
281,201,3874,59.8105
282,57,3665,59.9062
283,122,3782,59.927
284,24,3755,59.9156
285,97,3486,59.8904
286,188,3722,59.8571
287,147,3435,59.8841
288,151,3613,59.9042
289,128,3934,59.816
290,84,3715,59.9083
291,377,3823,59.9147
292,183,3347,59.8593
293,212,3449,59.8319
294,203,3655,59.9098
295,175,3855,59.9114
296,262,3292,59.9268
297,62,4047,59.8671
298,164,3648,59.7546
299,290,3947,59.8611
300,165,3485,59.9231
301,41,3769,59.8755
302,53,3778,59.8911
303,235,3936,59.8827
304,152,3364,59.8725
305,114,4130,59.899
306,318,3706,59.93
307,0,3203,59.9281
308,182,3593,59.794
309,101,4118,59.8969
310,493,4073,59.9199
311,107,3744,59.7537
312,318,3432,59.9221
313,36,3298,59.9066
314,174,3346,59.91
315,12,3628,59.849
316,145,3791,59.913
317,66,3572,59.8718
318,30,3457,59.9346
319,90,3823,59.9019
320,295,3863,59.9206
321,146,3518,59.9157
322,37,3413,59.8634
323,98,3743,59.9037
324,198,4008,59.92
325,6,3458,59.9359
326,268,4473,59.9164
327,203,3845,59.9269
328,91,3159,59.9173
329,39,3546,59.9248
330,329,3761,59.8854
331,222,3777,59.9282
332,40,3370,59.8107
333,40,3769,59.8854
334,68,3412,59.9144
335,484,3771,59.8859
336,141,3740,59.9074
337,206,3935,59.9013
338,59,3538,59.9227
339,12,3120,59.9383
340,105,3361,59.8728
341,147,3822,59.9214
342,95,3279,59.8531
343,289,3828,59.8527
344,71,3386,59.899
345,95,3687,59.8434
346,77,3343,59.9106
347,115,3430,59.8814
348,28,3700,59.9228
349,31,3962,59.8646
350,18,3909,59.8507
351,212,3969,59.8698
352,309,4041,59.8829
353,150,3687,59.9267
354,501,4068,59.9154
355,7,3400,59.913
356,97,3713,59.9299
357,264,3608,59.9274
358,49,3628,59.9323
359,7,3467,59.835
360,228,4118,59.8905
361,413,3949,59.9078
362,220,3878,59.8727
363,148,3673,59.9316
364,95,3634,59.8313
365,50,3204,59.9296
366,113,3807,59.9132
367,144,3441,59.9233
368,12,3565,59.9254
369,106,3838,59.9265
370,313,3955,59.8909
371,111,3360,59.8793
372,56,4132,59.9148
373,97,3928,59.9009
374,138,3527,59.9171
375,28,3120,59.9087
376,50,3734,59.8547
377,181,3628,59.9242
378,160,4033,59.9176
379,120,3904,59.8835
380,98,3538,59.8435
381,210,3524,59.9192
382,511,4048,59.9035
383,164,3904,59.8924
384,164,3756,59.9152
385,21,3381,59.7979
386,319,4120,59.8671
387,140,3817,59.8853
388,273,3927,59.8779
389,200,4017,59.9229
390,255,4076,59.9216
391,180,3524,59.9345
392,415,4140,59.9083
393,136,3882,59.8822
394,6,4289,59.9038
395,146,3351,59.8159
396,151,3797,59.9275
397,180,3630,59.9232
398,151,3137,59.9074
399,149,3982,59.9215
400,224,4039,59.9172
401,189,3948,59.9103
402,132,3422,59.9192
403,82,3875,59.9036
404,72,3884,59.9058
405,3,3892,59.799
406,66,3514,59.923
407,32,3339,59.9385
408,182,3835,59.8371
409,189,3574,59.8849
410,213,4105,59.7591
411,238,3440,59.8467
412,99,3670,59.8793
413,242,3871,59.9226
414,104,3336,59.8937
415,226,3394,59.8272
416,56,4050,59.9086
417,72,4182,59.8014
418,279,4372,59.8275
419,51,3213,59.9253
420,47,3687,59.8821
421,321,4160,59.8982
422,109,3491,59.929
423,18,3217,59.8903
424,120,3430,59.9017
425,147,3774,59.9286
426,3,3607,59.7737
427,295,3589,59.7899
428,104,3439,59.8725
429,199,3674,59.8572
430,58,3477,59.872
431,35,3680,59.9136
432,99,3335,59.9075
433,181,3675,59.767
434,72,3640,59.8948
435,163,3577,59.8422
436,65,3465,59.9156
437,305,3448,59.8411
438,106,3733,59.8286
439,79,3498,59.9274
440,92,3432,59.9226
441,71,3757,59.8643
442,67,3515,59.8318
443,85,3740,59.8529
444,71,3343,59.847
445,304,3422,59.9019
446,71,3538,59.8384
447,314,3601,59.8856
448,293,3563,59.9174
449,23,3173,59.9074
450,77,3920,59.8882
451,208,3205,59.9178
452,2,3114,59.8777
453,145,3626,59.926
454,124,3681,59.915
455,60,3397,59.9264
456,48,3226,59.933
457,335,3867,59.9087
458,55,3639,59.8209
459,232,3995,59.8798
460,76,3355,59.8946
461,308,3980,59.7159
462,14,3646,59.9036
463,238,3644,59.915
464,193,3329,59.9147
465,258,3958,59.8863
466,176,4136,59.7771
467,159,3677,59.8639
468,0,3786,59.9136
469,134,3829,59.9256
470,486,4066,59.9112
471,120,3482,59.9219
472,247,4074,59.8603
473,127,3345,59.8262
474,40,3464,59.8195
475,181,4046,59.835
476,215,3489,59.904
477,282,3553,59.8436
478,139,3402,59.8575
479,125,3599,59.908
480,111,3281,59.734
481,61,3693,59.9273
482,192,3888,59.9207
483,190,3738,59.8704
484,391,3935,59.885
485,30,3604,59.8622
486,136,3901,59.926
487,264,3832,59.8361
488,59,3712,59.8843
489,293,3692,59.9138
490,65,3688,59.8229
491,11,3533,59.9135
492,109,3444,59.9227
493,118,3695,59.9049
494,380,4089,59.827
495,291,3982,59.897
496,339,4100,59.8912
497,31,3984,59.8898
498,140,4027,59.889
499,411,3845,59.8393
500,180,3748,59.8607
501,346,4114,59.9185
502,191,3324,59.915
503,20,3177,59.9219
504,94,3278,59.9159
505,89,3688,59.893
506,214,3759,59.9127
507,73,3438,59.8098
508,121,3937,59.8638
509,229,3564,59.9157
510,12,3694,59.8079
511,74,3273,59.9297
512,103,3763,59.9175
513,127,3540,59.8707
514,26,3906,59.9034
515,117,3708,59.8599
516,136,3980,59.8434
517,308,4087,59.9057
518,126,3779,59.915
519,139,3600,59.8845
520,202,3536,59.8631
521,106,3296,59.8597
522,248,3838,59.9066
523,125,3622,59.8771
524,108,3641,59.7753
525,227,3984,59.7871
526,217,3735,59.915
527,176,3848,59.9047
528,50,3386,59.9314
529,57,3803,59.883
530,387,4092,59.8452
531,142,3796,59.8945
532,28,3197,59.8255
533,265,3870,59.9218
534,61,3615,59.8335
535,121,3762,59.9084
536,108,4148,59.8253
537,36,3361,59.9128
538,38,3876,59.8921
539,195,3911,59.9148
540,41,3778,59.791
541,102,3615,59.8294
542,87,3481,59.781
543,177,4028,59.8208
544,19,3414,59.9346
545,196,3630,59.8891
546,44,3998,59.9126
547,73,4175,59.8728
548,124,3306,59.8825
549,318,3745,59.9031
550,166,3980,59.917
551,78,3634,59.852
552,355,3714,59.9064
553,71,3763,59.8516
554,71,3822,59.852
555,83,3516,59.9304
556,377,3925,59.9224
557,93,3898,59.9176
558,75,3672,59.9289
559,239,4367,59.843
560,128,3802,59.8655
561,89,3993,59.9138
562,225,3701,59.8686
563,144,3827,59.8777
564,410,3980,59.9106
565,142,3437,59.9256
566,73,3618,59.8575
567,231,3883,59.7861
568,113,3950,59.8066
569,37,3670,59.8918
570,34,3300,59.8826
571,76,3899,59.8994
572,181,3957,59.8503
573,84,3757,59.8869
574,220,3627,59.8975
575,127,3553,59.9255
576,168,3970,59.9147
577,37,3621,59.8654
578,94,3711,59.9131
579,3,3571,59.917
580,143,3793,59.9056
581,95,4440,59.837
582,406,3533,59.8521
583,215,3668,59.9112
584,323,3106,59.9076
585,17,3472,59.889
586,20,3570,59.8255
587,300,3320,59.9046
588,302,3975,59.8674
589,438,3952,59.8758
590,40,3604,59.91
591,247,4129,59.8305
592,202,3645,59.8954
593,60,3629,59.7504
594,41,3958,59.8293
595,74,3867,59.9178
596,17,3297,59.7497
597,26,3414,59.8738
598,75,3630,59.8788
599,25,3426,59.9037
600,67,3172,59.8743
601,152,4059,59.7516
602,31,3965,59.8966
603,131,3715,59.8755
604,252,4324,59.8828
605,140,3832,59.8932
606,71,3115,59.9293
607,91,3865,59.8706
608,167,3818,59.8807
609,117,3588,59.8991
610,303,3529,59.8781
611,104,3183,59.7896
612,226,4377,59.8789
613,17,3479,59.8937
614,338,3419,59.8211
615,96,3714,59.8946
616,165,3759,59.9264
617,96,3440,59.8831
618,97,3285,59.884
619,215,3823,59.9138
620,602,3922,59.8705
621,105,3684,59.8933
622,127,4465,59.8325
623,24,3473,59.8387
624,32,3914,59.772
625,91,3535,59.7695
626,433,3930,59.8034
627,237,3749,59.9304
628,118,3616,59.9273
629,70,3390,59.9225
630,74,3467,59.7496
631,36,3584,59.9231
632,157,3390,59.8603
633,167,3378,59.8629
634,152,3535,59.9329
635,202,3921,59.8317
636,35,3508,59.9041
637,48,3777,59.8637
638,97,3813,59.8578
639,108,3676,59.8498
640,79,3663,59.9039
641,292,3889,59.919
642,86,3697,59.9268
643,37,3250,59.8901
644,62,4130,59.8047
645,349,3609,59.927
646,255,3928,59.8373
647,183,3780,59.8011
648,134,3251,59.9072
649,533,3830,59.8547
650,29,3525,59.8658
651,28,3650,59.8344
652,45,3611,59.8612
653,0,3291,59.8205
654,21,3610,59.8939
655,101,3759,59.8649
656,153,3854,59.9209
657,224,4020,59.897
658,272,3637,59.8891
659,78,3725,59.8867
660,24,3801,59.8375
661,162,3977,59.8494
662,95,3754,59.8256
663,166,3902,59.9196
664,151,3563,59.8578
665,109,3225,59.9077
666,205,3720,59.9141
667,83,3622,59.9137
668,303,3211,59.8674
669,88,3741,59.8728
670,11,3040,59.8464
671,78,3803,59.8272
672,95,3818,59.9291
673,262,3962,59.8835
674,527,4352,59.9071
675,149,3704,59.9075
676,175,3918,59.8353
677,201,3763,59.8187
678,23,3602,59.9008
679,195,3743,59.8621
680,114,3792,59.9178
681,71,3262,59.921
682,83,3636,59.8918
683,100,3279,59.9257
684,146,3955,59.9081
685,185,3894,59.9022
686,71,3670,59.794
687,109,3985,59.9249
688,12,3510,59.8873
689,75,3563,59.9333
690,762,3694,59.8994
691,153,3698,59.9109
692,313,3725,59.9239
693,195,3728,59.8352
694,98,3516,59.9225
695,293,3632,59.9042
696,290,3619,59.8657
697,96,3512,59.8816
698,226,4000,59.8145
699,172,4070,59.9195
700,39,3147,59.8529
701,135,3509,59.8655
702,184,3443,59.8931
703,118,4046,59.9185
704,228,4014,59.8005
705,285,4194,59.9162
706,13,3365,59.8964
707,196,3989,59.9035
708,154,3717,59.9136
709,10,3602,59.8493
710,281,4544,59.8857
711,43,3765,59.8961
712,126,3783,59.9291
713,215,3564,59.9066
714,170,3541,59.8922
715,48,3543,59.9114
716,13,3262,59.8357
717,146,3529,59.9105
718,29,3347,59.8705
719,16,3529,59.8758
720,16,3567,59.8467
721,65,3927,59.9076
722,143,4101,59.7913
723,52,3760,59.9184
724,56,3487,59.831
725,74,3853,59.8097
726,85,3608,59.9169
727,660,4240,59.8478
728,118,3509,59.8188
729,235,3869,59.9198
730,128,3962,59.8813
731,132,3597,59.9173
732,171,3996,59.8923
733,346,4182,59.8537
734,146,3776,59.8753
735,383,3898,59.8952
736,190,3621,59.9323
737,202,3629,59.9192
738,60,3553,59.9069
739,86,3656,59.9216
740,22,3228,59.8606
741,55,3852,59.849
742,154,3802,59.7895
743,182,4203,59.8408
744,123,3839,59.8388
745,197,3722,59.8901
746,103,3849,59.873
747,265,3875,59.8254
748,27,3887,59.9184
749,96,3717,59.9217
750,259,3309,59.8224
751,50,3488,59.8902
752,115,3644,59.8615
753,155,4010,59.7973
754,66,3324,59.8548
755,63,3436,59.8927
756,339,3380,59.8599
757,51,3805,59.8416
758,0,3360,59.7975
759,20,3542,59.9211
760,159,3435,59.8801
761,10,3568,59.8919
762,153,4047,59.8777
763,64,3499,59.9122
764,8,3570,59.8691
765,120,3514,59.8803
766,213,4218,59.845
767,220,3936,59.8613
768,116,4359,59.9034
769,72,3898,59.9112
770,0,3265,59.9095
771,154,3607,59.9261
772,84,3654,59.921
773,40,3239,59.8903
774,127,3335,59.8355
775,64,3790,59.9145
776,36,3265,59.9082
777,99,3573,59.8832
778,93,3389,59.935
779,379,3912,59.8942
780,135,4230,59.87
781,86,4209,59.9118
782,468,3537,59.8986
783,342,3589,59.8245
784,264,3661,59.9322
785,205,3682,59.8516
786,42,3741,59.8647
787,124,3354,59.9149
788,88,3363,59.8934
789,126,3822,59.9142
790,67,3683,59.9143
791,101,3362,59.868
792,126,4518,59.8422
793,155,3361,59.9128
794,90,3546,59.9305
795,18,3903,59.9265
796,54,3357,59.8897
797,156,3600,59.889
798,144,3403,59.8089
799,228,3796,59.9277
800,120,3661,59.9029
801,506,4076,59.8629
802,212,3824,59.8752
803,56,3288,59.9155
804,225,3857,59.7654
805,188,3966,59.8567
806,161,3605,59.9184
807,0,3328,59.8619
808,61,3960,59.926
809,153,3399,59.9177
810,406,3657,59.8152
811,48,3735,59.816
812,173,3306,59.9227
813,389,3680,59.7759
814,39,3458,59.9147
815,127,4160,59.8859
816,203,3494,59.8813
817,32,3828,59.8719
818,291,3786,59.9018
819,200,3854,59.878
820,376,4268,59.833
821,57,3848,59.8832
822,90,3537,59.9161
823,317,3591,59.8632
824,56,3461,59.8819
825,69,3812,59.696
826,0,3528,59.8761
827,161,3506,59.8594
828,95,4083,59.8812
829,134,3792,59.9208
830,251,3483,59.8661
831,51,3659,59.8169
832,242,3792,59.9145
833,282,3566,59.902
834,197,3777,59.91
835,82,3663,59.8842
836,48,3866,59.8695
837,215,4012,59.866
838,275,3750,59.8663
839,19,3273,59.8967
840,256,4001,59.9202
841,161,3662,59.8603
842,149,4110,59.89
843,258,4009,59.8895
844,32,3256,59.8923
845,130,3898,59.8955
846,296,3971,59.8407
847,15,3353,59.8722
848,88,3971,59.9142
849,108,3393,59.885
850,59,3712,59.8935
851,63,3679,59.9317
852,204,3423,59.887
853,95,3558,59.8673
854,51,3706,59.8542
855,182,3936,59.8422
856,243,4065,59.8632
857,96,3364,59.9268
858,183,4340,59.8723
859,80,3877,59.9164
860,48,3778,59.8988
861,242,3559,59.9229
862,179,3821,59.913
863,107,3150,59.8573
864,65,3800,59.8839
865,331,4229,59.918
866,159,3071,59.8904
867,180,3625,59.896
868,177,3927,59.8881
869,279,4034,59.8072
870,296,3638,59.817
871,124,3935,59.9099
872,159,3740,59.8767
873,139,4106,59.9095
874,343,3699,59.8485
875,122,3928,59.8665
876,68,3789,59.9163
877,373,4316,59.9083
878,76,3669,59.875
879,102,3506,59.821
880,21,3394,59.9151
881,442,3451,59.9341
882,18,3857,59.9004
883,356,4345,59.8609
884,89,3700,59.8752
885,135,3540,59.9162
886,318,3920,59.9202
887,162,3988,59.8758
888,132,3464,59.931
889,223,3444,59.8522
890,141,3226,59.9267
891,230,3638,59.8827
892,220,4076,59.8622
893,277,4327,59.8737
894,111,4037,59.9156
895,41,3983,59.8189
896,141,3569,59.8992
897,252,3793,59.8305
898,138,4276,59.8877
899,173,3408,59.9199
900,299,3665,59.8516
901,42,3330,59.9259
902,88,3729,59.867
903,86,3847,59.9102
904,125,3226,59.7513
905,153,3447,59.8855
906,74,3993,59.9155
907,7,3720,59.8054
908,47,4316,59.9171
909,168,3819,59.897
910,240,3853,59.8445
911,173,3790,59.7176
912,24,3244,59.8939
913,218,4012,59.9103
914,60,3586,59.7838
915,134,3840,59.8497
916,41,3522,59.8054
917,164,4079,59.9202
918,23,3396,59.9224
919,8,3427,59.8189
920,206,3632,59.8217
921,8,3788,59.8458
922,36,3467,59.7946
923,41,3821,59.8256
924,264,3698,59.8885
925,167,3782,59.926
926,176,3637,59.8969
927,217,3705,59.9186
928,112,4021,59.8438
929,229,3492,59.921
930,102,4188,59.8997
931,234,3700,59.8717
932,126,3554,59.8223
933,327,3948,59.8126
934,63,3799,59.9159
935,231,3474,59.8702
936,52,4067,59.8695
937,63,3968,59.9222
938,351,4248,59.8575
939,223,3769,59.9162
940,74,3718,59.8457
941,13,3751,59.869
942,65,3435,59.8359
943,57,3562,59.8988
944,715,4448,59.8266
945,107,3374,59.9346
946,111,3808,59.9252
947,84,3438,59.916
948,46,3475,59.7663
949,188,3915,59.7861
950,128,3564,59.8353
951,93,3569,59.8985
952,25,3808,59.835
953,49,3419,59.8777
954,232,3611,59.7892
955,82,3969,59.8539
956,56,3325,59.901
957,221,3362,59.9107
958,276,3362,59.7413
959,254,3218,59.8454
960,51,3314,59.9382
961,29,3154,59.8621
962,80,4063,59.8625
963,38,3248,59.8876
964,49,3577,59.741
965,121,3566,59.7041
966,175,3807,59.7854
967,311,4348,59.8007
968,52,3868,59.9213
969,73,3822,59.8836
970,68,3686,59.8106
971,73,2969,59.8867
972,223,4014,59.8485
973,467,3237,59.9384
974,76,3337,59.8838
975,73,3501,59.9077
976,87,3328,59.9308
977,14,3146,59.9044
978,158,3606,59.8568
979,47,3759,59.8037
980,364,4254,59.9155
981,168,3987,59.9067
982,230,3495,59.919
983,110,3420,59.9237
984,324,4151,59.9145
985,421,3852,59.9011
986,303,3731,59.9001
987,186,3663,59.9275
988,79,4090,59.9041
989,301,3633,59.922
990,260,4332,59.8621
991,105,3553,59.9241
992,86,3387,59.8813
993,107,3492,59.9175
994,42,3485,59.9122
995,107,3319,59.9153
996,366,3925,59.9018
997,181,3417,59.8802
998,56,3732,59.8383
999,168,3824,59.9177
