Run,PktDrops,d1PktServ,d2PktServ,d1IdleTime,d2IdleTime
0,141,2212,1724,59.9374,59.9466
1,231,2277,1807,59.814,59.8228
2,54,2056,1527,59.9601,59.9699
3,49,2193,1668,59.9588,59.9684
4,134,2300,1758,59.9486,59.9583
5,314,2240,1739,59.9552,59.9648
6,259,2283,1706,59.9031,59.9135
7,113,2103,1563,59.8526,59.8623
8,84,2228,1724,59.734,59.7431
9,4,1890,1364,59.9645,59.9742
10,17,2093,1568,59.8444,59.8538
11,26,1877,1367,59.9144,59.924
12,52,2125,1615,59.8812,59.8907
13,178,1927,1397,59.9221,59.9312
14,144,2084,1556,59.9423,59.9515
15,115,2109,1575,59.9599,59.9693
16,164,2009,1471,59.8553,59.8651
17,3,2019,1523,59.8284,59.8377
18,183,2082,1506,59.8649,59.8751
19,21,1978,1448,59.9083,59.9174
20,79,2085,1591,59.8691,59.8779
21,37,1928,1429,59.9341,59.9439
22,138,2219,1718,59.8189,59.828
23,166,2095,1546,59.9154,59.9255
24,332,2104,1620,59.9516,59.9603
25,179,2075,1548,59.9538,59.9632
26,418,2383,1844,59.9139,59.9237
27,152,1968,1438,59.9477,59.9572
28,159,2044,1586,59.96,59.9686
29,303,2264,1737,59.8968,59.906
30,338,2103,1607,59.8783,59.8872
31,49,2262,1779,59.9356,59.9445
32,88,1856,1319,59.9421,59.9517
33,105,2332,1776,59.9222,59.9323
34,132,1866,1341,59.9447,59.9544
35,36,2131,1544,59.866,59.8767
36,273,2346,1830,59.9443,59.9537
37,85,2098,1581,59.9194,59.9289
38,31,2280,1802,59.9177,59.927
39,235,2139,1598,59.8026,59.8122
40,195,2077,1576,59.8862,59.8955
41,131,2300,1761,59.9292,59.9396
42,128,2251,1748,59.895,59.9044
43,26,2084,1593,59.799,59.8083
44,233,2082,1556,59.8779,59.8875
45,26,1968,1449,59.8973,59.9068
46,20,2185,1694,59.9292,59.9381
47,99,1893,1367,59.9406,59.9504
48,44,2150,1584,59.8922,59.9025
49,161,1924,1429,59.9312,59.9401
50,69,2189,1632,59.8987,59.9084
51,131,1955,1468,59.8809,59.8901
52,384,2115,1581,59.9607,59.9706
53,50,2084,1560,59.8365,59.8461
54,149,2050,1539,59.9462,59.9552
55,125,2181,1731,59.9572,59.9662
56,111,2291,1793,59.9455,59.9542
57,220,2179,1656,59.7867,59.7959
58,222,2126,1613,59.8593,59.8692
59,115,1884,1383,59.9596,59.9692
60,104,2113,1607,59.9206,59.9295
61,7,1934,1426,59.9487,59.9581
62,163,2216,1680,59.9096,59.9196
63,36,2003,1494,59.7965,59.8062
64,204,1874,1377,59.9539,59.9631
65,314,2499,1952,59.9075,59.9177
66,50,1904,1357,59.8791,59.8891
67,17,2091,1586,59.8797,59.8888
68,109,1912,1361,59.9407,59.951
69,140,2044,1535,59.9538,59.9631
70,148,1958,1451,59.902,59.9113
71,86,1897,1371,59.9051,59.9147
72,67,2030,1467,59.9124,59.9225
73,170,2001,1490,59.9393,59.9489
74,236,2107,1601,59.9398,59.9491
75,200,2141,1670,59.9392,59.9478
76,147,2104,1597,59.8737,59.8828
77,161,2032,1528,59.8681,59.8775
78,289,2202,1711,59.8202,59.8295
79,70,1870,1346,59.9543,59.9638
80,0,1729,1232,59.869,59.8787
81,101,2089,1597,59.9286,59.9378
82,354,2221,1723,59.7767,59.7861
83,86,2080,1585,59.8582,59.8674
84,127,2092,1558,59.9461,59.956
85,161,2156,1668,59.952,59.961
86,5,2382,1884,59.9497,59.9587
87,126,1889,1411,59.8467,59.8556
88,154,2358,1831,59.9331,59.9429
89,316,2040,1546,59.884,59.8926
90,160,2248,1742,59.9149,59.9246
91,11,2073,1585,59.949,59.9586
92,14,2228,1656,59.9461,59.9569
93,18,2095,1595,59.9539,59.9631
94,127,2003,1505,59.9565,59.9653
95,220,2139,1610,59.937,59.9466
96,152,2385,1872,59.8432,59.8531
97,233,2363,1835,59.7686,59.7785
98,0,1853,1364,59.9421,59.9509
99,78,2001,1470,59.9542,59.9639
100,123,2085,1578,59.9511,59.9606
101,150,2040,1505,59.903,59.9125
102,271,1955,1411,59.9483,59.9586
103,2,1903,1361,59.9283,59.9382
104,23,2144,1607,59.8242,59.8341
105,282,1991,1458,59.888,59.8979
106,41,2122,1577,59.9551,59.9648
107,165,2382,1876,59.9443,59.9539
108,31,2188,1664,59.9472,59.9564
109,40,2051,1539,59.8725,59.8818
110,73,1960,1445,59.9454,59.9548
111,339,2260,1766,59.898,59.9073
112,168,2282,1829,59.8804,59.8895
113,187,2246,1752,59.9396,59.9491
114,94,1903,1350,59.9235,59.9334
115,186,2310,1756,59.9124,59.922
116,29,1923,1422,59.943,59.9525
117,72,2181,1709,59.8409,59.85
118,351,2114,1564,59.8635,59.8735
119,92,2038,1520,59.9479,59.9572
120,86,1974,1483,59.9481,59.9577
121,43,2082,1550,59.9546,59.9644
122,145,2181,1688,59.9063,59.9151
123,137,2036,1535,59.9324,59.9417
124,305,2046,1504,59.9371,59.947
125,286,2041,1508,59.9512,59.9608
126,67,2059,1513,59.8589,59.8685
127,163,2095,1578,59.9368,59.9462
128,45,1995,1439,59.924,59.9341
129,64,1962,1441,59.9486,59.9581
130,83,1980,1409,59.9519,59.962
131,122,2194,1731,59.8433,59.8523
132,4,1832,1302,59.947,59.9562
133,170,2359,1895,59.9162,59.9251
134,205,2367,1870,59.9168,59.9259
135,304,2114,1586,59.8863,59.896
136,156,1888,1379,59.8607,59.8702
137,111,1916,1405,59.9348,59.944
138,107,2252,1751,59.9394,59.9484
139,137,2283,1787,59.8716,59.8804
140,200,2073,1554,59.8697,59.8796
141,134,2314,1770,59.9119,59.9216
142,118,1919,1426,59.963,59.9717
143,51,2064,1536,59.893,59.9027
144,30,1955,1461,59.8897,59.8985
145,101,2195,1692,59.8449,59.854
146,418,2148,1653,59.8732,59.8822
147,175,2174,1685,59.9379,59.9475
148,307,2239,1726,59.9165,59.9256
149,127,2100,1557,59.9476,59.9568
150,97,2109,1596,59.8946,59.9039
151,216,2218,1748,59.943,59.9523
152,136,2337,1864,59.8483,59.8568
153,137,1844,1341,59.7565,59.7659
154,20,2332,1834,59.8929,59.9014
155,102,2059,1558,59.8138,59.8229
156,26,1995,1494,59.8993,59.9088
157,256,2064,1561,59.8996,59.9092
158,122,2172,1672,59.9049,59.9142
159,310,2261,1744,59.9117,59.9213
160,46,1905,1375,59.9639,59.9734
161,339,2037,1530,59.9305,59.9401
162,0,2016,1487,59.9421,59.9517
163,193,2164,1647,59.8748,59.8845
164,337,2152,1653,59.9036,59.9131
165,118,2127,1615,59.9363,59.9454
166,98,1873,1380,59.9277,59.9368
167,80,2148,1650,59.9232,59.9326
168,97,2076,1530,59.9266,59.9365
169,248,2122,1604,59.9196,59.9293
170,196,1972,1449,59.954,59.9636
171,33,2255,1720,59.9438,59.9535
172,257,2161,1666,59.8925,59.902
173,311,2406,1911,59.8828,59.8919
174,107,2056,1571,59.9059,59.9155
175,333,2098,1576,59.8581,59.8677
176,183,2319,1829,59.9094,59.9184
177,231,2215,1729,59.8461,59.855
178,43,2161,1653,59.9506,59.9597
179,29,1910,1444,59.9572,59.9662
180,49,2035,1534,59.9139,59.9234
181,77,2027,1530,59.9058,59.9149
182,188,2076,1589,59.8729,59.8819
183,272,2241,1733,59.9379,59.9471
184,75,2024,1519,59.8375,59.847
185,158,2159,1646,59.8918,59.9016
186,398,1970,1464,59.8907,59.8997
187,274,2068,1564,59.9573,59.9666
188,325,2338,1841,59.884,59.8935
189,9,2186,1692,59.8303,59.8398
190,117,1945,1417,59.9558,59.9654
191,10,2025,1494,59.9447,59.954
192,41,1902,1374,59.9182,59.9275
193,126,2158,1648,59.8617,59.871
194,26,1897,1384,59.7537,59.7634
195,267,2299,1763,59.8818,59.8915
196,278,2154,1686,59.8817,59.8904
197,205,2146,1630,59.8875,59.8968
198,283,2224,1710,59.9402,59.9495
199,89,2209,1714,59.9526,59.9619
200,133,2253,1753,59.9257,59.935
201,390,2113,1626,59.8799,59.8884
202,184,2151,1624,59.9513,59.9611
203,211,2088,1518,59.9463,59.9568
204,225,2247,1742,59.838,59.8472
205,175,2001,1474,59.9118,59.9212
206,88,2215,1674,59.9185,59.9279
207,116,2011,1502,59.9511,59.9601
208,9,2063,1561,59.9544,59.9634
209,283,2019,1502,59.9536,59.9632
210,207,2273,1779,59.7478,59.7567
211,356,2361,1841,59.9376,59.9471
212,219,2065,1579,59.9602,59.9693
213,232,2219,1750,59.9513,59.9601
214,262,2054,1526,59.8939,59.9037
215,329,2023,1543,59.909,59.9184
216,151,2183,1700,59.8357,59.8451
217,108,1838,1340,59.9089,59.9179
218,121,2167,1637,59.9514,59.9616
219,84,2253,1705,59.8596,59.8696
220,77,2047,1548,59.9331,59.9421
221,162,2000,1473,59.9241,59.9336
222,21,1914,1390,59.8321,59.8423
223,347,2046,1554,59.8281,59.8376
224,234,2049,1572,59.9463,59.9551
225,162,2244,1709,59.9585,59.9685
226,46,2036,1521,59.8568,59.8665
227,58,2085,1586,59.8271,59.8367
228,48,2019,1501,59.8897,59.8998
229,110,1873,1343,59.9502,59.9601
230,25,2112,1595,59.9429,59.9521
231,51,2236,1742,59.8483,59.8572
232,196,2104,1637,59.8565,59.8657
233,37,2091,1575,59.8644,59.8734
234,105,2009,1512,59.9126,59.9217
235,199,2072,1604,59.9158,59.9246
236,43,1992,1483,59.9245,59.9339
237,58,1882,1360,59.8531,59.8627
238,60,2071,1600,59.8177,59.827
239,108,2090,1583,59.9318,59.941
240,273,2190,1685,59.8881,59.8977
241,32,2136,1684,59.9423,59.9509
242,209,2312,1796,59.9283,59.9377
243,80,2272,1761,59.9399,59.9492
244,327,2219,1715,59.9468,59.9562
245,213,2065,1554,59.879,59.888
246,52,2276,1788,59.9066,59.9156
247,0,1983,1451,59.8992,59.9085
248,199,2125,1578,59.9474,59.9572
249,67,2143,1656,59.8177,59.8269
250,170,2125,1559,59.8997,59.9091
251,33,2042,1526,59.9424,59.9519
252,202,1964,1454,59.9138,59.9232
253,60,1890,1395,59.9389,59.9485
254,50,1931,1401,59.9461,59.9551
255,189,2131,1597,59.917,59.9264
256,151,2154,1604,59.9502,59.9601
257,94,1823,1295,59.9428,59.9526
258,50,1833,1289,59.9337,59.9436
259,185,2012,1470,59.9383,59.9485
260,253,2211,1704,59.9577,59.9671
261,131,2185,1716,59.937,59.9458
262,293,2026,1449,59.83,59.8404
263,147,2087,1592,59.9095,59.919
264,47,2262,1781,59.9487,59.9577
265,14,2055,1512,59.7543,59.764
266,38,2144,1622,59.9107,59.9202
267,210,2056,1537,59.9451,59.9545
268,13,2174,1648,59.9351,59.9453
269,388,2284,1780,59.9225,59.9318
270,49,1750,1264,59.9149,59.9242
271,258,1963,1417,59.9069,59.9171
272,317,2213,1686,59.8995,59.9087
273,16,2094,1563,59.9414,59.9509
274,192,2371,1895,59.8443,59.8531
275,111,1949,1435,59.853,59.8627
276,0,1819,1332,59.8939,59.9032
277,57,2024,1497,59.8968,59.9065
278,0,1956,1472,59.849,59.8583
279,135,1855,1324,59.959,59.9689
280,0,2055,1574,59.8808,59.8896
281,12,1995,1458,59.9403,59.9502
282,17,2212,1661,59.8653,59.8752
283,117,1969,1476,59.9272,59.9365
284,144,2096,1578,59.8453,59.8548
285,101,2049,1522,59.9418,59.9515
286,36,1912,1388,59.9346,59.9445
287,144,2198,1701,59.9267,59.9367
288,195,2080,1603,59.8676,59.8768
289,375,2274,1768,59.9007,59.9097
290,0,2120,1618,59.8381,59.8475
291,244,2364,1880,59.7777,59.7866
292,283,2079,1560,59.9559,59.965
293,35,2045,1525,59.9576,59.9669
294,186,2182,1656,59.9474,59.9569
295,246,2207,1727,59.8364,59.8451
296,210,2248,1720,59.937,59.9467
297,190,2146,1666,59.8623,59.8713
298,77,2281,1748,59.9346,59.9443
299,66,2133,1655,59.8684,59.8773
300,96,2126,1645,59.9491,59.9579
301,81,1977,1451,59.7855,59.7948
302,225,2237,1702,59.8962,59.9061
303,60,2241,1758,59.8708,59.8797
304,132,2009,1507,59.9305,59.9393
305,61,1905,1405,59.8911,59.9004
306,0,1945,1415,59.9504,59.9601
307,152,2038,1531,59.9239,59.9335
308,57,2243,1715,59.9025,59.9123
309,181,2228,1769,59.9477,59.9569
310,5,2074,1570,59.9056,59.9146
311,256,2279,1797,59.94,59.9494
312,97,1976,1496,59.9033,59.9122
313,167,2112,1634,59.8989,59.9079
314,121,2056,1583,59.9366,59.9454
315,58,2033,1471,59.8987,59.9087
316,133,2461,1917,59.9379,59.948
317,61,1985,1477,59.8915,59.9006
318,119,2330,1819,59.9175,59.9265
319,35,1945,1419,59.8963,59.9066
320,15,1830,1341,59.9584,59.9674
321,179,2249,1749,59.8243,59.8341
322,87,1919,1428,59.9192,59.9286
323,190,2011,1504,59.9282,59.938
324,71,1938,1467,59.8677,59.8767
325,94,1855,1345,59.9399,59.9491
326,38,2154,1629,59.8475,59.8572
327,114,1987,1499,59.9366,59.9457
328,94,2445,1911,59.8185,59.8283
329,323,2168,1631,59.8728,59.8823
330,86,2056,1519,59.9462,59.956
331,349,2271,1744,59.9187,59.9284
332,287,2169,1669,59.9531,59.9616
333,145,2249,1724,59.8466,59.8557
334,60,2244,1743,59.7625,59.7715
335,41,1943,1450,59.8862,59.8952
336,0,1851,1359,59.8826,59.8921
337,65,1978,1471,59.8737,59.883
338,347,2293,1763,59.9467,59.9563
339,72,2037,1541,59.9616,59.9713
340,66,2052,1511,59.8985,59.9077
341,181,2136,1645,59.9051,59.9139
342,116,2069,1558,59.9518,59.9614
343,77,1992,1454,59.9516,59.9614
344,256,2143,1655,59.9432,59.9521
345,125,2088,1578,59.9546,59.9639
346,205,2301,1821,59.9178,59.9266
347,186,2059,1551,59.9449,59.9542
348,128,1905,1385,59.9248,59.9345
349,67,2218,1652,59.9372,59.9474
350,229,2044,1542,59.7942,59.8035
351,208,2112,1587,59.8936,59.9029
352,103,2029,1518,59.9243,59.9341
353,34,2028,1513,59.9119,59.9215
354,258,2115,1617,59.9094,59.9185
355,241,2092,1615,59.8587,59.8678
356,37,1796,1284,59.942,59.9514
357,103,2015,1509,59.8907,59.9003
358,10,1904,1411,59.9518,59.9614
359,1,2047,1548,59.9567,59.9659
360,18,1995,1465,59.8714,59.8811
361,393,2269,1729,59.9327,59.9429
362,204,2251,1784,59.939,59.9478
363,49,2189,1711,59.8079,59.8173
364,159,2047,1529,59.9332,59.9426
365,160,2188,1696,59.7963,59.8055
366,109,2102,1619,59.948,59.9568
367,147,2214,1698,59.9421,59.9512
368,12,2133,1670,59.8409,59.8496
369,242,2106,1593,59.9563,59.9663
370,108,2145,1633,59.8816,59.8911
371,352,2279,1793,59.9318,59.9408
372,48,2109,1588,59.96,59.9692
373,68,2287,1750,59.9135,59.9236
374,103,2082,1555,59.9461,59.9557
375,100,2135,1606,59.9379,59.9475
376,188,2265,1729,59.8617,59.8715
377,61,2112,1660,59.9076,59.9159
378,100,2115,1624,59.8393,59.8488
379,119,1891,1391,59.9257,59.9342
380,251,2094,1581,59.9055,59.9153
381,270,2197,1671,59.8918,59.9014
382,52,2033,1550,59.9137,59.923
383,82,2009,1511,59.9372,59.9467
384,104,2229,1718,59.9404,59.95
385,111,2302,1803,59.9296,59.9384
386,352,2261,1769,59.8581,59.8674
387,47,1975,1442,59.9198,59.929
388,113,2109,1602,59.9381,59.9474
389,127,1831,1312,59.9178,59.9276
390,168,2022,1528,59.9217,59.931
391,298,2155,1649,59.9245,59.934
392,258,2146,1624,59.8989,59.9086
393,221,1968,1473,59.8417,59.8504
394,135,2165,1686,59.9237,59.9327
395,415,2078,1586,59.9511,59.96
396,71,1960,1467,59.9433,59.9524
397,55,1916,1420,59.946,59.9553
398,294,2316,1790,59.8809,59.8903
399,89,2112,1602,59.9528,59.9623
400,185,2215,1711,59.8941,59.9035
401,29,2300,1818,59.957,59.9658
402,27,2165,1662,59.9167,59.9259
403,146,2136,1667,59.8629,59.8717
404,52,2142,1649,59.9022,59.9109
405,78,2077,1518,59.9303,59.9405
406,306,2183,1666,59.955,59.9644
407,195,2128,1620,59.9131,59.9223
408,122,2179,1675,59.9134,59.9229
409,163,1884,1386,59.9293,59.9385
410,322,2251,1737,59.9581,59.967
411,47,2066,1568,59.8535,59.8627
412,68,2061,1555,59.9557,59.9649
413,87,2007,1541,59.9478,59.9565
414,147,2226,1762,59.8568,59.8654
415,149,2021,1483,59.908,59.9173
416,213,2252,1749,59.9375,59.9472
417,55,2066,1544,59.921,59.9307
418,81,2284,1788,59.9473,59.9568
419,165,2176,1684,59.9434,59.9524
420,134,2174,1699,59.9096,59.9186
421,133,2228,1683,59.9333,59.9434
422,109,2089,1591,59.8329,59.8422
423,573,2224,1722,59.911,59.9204
424,95,2212,1695,59.9028,59.9126
425,140,2260,1762,59.939,59.9483
426,155,2240,1739,59.9139,59.9233
427,181,2204,1690,59.9236,59.9332
428,23,1891,1405,59.8844,59.8935
429,94,2013,1478,59.9373,59.9473
430,223,1953,1486,59.8885,59.8976
431,136,2294,1813,59.9109,59.9199
432,144,2381,1861,59.9418,59.952
433,110,2474,1997,59.9335,59.9428
434,85,1864,1368,59.8825,59.8924
435,86,1979,1467,59.9598,59.9692
436,244,2107,1623,59.9103,59.9191
437,179,2132,1627,59.8905,59.9002
438,84,1892,1374,59.9348,59.9443
439,61,1765,1289,59.9366,59.9454
440,398,2184,1709,59.8532,59.8623
441,250,2325,1834,59.9216,59.9309
442,179,2000,1515,59.8999,59.909
443,171,1944,1478,59.9542,59.963
444,100,2223,1718,59.9548,59.964
445,133,2171,1652,59.937,59.9461
446,110,1988,1508,59.872,59.8811
447,294,2324,1822,59.9191,59.9281
448,63,2091,1614,59.945,59.9542
449,286,2112,1630,59.8495,59.8588
450,123,2047,1564,59.9511,59.9607
451,137,2287,1804,59.9517,59.9613
452,121,2120,1603,59.9249,59.9345
453,227,2088,1593,59.8472,59.8568
454,223,2213,1688,59.9419,59.9511
455,20,2015,1489,59.9444,59.9541
456,162,2182,1688,59.9547,59.9637
457,153,1944,1438,59.9451,59.9546
458,162,2090,1582,59.934,59.9435
459,146,2256,1731,59.8788,59.8888
460,48,2062,1552,59.9136,59.9229
461,262,2223,1680,59.8365,59.8467
462,141,2084,1554,59.929,59.9385
463,9,2239,1715,59.9459,59.9555
464,87,2222,1736,59.9426,59.9515
465,89,1936,1459,59.8788,59.8883
466,37,2071,1575,59.9268,59.9363
467,50,2007,1457,59.9081,59.9184
468,141,1984,1480,59.9116,59.9207
469,205,1974,1465,59.8025,59.8119
470,195,2246,1742,59.8928,59.9021
471,287,2130,1612,59.9349,59.9444
472,124,2123,1638,59.9399,59.9486
473,290,2248,1709,59.838,59.8482
474,88,2095,1602,59.9258,59.9353
475,207,1847,1323,59.9569,59.9667
476,34,2055,1551,59.8849,59.8939
477,36,1867,1387,59.9434,59.9527
478,56,1939,1450,59.8847,59.8941
479,120,2031,1547,59.9025,59.9116
480,132,2075,1582,59.8829,59.8919
481,79,2289,1791,59.9302,59.9395
482,10,2339,1830,59.954,59.9631
483,143,1927,1467,59.9546,59.9635
484,86,2166,1633,59.8484,59.8582
485,162,2035,1498,59.9258,59.9355
486,89,1823,1330,59.9634,59.9725
487,265,2133,1589,59.9128,59.923
488,338,2392,1898,59.9453,59.9546
489,166,2206,1706,59.9094,59.9189
490,34,2245,1744,59.9359,59.9452
491,524,2472,1970,59.8759,59.8853
492,5,2099,1602,59.8848,59.8943
493,172,2306,1793,59.9573,59.9669
494,164,2350,1778,59.9103,59.9202
495,141,2158,1671,59.9254,59.9346
496,86,2128,1582,59.9598,59.969
497,184,2265,1765,59.7895,59.7988
498,117,2018,1497,59.9118,59.9208
499,276,2091,1588,59.9565,59.9653
500,90,2033,1583,59.9604,59.9691
501,58,2008,1505,59.9468,59.9562
502,328,2094,1582,59.9457,59.9548
503,3,2088,1565,59.8843,59.8941
504,149,2037,1559,59.9471,59.9557
505,271,2559,2074,59.9294,59.9387
506,180,2229,1728,59.9378,59.947
507,129,2016,1488,59.9359,59.9457
508,207,2201,1660,59.9347,59.9446
509,72,1960,1473,59.8885,59.8973
510,332,2444,1916,59.9301,59.9397
511,46,2011,1488,59.8704,59.8801
512,40,2062,1531,59.8682,59.8778
513,110,2049,1522,59.8743,59.8841
514,57,2184,1664,59.8919,59.9014
515,152,2147,1662,59.9247,59.9338
516,109,1941,1439,59.9266,59.9354
517,52,2275,1785,59.9031,59.9121
518,113,2249,1711,59.954,59.964
519,158,2253,1752,59.9442,59.9536
520,92,2092,1615,59.8894,59.8988
521,160,2180,1717,59.8584,59.8669
522,60,2184,1701,59.9357,59.9447
523,72,1924,1393,59.8835,59.893
524,559,2246,1758,59.9408,59.9499
525,12,2165,1647,59.9152,59.9247
526,222,2154,1660,59.9367,59.946
527,156,2021,1566,59.9311,59.9399
528,70,2136,1598,59.8868,59.8967
529,386,2093,1601,59.8471,59.8558
530,277,2155,1618,59.9136,59.9231
531,133,2184,1636,59.9083,59.9184
532,228,2117,1644,59.7419,59.7507
533,156,2149,1603,59.9181,59.9282
534,55,2158,1692,59.8838,59.8924
535,101,1952,1471,59.8782,59.8871
536,365,2167,1676,59.912,59.9212
537,211,2344,1843,59.949,59.9579
538,185,2213,1746,59.8229,59.8311
539,276,2334,1837,59.9154,59.9249
540,91,2053,1525,59.9248,59.9345
541,111,1989,1472,59.9482,59.9581
542,98,1916,1437,59.9547,59.9637
543,121,2002,1483,59.8526,59.8621
544,270,1987,1513,59.8923,59.9011
545,251,2200,1672,59.9584,59.9677
546,12,1999,1504,59.7405,59.7495
547,189,2093,1594,59.9154,59.9248
548,184,2237,1708,59.9397,59.9496
549,131,2107,1608,59.946,59.956
550,24,2041,1539,59.9337,59.9433
551,32,1746,1237,59.9302,59.9396
552,60,2164,1694,59.9393,59.9483
553,3,1755,1240,59.9596,59.9692
554,74,1986,1477,59.9139,59.9233
555,431,2287,1783,59.8641,59.873
556,320,2195,1663,59.9085,59.9186
557,131,2256,1765,59.8867,59.8961
558,488,2190,1658,59.8321,59.8414
559,388,2246,1715,59.8771,59.8865
560,126,2134,1618,59.9437,59.9536
561,100,2165,1653,59.9445,59.954
562,72,2329,1788,59.8742,59.884
563,167,2103,1555,59.8721,59.8817
564,11,1960,1489,59.7972,59.8061
565,159,2312,1783,59.9539,59.9628
566,703,2193,1693,59.8796,59.8891
567,32,1891,1336,59.9557,59.9656
568,54,1971,1494,59.9127,59.9217
569,119,2316,1810,59.9517,59.9614
570,319,2549,2074,59.8246,59.8334
571,288,2349,1847,59.9431,59.9524
572,282,2182,1635,59.8941,59.9042
573,43,1867,1379,59.9215,59.931
574,39,2110,1580,59.9591,59.9687
575,108,2091,1606,59.9273,59.9364
576,28,1781,1290,59.8877,59.8966
577,30,2080,1581,59.9556,59.9652
578,100,2166,1701,59.9364,59.9457
579,84,2275,1786,59.9307,59.9398
580,36,2099,1585,59.9002,59.9098
581,1,2065,1572,59.9296,59.9389
582,77,2090,1560,59.9183,59.9285
583,0,2315,1778,59.9115,59.9212
584,287,2094,1548,59.9305,59.9407
585,106,2082,1573,59.9437,59.9535
586,35,2003,1501,59.9171,59.926
587,32,2102,1571,59.961,59.9707
588,12,2068,1534,59.899,59.9081
589,445,2169,1685,59.9265,59.9357
590,133,2356,1821,59.8938,59.9038
591,369,2253,1723,59.8827,59.8923
592,96,2069,1571,59.9373,59.9463
593,378,2107,1621,59.8634,59.8729
594,12,1820,1334,59.945,59.9539
595,112,2101,1579,59.9124,59.922
596,38,1870,1356,59.8441,59.8538
597,8,2003,1462,59.8589,59.8685
598,59,2040,1581,59.8366,59.8456
599,69,1937,1428,59.8679,59.8777
600,67,1995,1486,59.942,59.952
601,389,2427,1927,59.9017,59.9112
602,121,2142,1649,59.9182,59.9273
603,83,2220,1673,59.93,59.9399
604,272,2143,1638,59.8866,59.8961
605,135,2353,1836,59.9033,59.913
606,174,2080,1580,59.837,59.846
607,28,2051,1560,59.9016,59.9105
608,106,2039,1523,59.9378,59.9471
609,202,2119,1627,59.9514,59.961
610,62,2068,1603,59.8506,59.8596
611,96,2237,1761,59.9568,59.9651
612,113,2153,1614,59.9414,59.9509
613,0,1901,1383,59.9424,59.9513
614,167,2033,1540,59.962,59.9709
615,64,2145,1642,59.8088,59.8177
616,114,2303,1842,59.9232,59.9325
617,44,2364,1895,59.8944,59.9033
618,124,2066,1567,59.9523,59.9618
619,28,1945,1465,59.9286,59.9376
620,104,1960,1435,59.9159,59.9257
621,227,2140,1658,59.7651,59.7742
622,293,2421,1881,59.9194,59.929
623,167,1911,1347,59.9255,59.9357
624,330,2078,1552,59.923,59.9326
625,58,2163,1608,59.9361,59.946
626,84,2196,1655,59.9497,59.9594
627,155,1869,1321,59.8999,59.9099
628,25,2016,1510,59.8762,59.8857
629,17,2029,1545,59.9447,59.954
630,245,2352,1839,59.918,59.9278
631,67,1958,1452,59.9433,59.9524
632,33,1879,1384,59.8592,59.8681
633,352,2234,1745,59.8968,59.9056
634,38,1935,1440,59.9009,59.9099
635,304,2111,1583,59.81,59.8196
636,177,2243,1773,59.9289,59.9377
637,247,2133,1644,59.8969,59.9061
638,54,2172,1688,59.922,59.9315
639,133,2218,1692,59.954,59.9636
640,47,2077,1537,59.9281,59.9377
641,102,2240,1681,59.925,59.9348
642,249,2325,1813,59.8725,59.8817
643,24,1856,1329,59.9604,59.97
644,432,2051,1527,59.9253,59.9345
645,95,2058,1552,59.9064,59.9161
646,102,2225,1749,59.9341,59.9431
647,233,2108,1598,59.9595,59.9685
648,26,2091,1596,59.9551,59.9646
649,122,2216,1695,59.9161,59.9253
650,135,2120,1642,59.927,59.9361
651,48,1728,1244,59.9621,59.9715
652,38,2070,1557,59.838,59.8476
653,41,2107,1577,59.9416,59.9511
654,49,1920,1368,59.9607,59.9709
655,41,1982,1509,59.8897,59.8987
656,264,2123,1621,59.8641,59.8734
657,69,2214,1708,59.9427,59.9523
658,0,1985,1444,59.9512,59.9606
659,55,2019,1558,59.8695,59.8785
660,98,2335,1844,59.9362,59.9457
661,82,2240,1707,59.8564,59.8655
662,65,2089,1588,59.9537,59.9631
663,167,2301,1812,59.8325,59.8414
664,23,1978,1469,59.9563,59.9657
665,100,2121,1599,59.9094,59.9191
666,190,2051,1569,59.8941,59.9036
667,39,2040,1504,59.9376,59.9475
668,159,2006,1476,59.8933,59.9028
669,166,2212,1698,59.9582,59.9675
670,113,1949,1466,59.9429,59.952
671,156,2170,1672,59.8562,59.8651
672,102,2445,1917,59.9281,59.9376
673,332,2127,1659,59.9101,59.9189
674,228,2352,1863,59.9276,59.9372
675,327,2530,2030,59.934,59.9434
676,45,2250,1712,59.8576,59.8675
677,118,2132,1650,59.858,59.8669
678,22,1891,1411,59.9416,59.9504
679,132,2288,1772,59.8376,59.8472
680,150,2237,1744,59.9009,59.9102
681,152,1938,1432,59.9069,59.9168
682,106,2250,1755,59.7944,59.8033
683,295,2407,1892,59.9178,59.927
684,141,1969,1459,59.9575,59.9671
685,123,2026,1573,59.9479,59.9565
686,66,2588,2064,59.9352,59.9447
687,102,1982,1467,59.9383,59.9478
688,257,2146,1648,59.7625,59.7717
689,65,2033,1536,59.9231,59.9326
690,42,2152,1616,59.898,59.908
691,0,2030,1519,59.8967,59.9062
692,151,2089,1580,59.9171,59.9264
693,192,2280,1761,59.874,59.8831
694,408,2100,1634,59.9609,59.9698
695,88,2223,1729,59.9282,59.9375
696,199,2232,1751,59.9241,59.9331
697,236,2065,1577,59.7318,59.7411
698,285,2032,1562,59.8698,59.8787
699,169,1989,1454,59.8955,59.905
700,201,1925,1402,59.9623,59.9715
701,70,2374,1844,59.9414,59.9514
702,341,2316,1832,59.8305,59.8396
703,188,2213,1696,59.8774,59.8864
704,290,2488,1948,59.953,59.9629
705,33,1988,1468,59.9572,59.9669
706,123,1985,1465,59.9098,59.9196
707,486,2064,1588,59.958,59.9672
708,53,2041,1531,59.9141,59.9237
709,131,2059,1589,59.9481,59.9574
710,175,2409,1871,59.9027,59.9127
711,309,2211,1734,59.9353,59.9437
712,140,2296,1797,59.9566,59.965
713,191,2049,1540,59.937,59.9466
714,298,2071,1565,59.949,59.9582
715,94,2127,1607,59.875,59.8844
716,19,1934,1434,59.7926,59.8017
717,123,1999,1497,59.9501,59.9595
718,61,2307,1777,59.9076,59.9172
719,75,2070,1579,59.9382,59.9472
720,55,1881,1375,59.911,59.9199
721,76,2136,1655,59.8438,59.8527
722,32,2050,1484,59.9347,59.9445
723,173,1990,1489,59.8899,59.8989
724,444,2038,1533,59.9073,59.9164
725,154,2265,1708,59.9246,59.9348
726,86,2192,1682,59.9235,59.9328
727,53,2009,1533,59.9155,59.9241
728,53,2161,1690,59.9082,59.9169
729,215,2043,1539,59.8986,59.9075
730,103,2047,1546,59.9045,59.9141
731,10,1973,1474,59.909,59.918
732,206,1961,1463,59.9424,59.9514
733,299,2260,1748,59.9023,59.9119
734,218,2335,1814,59.953,59.9629
735,413,2385,1860,59.9074,59.9169
736,191,2195,1731,59.9431,59.952
737,128,1950,1421,59.8933,59.9031
738,32,2089,1575,59.9216,59.9315
739,145,2220,1709,59.9359,59.9453
740,125,1967,1434,59.8946,59.9047
741,263,2132,1623,59.9078,59.9171
742,236,2244,1775,59.8843,59.8932
743,142,1985,1474,59.824,59.8336
744,52,1993,1525,59.9575,59.9666
745,59,2186,1672,59.9338,59.9431
746,115,2147,1618,59.9359,59.9454
747,259,2052,1537,59.9057,59.9153
748,29,2061,1523,59.9499,59.9599
749,53,1571,1039,59.9183,59.9279
750,33,1970,1453,59.951,59.9606
751,176,2099,1594,59.9322,59.9413
752,83,2203,1689,59.9056,59.915
753,350,2150,1664,59.9036,59.9126
754,173,2030,1583,59.8687,59.8776
755,33,2054,1547,59.9307,59.9399
756,101,2101,1598,59.9496,59.9587
757,133,2104,1625,59.8351,59.8446
758,59,1932,1372,59.9525,59.9621
759,117,2290,1793,59.8859,59.895
760,324,2221,1718,59.854,59.8633
761,35,2082,1531,59.9356,59.9454
762,230,2272,1746,59.896,59.9057
763,21,2257,1739,59.8424,59.8515
764,233,1951,1402,59.9369,59.9473
765,118,2046,1505,59.9607,59.9706
766,16,2026,1509,59.9044,59.9138
767,276,2207,1713,59.9083,59.9178
768,75,2005,1504,59.8904,59.8998
769,33,1878,1407,59.9258,59.9346
770,216,2144,1578,59.8841,59.8941
771,213,2281,1743,59.878,59.8881
772,95,2141,1621,59.854,59.8634
773,113,2129,1617,59.9405,59.9499
774,116,2089,1592,59.9034,59.9124
775,62,2096,1611,59.815,59.8241
776,16,2140,1620,59.9373,59.9467
777,122,2294,1827,59.9089,59.9175
778,162,2165,1635,59.8232,59.8328
779,136,2093,1575,59.9613,59.9707
780,103,2038,1559,59.8464,59.8555
781,59,2138,1628,59.9065,59.9155
782,186,2119,1590,59.8392,59.8485
783,43,2071,1592,59.9359,59.9453
784,153,2078,1606,59.8866,59.8957
785,130,1876,1340,59.9637,59.9739
786,85,2138,1649,59.8746,59.8838
787,45,1905,1366,59.9565,59.9664
788,3,2019,1532,59.9271,59.936
789,301,2319,1777,59.9557,59.9651
790,25,1982,1443,59.8997,59.9096
791,83,2302,1795,59.8315,59.841
792,73,2374,1875,59.8944,59.903
793,97,2038,1571,59.9567,59.9655
794,108,2037,1530,59.9534,59.9626
795,250,2124,1611,59.956,59.9657
796,163,2070,1561,59.8453,59.8548
797,133,2017,1499,59.884,59.8937
798,4,2100,1611,59.7892,59.7984
799,124,2308,1737,59.947,59.9574
800,102,2171,1650,59.9064,59.9154
801,628,2318,1802,59.9288,59.938
802,139,2130,1616,59.8016,59.8109
803,74,2083,1572,59.9553,59.9649
804,126,1890,1396,59.9348,59.944
805,125,2273,1811,59.8978,59.9068
806,64,1950,1438,59.8977,59.9075
807,140,2199,1634,59.9121,59.9223
808,8,2146,1643,59.9573,59.9665
809,272,2286,1783,59.9353,59.9444
810,348,2445,1950,59.9446,59.9541
811,55,1984,1464,59.9318,59.941
812,199,2193,1709,59.8351,59.8441
813,174,2216,1713,59.9156,59.9246
814,43,1937,1393,59.9567,59.9663
815,125,2014,1495,59.821,59.8305
816,105,2304,1799,59.902,59.9115
817,91,2186,1713,59.9197,59.9287
818,482,2243,1705,59.9304,59.9403
819,359,2572,2109,59.9072,59.9157
820,216,2397,1870,59.9405,59.9498
821,107,1904,1427,59.8671,59.876
822,185,2131,1623,59.9519,59.9618
823,355,2273,1755,59.9509,59.9603
824,65,1929,1395,59.9389,59.9488
825,170,2130,1653,59.9308,59.9398
826,212,2369,1866,59.8858,59.895
827,441,2065,1609,59.9407,59.949
828,245,2284,1817,59.9178,59.9266
829,182,1885,1363,59.9519,59.9617
830,13,1883,1354,59.9569,59.9671
831,42,2127,1635,59.8795,59.8886
832,15,2051,1535,59.9589,59.9686
833,248,2167,1662,59.9178,59.927
834,352,2319,1794,59.9157,59.925
835,231,2007,1520,59.8973,59.9066
836,277,1980,1493,59.8199,59.8287
837,85,2127,1554,59.9234,59.9336
838,90,1976,1480,59.8973,59.9065
839,189,2019,1501,59.949,59.9584
840,60,2184,1647,59.88,59.8898
841,51,1930,1452,59.8953,59.9041
842,86,2030,1511,59.9042,59.9138
843,310,2102,1569,59.8997,59.9095
844,69,2427,1913,59.86,59.8697
845,109,1984,1496,59.8954,59.9044
846,123,1908,1427,59.849,59.8576
847,61,1842,1323,59.926,59.9356
848,155,2232,1739,59.9281,59.9373
849,3,1828,1319,59.9233,59.9328
850,102,2058,1540,59.8684,59.878
851,69,2288,1735,59.9467,59.9566
852,145,2299,1777,59.9505,59.9594
853,109,1949,1437,59.953,59.9625
854,149,2175,1686,59.9116,59.9205
855,247,2458,1998,59.8957,59.9046
856,19,1985,1458,59.949,59.9584
857,164,2022,1527,59.9409,59.95
858,119,2104,1597,59.945,59.9544
859,62,1822,1303,59.8112,59.8206
860,372,2343,1870,59.9334,59.9419
861,118,2131,1645,59.9449,59.9541
862,277,2261,1782,59.9507,59.9598
863,171,2245,1790,59.8939,59.9029
864,111,2011,1498,59.8675,59.8772
865,270,2268,1775,59.9124,59.9215
866,33,1997,1511,59.8609,59.8699
867,126,2080,1571,59.9548,59.9639
868,192,2200,1734,59.9298,59.938
869,161,2119,1630,59.8699,59.8788
870,127,2279,1769,59.8669,59.876
871,37,2169,1688,59.9509,59.9601
872,93,1802,1348,59.9529,59.9616
873,448,2249,1772,59.866,59.8748
874,124,2151,1638,59.9046,59.9143
875,93,2231,1713,59.7497,59.759
876,41,2033,1544,59.918,59.927
877,0,2018,1503,59.7939,59.8033
878,104,2152,1643,59.8023,59.8116
879,9,2014,1503,59.9356,59.9454
880,56,2106,1541,59.926,59.9362
881,365,1960,1432,59.9372,59.9463
882,436,2164,1653,59.9147,59.9244
883,44,1876,1346,59.9358,59.9454
884,36,2184,1707,59.7884,59.7974
885,173,2096,1574,59.8634,59.873
886,40,1954,1406,59.9541,59.9639
887,397,2242,1759,59.8125,59.8214
888,223,1925,1427,59.9305,59.9399
889,335,2126,1663,59.9316,59.9405
890,78,2138,1639,59.9347,59.9445
891,7,2067,1552,59.847,59.856
892,157,2166,1652,59.9574,59.967
893,101,2331,1819,59.887,59.8968
894,126,2397,1870,59.9084,59.918
895,102,2004,1516,59.9126,59.9217
896,144,2209,1694,59.945,59.9546
897,354,2082,1551,59.953,59.9627
898,120,1845,1326,59.9022,59.9117
899,2,1803,1345,59.8887,59.8977
900,187,2344,1860,59.9448,59.9539
901,214,2189,1689,59.9268,59.9361
902,356,1924,1410,59.9307,59.9402
903,274,2022,1541,59.8947,59.9039
904,29,1835,1344,59.9175,59.9272
905,58,1962,1459,59.9524,59.9616
906,313,2062,1525,59.8827,59.8928
907,34,2182,1678,59.9563,59.9657
908,64,2031,1544,59.9528,59.9621
909,356,2571,2061,59.9219,59.9313
910,253,2314,1809,59.9413,59.9507
911,223,2020,1505,59.883,59.8923
912,194,1950,1403,59.957,59.9669
913,221,2157,1670,59.9437,59.9528
914,181,2156,1667,59.9406,59.9501
915,129,1939,1454,59.9246,59.9343
916,7,1950,1451,59.9611,59.9704
917,0,2068,1580,59.9604,59.9693
918,99,2191,1631,59.8792,59.8888
919,121,2188,1639,59.9421,59.9524
920,77,2068,1575,59.8597,59.8688
921,212,2053,1549,59.8591,59.8684
922,268,2224,1711,59.8567,59.8661
923,215,2173,1654,59.9445,59.9544
924,42,2100,1580,59.9277,59.937
925,422,2170,1646,59.872,59.8815
926,14,1900,1425,59.9636,59.9725
927,161,2084,1588,59.953,59.9622
928,148,2096,1602,59.8658,59.875
929,584,2358,1798,59.9558,59.9655
930,114,2081,1618,59.9328,59.9416
931,164,2206,1749,59.9281,59.9371
932,110,2346,1806,59.8904,59.9008
933,54,2090,1551,59.7484,59.758
934,49,2095,1611,59.9575,59.967
935,241,2037,1555,59.9206,59.9292
936,210,2382,1888,59.8752,59.8846
937,52,2045,1532,59.9287,59.938
938,84,1953,1452,59.9537,59.9628
939,112,1956,1472,59.958,59.9665
940,344,2317,1775,59.9564,59.9664
941,38,2337,1797,59.9509,59.9607
942,144,2193,1648,59.959,59.9689
943,84,2303,1798,59.9367,59.9461
944,0,1881,1389,59.9042,59.9136
945,64,2184,1660,59.9569,59.9668
946,66,2022,1547,59.9434,59.9527
947,184,1896,1403,59.9446,59.9541
948,195,2157,1636,59.9584,59.9681
949,235,2308,1785,59.8944,59.9042
950,308,2170,1652,59.9436,59.9532
951,350,2283,1792,59.808,59.8171
952,179,2164,1659,59.9574,59.9665
953,388,2008,1472,59.7453,59.7552
954,216,1994,1505,59.822,59.8313
955,227,1932,1438,59.7237,59.733
956,111,2253,1812,59.9287,59.9374
957,50,1809,1264,59.8854,59.8949
958,75,2155,1644,59.9365,59.9462
959,0,1826,1329,59.9384,59.9475
960,82,1994,1514,59.9427,59.952
961,315,2276,1767,59.7877,59.797
962,151,1937,1471,59.8249,59.8334
963,258,2341,1835,59.9561,59.9653
964,46,1943,1409,59.9349,59.9442
965,150,2164,1657,59.9336,59.943
966,4,1992,1484,59.8813,59.8909
967,51,2081,1548,59.9249,59.9339
968,371,2284,1752,59.9431,59.9524
969,270,1949,1483,59.8921,59.9014
970,96,1964,1433,59.9466,59.9563
971,75,2020,1532,59.8913,59.9004
972,369,2242,1716,59.8559,59.8653
973,91,2064,1557,59.9323,59.9418
974,76,2012,1510,59.931,59.94
975,225,2133,1643,59.941,59.9498
976,246,2045,1513,59.9018,59.9116
977,167,1998,1507,59.9326,59.942
978,93,1992,1478,59.9178,59.9273
979,103,2085,1566,59.912,59.9212
980,78,1945,1429,59.906,59.9156
981,0,2026,1572,59.8962,59.9048
982,109,2198,1674,59.9127,59.9218
983,162,2119,1649,59.812,59.8206
984,114,2082,1615,59.7873,59.7962
985,378,2140,1615,59.9236,59.9328
986,159,1801,1311,59.9085,59.9178
987,26,1855,1324,59.8446,59.8543
988,106,1905,1409,59.9318,59.941
989,31,2083,1564,59.9414,59.951
990,310,2035,1505,59.8376,59.8469
991,237,2330,1829,59.9312,59.9402
992,45,1846,1355,59.9372,59.9463
993,214,2172,1669,59.9338,59.9429
994,120,1835,1302,59.8701,59.8797
995,224,2136,1621,59.8512,59.8605
996,132,2184,1672,59.934,59.9437
997,2,2028,1515,59.8919,59.9014
998,111,1881,1387,59.9229,59.9323
999,81,2171,1688,59.9241,59.9331
