Run,PktDrops,d1PktServ,d2PktServ,d1IdleTime,d2IdleTime
0,161,2395,1876,59.872,59.8815
1,212,2106,1570,59.9249,59.9346
2,242,2240,1729,59.9497,59.9589
3,18,2171,1648,59.826,59.8363
4,214,2232,1730,59.7396,59.7486
5,207,1988,1489,59.8148,59.824
6,297,2146,1674,59.959,59.9676
7,223,2185,1681,59.9236,59.9333
8,119,2195,1694,59.9326,59.9419
9,87,2264,1726,59.9157,59.9252
10,338,2357,1804,59.8609,59.8708
11,98,2101,1598,59.9366,59.9455
12,40,1847,1333,59.9008,59.9107
13,125,1993,1483,59.8195,59.8289
14,70,2428,1976,59.8739,59.8825
15,285,2457,1915,59.9426,59.9525
16,57,2035,1531,59.8811,59.8911
17,119,2120,1624,59.832,59.8412
18,275,2313,1759,59.8625,59.8724
19,172,2267,1783,59.9187,59.9282
20,148,2209,1702,59.9057,59.9147
21,100,2280,1776,59.936,59.9454
22,207,1988,1475,59.9196,59.929
23,210,2010,1504,59.9013,59.9104
24,92,1881,1389,59.9431,59.952
25,105,2181,1689,59.9277,59.937
26,74,2095,1641,59.9454,59.954
27,145,2177,1691,59.9183,59.9273
28,128,2085,1642,59.8834,59.892
29,32,2098,1614,59.9481,59.9577
30,21,2095,1591,59.9321,59.9416
31,236,2050,1552,59.8401,59.8493
32,169,2413,1871,59.884,59.8938
33,0,2006,1495,59.9332,59.9426
34,65,2017,1530,59.8904,59.8992
35,70,2084,1576,59.9298,59.939
36,79,2048,1583,59.8921,59.9006
37,504,2427,1929,59.9386,59.948
38,106,2075,1608,59.9596,59.9686
39,139,1921,1407,59.9387,59.9487
40,173,2025,1523,59.8299,59.839
41,130,1970,1468,59.9202,59.9293
42,204,2060,1547,59.8937,59.9033
43,117,1972,1505,59.8008,59.8096
44,136,2305,1754,59.9273,59.937
45,230,2295,1809,59.9302,59.9396
46,29,2110,1640,59.9407,59.9496
47,125,2188,1666,59.8997,59.9095
48,48,2038,1510,59.9463,59.9559
49,75,1977,1503,59.9266,59.9359
50,89,1966,1455,59.9517,59.9609
51,77,2327,1883,59.9029,59.9115
52,85,2014,1496,59.8133,59.8229
53,27,1889,1392,59.9203,59.9297
54,120,2123,1641,59.8803,59.8895
55,165,2022,1527,59.9341,59.9435
56,165,2038,1530,59.8961,59.9053
57,9,1969,1456,59.8625,59.8719
58,192,1859,1339,59.958,59.9678
59,21,1883,1337,59.9142,59.9239
60,266,1995,1507,59.9492,59.9587
61,97,1977,1453,59.9432,59.9525
62,136,2239,1712,59.9059,59.9152
63,0,1977,1480,59.9541,59.9637
64,145,1998,1533,59.8887,59.8976
65,417,1920,1412,59.8542,59.8637
66,127,2228,1701,59.9118,59.9212
67,0,2279,1779,59.9564,59.9654
68,127,1860,1355,59.8156,59.8248
69,112,2024,1568,59.9388,59.948
70,81,1886,1412,59.8501,59.859
71,270,2431,1958,59.9472,59.9557
72,120,1843,1338,59.8964,59.9058
73,311,2134,1609,59.9077,59.9175
74,286,2138,1602,59.899,59.9083
75,292,2300,1774,59.8939,59.9034
76,156,2136,1604,59.934,59.9435
77,19,1953,1439,59.9537,59.9631
78,397,2034,1541,59.8963,59.9053
79,15,2140,1618,59.9454,59.9547
80,97,2143,1627,59.9056,59.9153
81,130,2036,1514,59.9613,59.9708
82,36,1877,1394,59.9495,59.9584
83,102,2151,1676,59.8942,59.9035
84,6,2218,1694,59.8252,59.8348
85,197,2137,1655,59.9465,59.9558
86,83,1929,1430,59.9489,59.9582
87,143,2115,1608,59.9213,59.9306
88,1,2001,1478,59.9379,59.9473
89,123,2328,1851,59.9368,59.9457
90,96,2153,1652,59.9171,59.9267
91,277,1971,1478,59.8667,59.8755
92,424,2145,1652,59.9449,59.9537
93,87,2025,1512,59.846,59.8554
94,149,1932,1393,59.9439,59.9536
95,380,2130,1616,59.9129,59.9226
96,60,2118,1650,59.9564,59.9652
97,183,2152,1645,59.8403,59.8498
98,217,2071,1546,59.8932,59.9028
99,54,2109,1594,59.9214,59.9311
100,118,1967,1451,59.9241,59.9335
101,50,2086,1594,59.8955,59.9047
102,194,2106,1604,59.9597,59.9693
103,188,1898,1394,59.8812,59.8904
104,57,2110,1601,59.9073,59.9165
105,91,2124,1591,59.9524,59.9623
106,40,2041,1551,59.8595,59.8688
107,41,2078,1576,59.7725,59.7817
108,306,2161,1659,59.9166,59.9261
109,202,1842,1339,59.786,59.7953
110,155,2232,1758,59.7037,59.7131
111,236,2132,1621,59.8228,59.8324
112,62,2021,1535,59.9161,59.9254
113,83,2162,1639,59.7524,59.7616
114,210,2126,1666,59.8736,59.8818
115,173,2184,1665,59.8766,59.8862
116,343,1940,1453,59.8638,59.8728
117,275,2024,1524,59.8872,59.8967
118,222,1797,1255,59.9126,59.9228
119,169,2060,1534,59.7616,59.7713
120,76,2196,1728,59.8689,59.8776
121,35,2063,1574,59.8826,59.8917
122,357,2138,1607,59.8742,59.8835
123,120,2194,1712,59.8888,59.8981
124,190,2105,1620,59.8831,59.892
125,109,1856,1402,59.9306,59.9391
126,365,2400,1883,59.9195,59.9291
127,137,2174,1647,59.8555,59.8651
128,107,1889,1429,59.9329,59.9413
129,90,2164,1639,59.8584,59.868
130,67,2042,1563,59.8783,59.8874
131,157,2207,1728,59.9218,59.9309
132,2,2165,1704,59.8232,59.8317
133,145,2474,1977,59.9157,59.9255
134,183,2086,1553,59.8196,59.8293
135,221,2070,1580,59.8859,59.895
136,255,2203,1700,59.8321,59.8416
137,301,2351,1849,59.9515,59.9607
138,47,1947,1423,59.8582,59.8676
139,24,2028,1488,59.9488,59.9591
140,70,2095,1571,59.8812,59.8905
141,395,2402,1888,59.8047,59.8142
142,17,2117,1605,59.9409,59.9502
143,178,2172,1704,59.947,59.9558
144,246,2056,1586,59.9309,59.9401
145,111,2041,1525,59.8419,59.8514
146,161,2370,1883,59.8519,59.8613
147,0,2031,1546,59.9509,59.9603
148,142,1969,1462,59.9541,59.9638
149,0,2192,1713,59.9167,59.9255
150,47,2110,1582,59.8336,59.8433
151,0,1651,1144,59.9401,59.9493
152,133,2029,1469,59.933,59.9428
153,44,2105,1611,59.9366,59.9457
154,89,2049,1561,59.8959,59.905
155,126,2003,1478,59.8217,59.831
156,103,2036,1516,59.855,59.8645
157,20,1885,1401,59.9106,59.9196
158,142,2305,1787,59.9553,59.9648
159,85,2099,1538,59.9228,59.9332
160,203,2118,1637,59.8153,59.8241
161,256,2202,1700,59.9512,59.9607
162,342,2175,1675,59.9103,59.9195
163,147,2191,1702,59.9357,59.945
164,220,2264,1712,59.9293,59.9392
165,391,2066,1547,59.9429,59.9523
166,0,1933,1419,59.9363,59.9458
167,221,2258,1746,59.8878,59.8971
168,6,2039,1554,59.9611,59.9707
169,138,1994,1512,59.9361,59.9453
170,127,2040,1561,59.9027,59.9117
171,269,2171,1645,59.8852,59.8948
172,0,2096,1569,59.8708,59.8804
173,28,1930,1414,59.925,59.9344
174,597,2334,1817,59.9497,59.959
175,58,2196,1648,59.9207,59.931
176,49,2066,1512,59.8514,59.8608
177,210,2201,1671,59.9357,59.9451
178,134,2052,1562,59.803,59.8118
179,252,2191,1698,59.8885,59.8975
180,146,2220,1685,59.8892,59.8983
181,119,2160,1647,59.9516,59.9614
182,348,2333,1812,59.8554,59.8652
183,135,1807,1333,59.9085,59.9179
184,62,2022,1509,59.9484,59.9582
185,15,2081,1544,59.9221,59.9317
186,4,2160,1644,59.9229,59.9323
187,64,2056,1583,59.9033,59.912
188,266,2167,1633,59.913,59.9228
189,160,2116,1603,59.9176,59.9271
190,300,1878,1424,59.9649,59.9739
191,92,2005,1525,59.8534,59.862
192,120,2066,1549,59.9451,59.9547
193,300,2279,1768,59.9496,59.9592
194,153,2301,1743,59.9492,59.9589
195,446,2322,1841,59.8425,59.8518
196,226,2131,1620,59.8501,59.8593
197,170,2250,1751,59.9465,59.9557
198,35,2140,1634,59.9054,59.9146
199,185,2142,1629,59.9267,59.9359
200,79,2047,1529,59.9023,59.912
201,174,2371,1913,59.911,59.9192
202,140,2114,1616,59.934,59.9433
203,389,2086,1588,59.9183,59.9273
204,248,2061,1587,59.8767,59.8857
205,162,2056,1506,59.932,59.9418
206,250,2131,1632,59.8404,59.8498
207,60,1856,1346,59.918,59.9275
208,0,1836,1322,59.9376,59.9472
209,4,1935,1431,59.8711,59.8804
210,87,2296,1809,59.9211,59.93
211,140,1868,1342,59.837,59.8465
212,162,2299,1782,59.9556,59.9647
213,154,2094,1659,59.915,59.9234
214,244,2271,1735,59.9266,59.9364
215,50,1976,1475,59.8045,59.8137
216,46,1861,1402,59.9323,59.9407
217,89,1991,1473,59.9096,59.9186
218,245,2241,1738,59.7911,59.8004
219,131,1897,1384,59.9412,59.9506
220,42,1765,1274,59.723,59.732
221,54,2067,1568,59.8897,59.8991
222,34,2223,1704,59.9121,59.9218
223,364,2102,1582,59.9157,59.9251
224,262,2124,1619,59.8908,59.9001
225,338,2124,1591,59.9488,59.9591
226,212,2243,1712,59.9271,59.9368
227,109,2220,1728,59.9189,59.928
228,77,2168,1660,59.9521,59.9612
229,99,2207,1711,59.8523,59.8613
230,395,2192,1689,59.8782,59.888
231,121,2294,1814,59.9159,59.9249
232,90,2193,1702,59.9495,59.959
233,27,2078,1544,59.9357,59.945
234,35,2149,1640,59.9576,59.9674
235,76,1906,1358,59.8915,59.9015
236,31,1998,1491,59.941,59.9502
237,14,2131,1663,59.9494,59.9583
238,101,2260,1759,59.8988,59.9076
239,206,2074,1547,59.9512,59.9608
240,115,1771,1281,59.9449,59.9541
241,97,1987,1525,59.9307,59.9401
242,143,2143,1635,59.8955,59.9054
243,587,2140,1585,59.9327,59.9426
244,174,2009,1495,59.9046,59.9139
245,225,2406,1884,59.9334,59.9431
246,42,1795,1295,59.9249,59.9347
247,165,2088,1571,59.857,59.8666
248,51,2012,1502,59.9144,59.9234
249,64,2091,1549,59.9377,59.9477
250,74,2253,1733,59.9312,59.9407
251,63,2144,1642,59.9434,59.9524
252,212,2459,1924,59.8876,59.8968
253,233,2360,1872,59.7871,59.796
254,127,2321,1821,59.9033,59.9129
255,88,2367,1837,59.9093,59.9187
256,360,2165,1629,59.9437,59.9539
257,288,1922,1398,59.937,59.9465
258,122,2027,1516,59.9555,59.9647
259,315,1872,1380,59.9635,59.9727
260,128,2086,1577,59.9229,59.9321
261,129,2316,1814,59.8246,59.8336
262,289,2131,1607,59.9153,59.9248
263,33,1964,1489,59.9089,59.9178
264,92,2360,1823,59.8867,59.8962
265,32,2061,1535,59.933,59.9425
266,74,2109,1615,59.9476,59.9564
267,591,2651,2144,59.8927,59.9019
268,128,2139,1600,59.9298,59.9394
269,77,1895,1384,59.8487,59.8584
270,0,2029,1489,59.8532,59.8637
271,41,2160,1654,59.9125,59.922
272,137,1950,1463,59.9154,59.9247
273,65,1972,1460,59.8594,59.8688
274,132,2057,1597,59.9288,59.9379
275,42,2314,1778,59.9461,59.9559
276,509,2052,1519,59.8689,59.8788
277,13,2319,1819,59.9095,59.9188
278,199,2005,1481,59.9296,59.9391
279,171,2233,1742,59.9514,59.9608
280,167,2053,1550,59.9306,59.9393
281,157,1965,1431,59.8298,59.8398
282,131,1964,1431,59.9504,59.9604
283,42,1883,1392,59.7869,59.7961
284,98,2162,1693,59.8945,59.9033
285,58,1970,1453,59.8887,59.8979
286,172,2052,1533,59.9563,59.9659
287,76,2276,1697,59.9399,59.95
288,6,2143,1642,59.793,59.8025
289,356,1937,1423,59.8543,59.8639
290,100,1818,1286,59.926,59.9358
291,64,2071,1543,59.8919,59.9016
292,161,2256,1719,59.9498,59.9593
293,93,1909,1387,59.7793,59.7887
294,2,2048,1575,59.8755,59.8843
295,93,2145,1634,59.9584,59.9679
296,126,1805,1279,59.9346,59.9442
297,161,2271,1772,59.946,59.9552
298,85,1852,1346,59.8985,59.9079
299,145,1853,1363,59.9448,59.954
300,192,2403,1924,59.9384,59.9477
301,66,2034,1550,59.9586,59.9677
302,80,2278,1781,59.9575,59.9669
303,237,2139,1627,59.9327,59.9425
304,198,2468,1934,59.7435,59.7526
305,56,2022,1511,59.9572,59.9662
306,424,2441,1942,59.8668,59.876
307,10,2040,1505,59.9534,59.9631
308,165,2061,1538,59.8922,59.9024
309,167,2091,1574,59.8709,59.8805
310,78,1930,1447,59.9538,59.9629
311,53,2306,1830,59.884,59.8931
312,240,1893,1383,59.958,59.9671
313,322,2133,1599,59.8567,59.8659
314,399,2235,1737,59.9544,59.9639
315,0,1881,1373,59.895,59.9041
316,16,2034,1493,59.9119,59.9213
317,25,1937,1437,59.9488,59.9581
318,69,2015,1529,59.9009,59.9103
319,212,2059,1507,59.9523,59.962
320,56,2010,1490,59.9573,59.9668
321,87,2205,1696,59.8863,59.8958
322,80,2157,1636,59.8966,59.906
323,129,1862,1372,59.9096,59.9187
324,52,2127,1601,59.9238,59.9332
325,64,2045,1549,59.8753,59.8845
326,131,2568,2061,59.8661,59.8756
327,184,2074,1543,59.9183,59.9281
328,212,2007,1502,59.8982,59.9079
329,306,2194,1678,59.9275,59.9365
330,178,2120,1582,59.9596,59.9695
331,96,1967,1447,59.9542,59.9638
332,269,2364,1864,59.9117,59.9207
333,0,2133,1606,59.9003,59.91
334,229,2273,1798,59.9115,59.9203
335,264,2400,1895,59.9368,59.9467
336,135,2148,1662,59.8855,59.8945
337,64,1911,1352,59.8066,59.8168
338,38,2079,1578,59.8809,59.8899
339,76,2037,1512,59.9588,59.9684
340,81,2190,1650,59.8421,59.8522
341,65,2066,1542,59.9204,59.9301
342,12,2140,1634,59.8284,59.8376
343,458,2176,1662,59.9497,59.9589
344,60,1992,1525,59.9086,59.9176
345,4,2139,1654,59.9044,59.9135
346,237,2257,1774,59.8799,59.8886
347,0,2106,1606,59.8112,59.8207
348,203,2037,1524,59.9015,59.9108
349,270,2258,1755,59.9248,59.9341
350,278,2100,1611,59.9448,59.9542
351,152,2162,1649,59.9196,59.929
352,74,1950,1446,59.8055,59.8146
353,10,1902,1435,59.9148,59.9235
354,109,2255,1720,59.922,59.9317
355,108,2102,1565,59.9331,59.9426
356,182,2034,1552,59.8157,59.8246
357,189,2025,1531,59.8357,59.8452
358,310,2266,1769,59.9438,59.9529
359,106,2099,1635,59.8632,59.8725
360,479,2146,1675,59.9526,59.9618
361,333,2247,1749,59.9373,59.9463
362,73,1841,1300,59.9556,59.9655
363,304,2284,1754,59.9571,59.9664
364,76,2074,1570,59.9581,59.9677
365,376,1966,1486,59.9426,59.952
366,48,1901,1410,59.9434,59.9525
367,82,2137,1673,59.8459,59.8549
368,252,2150,1613,59.9109,59.9204
369,42,2117,1589,59.9489,59.9585
370,29,1890,1367,59.946,59.9555
371,40,2037,1512,59.9343,59.944
372,1,2110,1614,59.863,59.8718
373,67,1899,1423,59.852,59.8606
374,18,2038,1541,59.8977,59.9066
375,34,2108,1608,59.8824,59.8914
376,512,2391,1895,59.9135,59.923
377,177,2172,1716,59.9433,59.9519
378,256,2383,1863,59.8785,59.8881
379,222,2072,1549,59.8299,59.8397
380,152,2079,1566,59.9276,59.9371
381,360,2097,1622,59.9431,59.952
382,131,2373,1879,59.9491,59.9583
383,316,2348,1817,59.9534,59.9629
384,84,2022,1518,59.8474,59.8566
385,76,2213,1718,59.9573,59.9668
386,87,2440,1960,59.8259,59.8349
387,297,1828,1282,59.9521,59.9618
388,91,1898,1351,59.9293,59.939
389,101,2119,1626,59.8421,59.8517
390,54,2139,1604,59.8714,59.881
391,142,2188,1657,59.7929,59.8031
392,231,2057,1510,59.8916,59.9018
393,206,2328,1800,59.9549,59.9643
394,105,2266,1747,59.9551,59.9645
395,149,2266,1815,59.9392,59.9482
396,175,2006,1551,59.8336,59.842
397,129,2366,1856,59.8476,59.8565
398,171,1838,1319,59.8537,59.8633
399,192,2020,1542,59.937,59.946
400,23,2089,1613,59.952,59.9612
401,365,2161,1693,59.9318,59.9415
402,358,2116,1605,59.9453,59.9545
403,63,2156,1630,59.8975,59.9072
404,212,2282,1770,59.9038,59.9131
405,92,1972,1471,59.8385,59.8477
406,117,2129,1655,59.9008,59.9102
407,101,2242,1800,59.9082,59.9171
408,154,1912,1392,59.9135,59.9234
409,107,2303,1762,59.9476,59.9569
410,202,2028,1498,59.9453,59.9549
411,157,2134,1624,59.8792,59.8885
412,348,2049,1514,59.8842,59.8944
413,39,1995,1505,59.9379,59.9472
414,158,2087,1595,59.9493,59.9584
415,147,2172,1692,59.9519,59.9605
416,112,2225,1693,59.9283,59.9382
417,94,2046,1558,59.9594,59.9685
418,102,2193,1711,59.9298,59.9391
419,212,2152,1638,59.9137,59.923
420,90,2092,1595,59.9263,59.9355
421,108,2338,1845,59.7532,59.7624
422,120,2154,1636,59.909,59.919
423,133,2001,1554,59.8929,59.9014
424,195,2210,1672,59.9551,59.9649
425,165,2308,1813,59.8445,59.8539
426,218,2411,1888,59.9539,59.9636
427,70,2393,1847,59.9431,59.9534
428,108,2098,1612,59.9346,59.9438
429,0,1794,1275,59.9512,59.9608
430,46,1842,1328,59.9202,59.9297
431,36,2132,1647,59.7535,59.7622
432,66,1978,1457,59.9601,59.9696
433,118,2072,1554,59.9159,59.9257
434,91,2214,1712,59.9354,59.9447
435,167,2115,1606,59.9163,59.9256
436,294,2007,1503,59.9415,59.9505
437,121,2013,1555,59.8976,59.9065
438,80,2089,1603,59.9242,59.9333
439,26,1899,1410,59.9629,59.9721
440,115,2264,1765,59.9386,59.9485
441,247,2308,1806,59.9242,59.9333
442,99,2142,1641,59.8315,59.8407
443,35,2095,1609,59.9455,59.9547
444,123,2129,1606,59.8686,59.8781
445,123,2042,1541,59.9328,59.9412
446,251,2242,1790,59.9003,59.9087
447,151,2155,1645,59.8892,59.8986
448,19,1932,1438,59.8342,59.8432
449,60,2136,1687,59.8347,59.8433
450,266,2103,1621,59.9544,59.9634
451,244,2151,1642,59.9095,59.9187
452,247,2312,1815,59.9219,59.9308
453,288,2093,1603,59.8844,59.8935
454,396,2461,1953,59.8595,59.8686
455,6,1812,1321,59.9019,59.9114
456,178,1952,1442,59.9533,59.9627
457,19,2024,1532,59.8305,59.8398
458,115,1881,1387,59.9133,59.9228
459,141,1935,1472,59.8373,59.8457
460,115,2032,1510,59.9325,59.9419
461,326,2428,1871,59.9258,59.9354
462,339,2308,1806,59.8226,59.8317
463,164,2090,1564,59.798,59.8072
464,205,2004,1492,59.8363,59.8452
465,46,2022,1515,59.9502,59.9597
466,246,2239,1765,59.8649,59.874
467,100,2161,1647,59.8627,59.8727
468,300,2207,1647,59.9099,59.9202
469,124,2057,1535,59.8633,59.8727
470,130,2122,1599,59.9243,59.934
471,188,1938,1441,59.9095,59.9184
472,102,2173,1697,59.9329,59.9423
473,151,2087,1616,59.9089,59.9177
474,187,2324,1791,59.931,59.9405
475,67,2246,1724,59.8844,59.894
476,10,1931,1452,59.8451,59.8542
477,12,2011,1524,59.9625,59.9722
478,236,2182,1653,59.9513,59.9613
479,282,2238,1703,59.8023,59.8118
480,148,2073,1506,59.9059,59.9158
481,132,2142,1649,59.8672,59.8761
482,107,2258,1707,59.9451,59.9549
483,181,2198,1668,59.9123,59.9219
484,139,2085,1629,59.8988,59.9076
485,15,2153,1610,59.8664,59.876
486,152,1895,1400,59.881,59.8901
487,88,2223,1694,59.8851,59.8945
488,29,2214,1662,59.9384,59.9485
489,299,2496,1941,59.9459,59.9555
490,98,2210,1694,59.9593,59.9686
491,170,2244,1764,59.9495,59.958
492,204,2021,1524,59.9596,59.9688
493,379,2178,1738,59.9255,59.9339
494,72,1869,1347,59.9511,59.9608
495,30,2029,1538,59.8934,59.9026
496,66,1900,1399,59.8079,59.8172
497,169,2154,1652,59.9197,59.9291
498,48,1852,1305,59.8625,59.8719
499,220,2406,1860,59.8905,59.9002
500,192,2264,1771,59.94,59.9488
501,151,2149,1642,59.9495,59.9592
502,48,2009,1533,59.9609,59.9699
503,297,2232,1749,59.952,59.9613
504,35,2112,1621,59.9591,59.9685
505,118,2202,1706,59.8927,59.902
506,65,2222,1707,59.9349,59.9443
507,357,2162,1625,59.8929,59.9028
508,86,2251,1742,59.8481,59.8576
509,85,2048,1537,59.8918,59.9011
510,62,2117,1643,59.895,59.9038
511,22,2237,1772,59.8751,59.8845
512,14,2011,1487,59.8522,59.8622
513,218,2211,1697,59.9419,59.9513
514,121,2086,1573,59.9052,59.9148
515,53,2062,1585,59.9175,59.9262
516,0,2058,1498,59.9177,59.9276
517,188,2015,1516,59.8524,59.8618
518,225,2043,1484,59.9051,59.9146
519,2,2181,1658,59.9058,59.9155
520,16,1953,1473,59.902,59.9114
521,126,2073,1559,59.9373,59.947
522,111,1990,1466,59.8969,59.9061
523,13,2129,1641,59.8409,59.8498
524,82,2128,1633,59.9359,59.9451
525,61,2250,1776,59.9181,59.9271
526,369,2395,1850,59.9503,59.9602
527,296,2232,1722,59.8797,59.8892
528,13,1868,1365,59.8777,59.8871
529,41,2042,1566,59.871,59.8797
530,77,2037,1546,59.7708,59.7795
531,28,2060,1548,59.9405,59.9498
532,373,2058,1585,59.9263,59.9352
533,59,2143,1644,59.918,59.9272
534,96,2163,1656,59.905,59.9145
535,221,2090,1629,59.8995,59.9087
536,124,2275,1765,59.9031,59.9121
537,302,2062,1607,59.9421,59.9503
538,230,2067,1583,59.9497,59.9588
539,31,2129,1606,59.8817,59.8909
540,173,2076,1576,59.8201,59.8294
541,3,1868,1297,59.9417,59.9518
542,77,2040,1549,59.9231,59.9324
543,304,2056,1549,59.9331,59.9428
544,172,2110,1607,59.9441,59.9537
545,112,1805,1343,59.7616,59.7703
546,80,2187,1708,59.9398,59.9495
547,156,2125,1622,59.7857,59.7953
548,51,2103,1566,59.9234,59.9332
549,92,2087,1577,59.8784,59.8878
550,320,2195,1686,59.9072,59.9164
551,68,2153,1623,59.8885,59.8981
552,155,2154,1660,59.9473,59.9564
553,96,2146,1633,59.9416,59.9508
554,196,2083,1571,59.9599,59.9691
555,271,2218,1719,59.9249,59.9346
556,9,1935,1415,59.9142,59.9232
557,104,2193,1690,59.8081,59.817
558,395,1980,1494,59.9228,59.9315
559,17,1995,1517,59.9287,59.9377
560,144,1895,1394,59.9214,59.931
561,65,2104,1624,59.9092,59.9178
562,106,2153,1646,59.9506,59.9603
563,39,2089,1575,59.9497,59.9595
564,143,2237,1710,59.9518,59.9611
565,22,1808,1309,59.9235,59.9327
566,81,2153,1604,59.9483,59.9583
567,103,2175,1681,59.9399,59.949
568,93,2320,1772,59.9432,59.953
569,109,1990,1518,59.9033,59.9119
570,44,2071,1580,59.883,59.8925
571,14,1824,1314,59.9612,59.9705
572,186,2342,1832,59.9443,59.9533
573,169,2138,1705,59.8304,59.8392
574,101,2073,1566,59.845,59.8546
575,34,2094,1571,59.8773,59.8866
576,154,2184,1668,59.8237,59.8336
577,136,2218,1729,59.9412,59.9505
578,37,2112,1611,59.8878,59.8971
579,448,2191,1701,59.9035,59.9128
580,0,1959,1421,59.9631,59.9725
581,57,2045,1551,59.8708,59.88
582,120,2064,1559,59.9199,59.9293
583,206,2188,1680,59.9557,59.9651
584,20,2117,1631,59.9218,59.9308
585,92,2016,1515,59.917,59.9259
586,273,2201,1690,59.8114,59.8203
587,193,2203,1660,59.9487,59.9587
588,27,2004,1451,59.8768,59.8866
589,250,2107,1624,59.9094,59.9181
590,206,2381,1841,59.9299,59.94
591,58,2062,1533,59.8805,59.8903
592,165,2194,1647,59.8482,59.8579
593,54,1996,1524,59.922,59.9307
594,148,2127,1637,59.7486,59.7578
595,249,2176,1687,59.8884,59.8977
596,106,2142,1635,59.9286,59.9381
597,157,2014,1508,59.8818,59.8911
598,329,2070,1533,59.8134,59.8228
599,55,2090,1606,59.8919,59.9009
600,353,2227,1687,59.8755,59.8849
601,176,1993,1511,59.8233,59.8321
602,61,1896,1374,59.9531,59.9625
603,141,2185,1662,59.8965,59.9064
604,443,2227,1738,59.9479,59.9566
605,25,1993,1496,59.9004,59.9095
606,125,2262,1785,59.8384,59.8471
607,81,1910,1356,59.9264,59.9363
608,212,1898,1412,59.9627,59.9726
609,184,1944,1421,59.9631,59.9725
610,271,2172,1658,59.8961,59.9054
611,40,2214,1692,59.8013,59.8111
612,44,1995,1542,59.9227,59.9316
613,158,2156,1633,59.9419,59.9518
614,27,2019,1464,59.866,59.8761
615,16,1778,1293,59.8254,59.8343
616,467,2218,1715,59.8183,59.8279
617,17,1924,1439,59.9195,59.9288
618,37,2055,1551,59.9472,59.9561
619,75,1966,1454,59.8209,59.8301
620,147,1968,1492,59.8377,59.8466
621,262,1937,1453,59.9472,59.9561
622,112,2118,1555,59.9296,59.94
623,132,1783,1284,59.9565,59.9658
624,223,2047,1529,59.9202,59.9295
625,134,2117,1637,59.8184,59.8271
626,158,2116,1527,59.8514,59.8616
627,127,2269,1752,59.8899,59.8999
628,319,2091,1614,59.9326,59.9414
629,3,1820,1335,59.8729,59.8824
630,241,1861,1333,59.8445,59.8543
631,20,1953,1454,59.9315,59.9404
632,251,2105,1628,59.9394,59.9486
633,24,1784,1287,59.9368,59.9462
634,84,2230,1733,59.9477,59.9568
635,58,2011,1559,59.8938,59.9024
636,70,2051,1555,59.9016,59.9108
637,328,2140,1647,59.8906,59.8995
638,57,1878,1390,59.9085,59.9178
639,3,1802,1311,59.9164,59.9257
640,6,1930,1397,59.9388,59.9487
641,222,2085,1619,59.9494,59.9576
642,129,1974,1490,59.899,59.9082
643,173,2088,1592,59.8563,59.8651
644,75,2119,1626,59.9121,59.9218
645,177,2131,1594,59.9194,59.929
646,184,2131,1624,59.8014,59.8105
647,11,2106,1607,59.8474,59.8565
648,481,1902,1448,59.9478,59.9564
649,195,2303,1818,59.9041,59.9132
650,10,1864,1347,59.8843,59.894
651,108,1948,1437,59.9328,59.9419
652,122,2196,1701,59.9387,59.9478
653,56,2209,1784,59.9517,59.9601
654,303,2276,1790,59.9187,59.9278
655,111,2192,1707,59.908,59.9173
656,76,2045,1495,59.9321,59.942
657,56,1889,1406,59.9301,59.9393
658,77,2308,1798,59.9099,59.919
659,34,1983,1479,59.9218,59.931
660,163,2293,1762,59.9515,59.9615
661,84,1978,1451,59.8038,59.8134
662,114,2251,1707,59.8737,59.8833
663,51,2131,1639,59.7037,59.7127
664,147,2079,1567,59.9538,59.9634
665,90,2058,1528,59.9531,59.9627
666,137,2233,1701,59.9313,59.9414
667,0,2208,1686,59.9564,59.9657
668,52,2174,1695,59.8839,59.8928
669,107,1907,1432,59.943,59.952
670,86,2059,1550,59.8591,59.8689
671,159,2147,1603,59.9255,59.9352
672,33,1902,1369,59.8835,59.8934
673,216,1948,1453,59.9591,59.9686
674,206,2104,1568,59.9042,59.9139
675,71,2063,1561,59.8626,59.8722
676,27,1976,1479,59.9342,59.9437
677,548,2216,1721,59.935,59.9439
678,85,2237,1731,59.8777,59.8872
679,184,2065,1563,59.92,59.929
680,0,1767,1303,59.9334,59.9423
681,95,2010,1485,59.9372,59.9467
682,306,2587,2063,59.7544,59.7636
683,137,2276,1798,59.8934,59.9022
684,15,1965,1458,59.8631,59.8725
685,153,2114,1607,59.934,59.9433
686,86,2052,1560,59.9183,59.928
687,8,1916,1397,59.8995,59.9089
688,99,2146,1652,59.949,59.9582
689,174,2012,1531,59.8356,59.845
690,379,2321,1756,59.9015,59.9116
691,130,2274,1772,59.908,59.9174
692,78,2212,1746,59.8307,59.8398
693,23,2216,1714,59.9458,59.9552
694,47,2197,1688,59.8072,59.8164
695,48,2052,1546,59.8909,59.9
696,62,2112,1600,59.9148,59.9241
697,193,2124,1621,59.9066,59.916
698,77,2122,1585,59.9196,59.9295
699,0,1866,1391,59.8684,59.8769
700,343,2219,1713,59.938,59.9473
701,163,1859,1381,59.9617,59.9709
702,19,2209,1731,59.8994,59.9083
703,79,2146,1619,59.8943,59.9039
704,119,2227,1758,59.9438,59.9529
705,38,2007,1492,59.957,59.9666
706,158,2214,1692,59.9414,59.9507
707,116,2250,1736,59.9226,59.9318
708,236,2026,1592,59.8473,59.8555
709,336,2081,1533,59.8853,59.895
710,263,2004,1512,59.9552,59.9643
711,95,2101,1594,59.8995,59.9089
712,103,2066,1584,59.9094,59.9181
713,469,2307,1754,59.9374,59.9477
714,230,1821,1359,59.9304,59.9389
715,98,2186,1665,59.9158,59.9254
716,52,2258,1718,59.9046,59.9146
717,42,1970,1489,59.7627,59.7716
718,73,2247,1770,59.9528,59.9614
719,284,2136,1628,59.9497,59.959
720,79,2229,1714,59.8463,59.8557
721,19,1959,1497,59.9364,59.9444
722,155,2081,1630,59.9583,59.9668
723,218,1842,1340,59.9026,59.912
724,3,2012,1520,59.9096,59.9183
725,123,2198,1717,59.9452,59.9542
726,96,1812,1266,59.9249,59.9345
727,284,2211,1713,59.7739,59.7832
728,65,2286,1760,59.9055,59.9155
729,257,2232,1746,59.8321,59.8416
730,31,2105,1605,59.9305,59.9397
731,185,2138,1629,59.8515,59.8607
732,381,2246,1706,59.8652,59.8741
733,496,2424,1913,59.8566,59.8659
734,183,2134,1642,59.8963,59.9056
735,280,2146,1626,59.9502,59.9591
736,0,2166,1662,59.8974,59.9063
737,213,2275,1730,59.8557,59.8655
738,266,2361,1867,59.9394,59.9484
739,242,2456,1990,59.9123,59.9212
740,307,2239,1695,59.9419,59.9519
741,145,1812,1306,59.9649,59.9741
742,420,2037,1561,59.893,59.9022
743,132,2043,1553,59.8773,59.8865
744,6,1916,1416,59.9401,59.9493
745,113,2180,1727,59.8268,59.8356
746,232,2234,1739,59.9427,59.9518
747,123,1974,1485,59.7635,59.7727
748,55,1974,1472,59.9306,59.94
749,124,2050,1585,59.7542,59.7634
750,551,2416,1902,59.9383,59.9473
751,27,1949,1409,59.8627,59.8724
752,106,2161,1635,59.8873,59.8968
753,164,2121,1623,59.9318,59.9411
754,81,2152,1605,59.8943,59.9039
755,409,2126,1652,59.9522,59.9613
756,259,2322,1844,59.7946,59.8041
757,15,2204,1681,59.82,59.8295
758,149,2138,1592,59.9503,59.9598
759,168,2118,1622,59.8905,59.8997
760,197,2059,1522,59.9566,59.9661
761,74,2311,1837,59.953,59.962
762,44,2369,1879,59.9537,59.9624
763,52,2055,1555,59.8977,59.9068
764,230,1958,1499,59.8494,59.8581
765,130,1993,1486,59.9628,59.9718
766,139,1955,1472,59.9402,59.9491
767,394,2349,1810,59.9058,59.9158
768,174,2363,1816,59.9128,59.9225
769,175,2212,1739,59.9076,59.9166
770,71,1965,1454,59.9632,59.9726
771,93,1948,1489,59.8935,59.9027
772,30,1858,1414,59.9569,59.9653
773,350,2326,1787,59.8882,59.8982
774,92,2086,1613,59.8952,59.9043
775,202,2044,1554,59.8804,59.8893
776,60,2164,1654,59.9526,59.962
777,234,2368,1854,59.9286,59.938
778,189,2295,1777,59.9463,59.9556
779,212,2059,1523,59.729,59.7384
780,5,2042,1535,59.9615,59.9708
781,100,2109,1601,59.913,59.9227
782,124,2157,1640,59.8154,59.825
783,57,2116,1592,59.8075,59.8171
784,230,2191,1710,59.8968,59.9054
785,3,2098,1556,59.9417,59.9516
786,209,1863,1334,59.9288,59.9383
787,1,2075,1571,59.8648,59.8739
788,292,2000,1450,59.869,59.8794
789,817,2387,1867,59.9314,59.9411
790,0,1930,1404,59.9025,59.9122
791,170,1930,1450,59.9339,59.9431
792,72,2078,1572,59.914,59.9235
793,185,2109,1605,59.9084,59.9176
794,72,2084,1620,59.955,59.9639
795,142,1973,1419,59.9626,59.9728
796,135,2242,1714,59.8679,59.8772
797,64,2169,1686,59.9375,59.9465
798,40,2067,1531,59.8864,59.896
799,49,2045,1485,59.935,59.945
800,83,2027,1508,59.9118,59.9216
801,85,2319,1842,59.8722,59.8811
802,94,1695,1181,59.9483,59.9571
803,126,2101,1582,59.9482,59.9576
804,392,2302,1815,59.8952,59.9041
805,195,1903,1399,59.8945,59.904
806,3,1802,1287,59.9529,59.9624
807,91,2361,1831,59.9199,59.9296
808,65,2179,1680,59.895,59.9048
809,209,2073,1611,59.8845,59.8928
810,58,2129,1647,59.9372,59.9467
811,218,2332,1811,59.9041,59.914
812,97,1934,1423,59.9566,59.9658
813,233,2137,1647,59.9207,59.9301
814,323,2305,1829,59.9386,59.9477
815,0,1787,1233,59.9554,59.9652
816,42,2190,1745,59.9168,59.9256
817,90,2147,1659,59.8306,59.8394
818,412,2310,1838,59.8392,59.8486
819,58,2049,1516,59.9601,59.9696
820,42,2092,1578,59.9259,59.9354
821,82,1885,1386,59.9059,59.9149
822,56,1904,1383,59.951,59.9607
823,288,2219,1729,59.8698,59.8789
824,106,2132,1643,59.9196,59.9291
825,154,1930,1436,59.9263,59.9353
826,223,2196,1704,59.9098,59.919
827,166,2242,1709,59.9506,59.9598
828,10,2007,1544,59.9305,59.9391
829,162,1946,1540,59.9282,59.9361
830,39,2198,1666,59.9061,59.916
831,57,2147,1593,59.9521,59.9621
832,102,2164,1625,59.8997,59.9097
833,175,2016,1536,59.8598,59.8687
834,14,1956,1428,59.9153,59.9251
835,55,2048,1516,59.9205,59.9305
836,112,2440,1959,59.918,59.927
837,48,2136,1670,59.8672,59.8759
838,86,1992,1464,59.8694,59.8792
839,192,2229,1727,59.9417,59.9511
840,123,2020,1518,59.885,59.8944
841,67,1843,1355,59.8289,59.8385
842,98,2089,1576,59.927,59.937
843,9,1985,1489,59.8992,59.9081
844,69,2322,1798,59.9556,59.9656
845,6,1944,1436,59.9494,59.9587
846,108,2156,1655,59.8118,59.8219
847,142,2132,1614,59.8715,59.8812
848,74,2006,1524,59.8069,59.8159
849,114,2014,1488,59.9602,59.97
850,198,2238,1718,59.89,59.8995
851,17,2046,1524,59.8556,59.8652
852,10,2014,1510,59.9603,59.9698
853,234,2190,1718,59.9045,59.9131
854,72,1994,1521,59.9541,59.963
855,82,2042,1537,59.9209,59.9304
856,191,2176,1643,59.8507,59.8602
857,76,2183,1685,59.9126,59.922
858,21,1772,1268,59.9362,59.9457
859,109,1981,1463,59.8845,59.8943
860,246,2122,1636,59.9487,59.9576
861,52,2058,1534,59.9047,59.9141
862,204,2224,1724,59.7706,59.7799
863,48,2160,1627,59.9493,59.9587
864,42,1837,1324,59.9279,59.9373
865,61,2257,1716,59.9198,59.9301
866,131,2169,1710,59.9503,59.9588
867,245,2351,1801,59.9181,59.9274
868,104,1840,1353,59.888,59.897
869,2,2114,1626,59.9384,59.9478
870,214,2043,1520,59.8419,59.8516
871,53,2225,1702,59.9391,59.9487
872,259,2020,1542,59.9475,59.9565
873,169,1914,1444,59.9233,59.9318
874,277,2399,1863,59.9243,59.9339
875,92,2344,1846,59.9067,59.9161
876,163,2035,1535,59.9038,59.9134
877,62,2124,1644,59.9482,59.9575
878,108,1946,1440,59.8626,59.8717
879,194,2201,1716,59.9531,59.9616
880,266,2149,1655,59.8968,59.9059
881,127,2382,1891,59.8554,59.8644
882,0,1931,1442,59.7653,59.7742
883,44,2292,1803,59.8729,59.8819
884,143,2178,1623,59.8733,59.8836
885,158,2223,1717,59.9197,59.9288
886,343,2159,1752,59.9396,59.9482
887,133,2036,1560,59.9487,59.9571
888,189,2163,1670,59.9215,59.9306
889,159,2139,1604,59.8455,59.8554
890,201,2353,1826,59.7628,59.7728
891,36,1933,1421,59.8607,59.8703
892,185,2138,1649,59.9519,59.9613
893,91,1938,1424,59.8431,59.8527
894,304,2035,1549,59.8085,59.8177
895,142,2049,1581,59.8872,59.8966
896,77,2048,1514,59.9278,59.9375
897,274,2146,1670,59.9281,59.9373
898,165,2152,1619,59.8777,59.8873
899,64,1908,1421,59.9439,59.9529
900,129,2136,1670,59.9027,59.9112
901,262,2149,1657,59.9173,59.9269
902,180,1943,1451,59.9146,59.9242
903,91,2043,1527,59.8671,59.8766
904,60,2078,1567,59.8915,59.9009
905,257,1771,1254,59.9049,59.9144
906,106,1964,1494,59.9373,59.9463
907,167,2253,1766,59.9441,59.9534
908,270,2131,1636,59.9261,59.9349
909,408,2043,1536,59.8554,59.8643
910,263,2351,1862,59.9155,59.9241
911,83,2307,1779,59.8691,59.8791
912,279,2043,1530,59.9209,59.9302
913,157,1935,1460,59.8191,59.8279
914,26,2056,1554,59.8902,59.8992
915,120,2147,1626,59.9573,59.9669
916,35,2102,1594,59.9322,59.9414
917,242,2131,1641,59.9378,59.9469
918,61,1983,1507,59.8664,59.8754
919,250,2212,1736,59.8883,59.8968
920,85,2040,1532,59.9076,59.9167
921,185,1993,1467,59.9137,59.9232
922,480,2269,1757,59.9442,59.9538
923,16,2072,1559,59.8239,59.833
924,32,2119,1600,59.8948,59.9045
925,102,2124,1634,59.8981,59.9072
926,124,1883,1349,59.9358,59.9456
927,4,1971,1452,59.9113,59.9206
928,223,2258,1748,59.7898,59.7983
929,75,2137,1619,59.8158,59.8256
930,176,2086,1585,59.9126,59.9222
931,212,2027,1543,59.9327,59.9421
932,136,2322,1832,59.8319,59.841
933,153,2238,1767,59.8891,59.8984
934,71,1868,1330,59.8282,59.8377
935,263,2130,1617,59.8039,59.8132
936,97,1976,1450,59.9389,59.9481
937,52,2153,1647,59.9399,59.9491
938,40,2045,1509,59.9547,59.9643
939,94,1827,1287,59.9061,59.9162
940,6,1846,1341,59.949,59.9582
941,42,2181,1631,59.9489,59.9587
942,139,2160,1628,59.8542,59.864
943,344,1835,1347,59.7802,59.7894
944,0,1906,1374,59.9616,59.9709
945,15,2045,1518,59.9313,59.9406
946,203,2230,1729,59.9283,59.9377
947,76,1949,1431,59.8643,59.8734
948,179,2175,1662,59.8924,59.9018
949,252,1967,1482,59.9546,59.9634
950,138,2051,1579,59.9481,59.9573
951,98,2225,1754,59.9362,59.9453
952,69,2234,1715,59.9236,59.9332
953,263,2126,1597,59.8606,59.8703
954,108,2153,1641,59.9128,59.9224
955,130,2030,1505,59.9215,59.9316
956,161,2181,1687,59.7781,59.7873
957,104,1925,1392,59.9145,59.9238
958,97,1929,1451,59.8905,59.8993
959,108,1952,1429,59.9624,59.9722
960,142,2236,1730,59.9537,59.9628
961,292,2277,1774,59.9527,59.962
962,250,2211,1721,59.9165,59.9256
963,235,2102,1609,59.957,59.967
964,0,2026,1487,59.9486,59.958
965,125,1945,1394,59.8505,59.8607
966,73,2174,1630,59.9447,59.955
967,115,1998,1479,59.956,59.9652
968,57,1876,1385,59.9251,59.9343
969,158,2234,1750,59.9511,59.9603
970,114,2101,1616,59.9513,59.9606
971,106,2057,1547,59.9548,59.9641
972,131,2104,1590,59.9507,59.9601
973,76,2091,1573,59.8965,59.9061
974,83,1896,1385,59.9452,59.9545
975,154,2257,1756,59.7965,59.8061
976,393,2139,1629,59.8312,59.8405
977,56,1699,1216,59.9585,59.9672
978,132,2100,1580,59.9253,59.9347
979,14,2135,1602,59.8977,59.9079
980,55,2112,1610,59.9496,59.9594
981,145,2110,1587,59.9319,59.9417
982,236,2276,1732,59.9368,59.9468
983,81,2230,1763,59.8944,59.9033
984,7,2027,1521,59.9184,59.9276
985,148,2094,1538,59.903,59.9131
986,302,2563,2024,59.8565,59.8663
987,126,2050,1552,59.938,59.9472
988,35,1890,1383,59.9604,59.9694
989,228,2090,1568,59.8517,59.8617
990,51,1943,1461,59.9315,59.9405
991,271,2291,1755,59.911,59.9207
992,46,1958,1435,59.9309,59.9403
993,118,2062,1559,59.9572,59.9663
994,329,2318,1859,59.9373,59.9457
995,145,2029,1541,59.869,59.8781
996,282,1908,1418,59.9605,59.9696
997,55,2161,1674,59.9009,59.91
998,66,2012,1544,59.8012,59.8102
999,207,2114,1616,59.9573,59.9663
