Run,PktDrops,d1PktServ,d2PktServ,d1IdleTime,d2IdleTime
0,0,3737,0,0,0
1,0,4086,0,0,0
2,0,3783,0,0,0
3,0,3910,0,0,0
4,0,3467,0,0,0
5,0,3071,0,0,0
6,0,3316,0,0,0
7,0,3284,0,0,0
8,0,4246,0,0,0
9,0,3600,0,0,0
10,0,4520,0,0,0
11,0,4168,0,0,0
12,0,4048,0,0,0
13,0,3734,0,0,0
14,0,3739,0,0,0
15,0,3972,0,0,0
16,0,4311,0,0,0
17,0,3874,0,0,0
18,0,3727,0,0,0
19,0,3532,0,0,0
20,0,4116,0,0,0
21,0,4144,1,0,0
22,0,4154,0,0,0
23,0,3841,0,0,0
24,0,3417,0,0,0
25,0,3743,0,0,0
26,0,3341,0,0,0
27,0,3747,0,0,0
28,0,3439,0,0,0
29,0,3118,0,0,0
30,0,3809,0,0,0
31,0,3639,0,0,0
32,0,4011,0,0,0
33,0,4151,0,0,0
34,0,3276,0,0,0
35,0,3961,0,0,0
36,0,3729,0,0,0
37,0,3587,0,0,0
38,0,4282,0,0,0
39,0,3589,0,0,0
40,0,4067,0,0,0
41,0,3809,0,0,0
42,0,4113,0,0,0
43,0,4006,0,0,0
44,0,3570,0,0,0
45,0,3527,0,0,0
46,0,4208,0,0,0
47,0,3369,0,0,0
48,0,3393,0,0,0
49,0,3775,0,0,0
50,0,3701,0,0,0
51,0,3450,0,0,0
52,0,3851,0,0,0
53,0,3816,0,0,0
54,0,3283,0,0,0
55,0,3968,0,0,0
56,0,4121,0,0,0
57,0,3625,0,0,0
58,0,3655,0,0,0
59,0,4343,0,0,0
60,0,3757,0,0,0
61,0,3575,0,0,0
62,0,3984,0,0,0
63,0,4095,0,0,0
64,0,4132,0,0,0
65,0,3947,3,0,0
66,0,3464,0,0,0
67,0,3239,0,0,0
68,0,3686,0,0,0
69,0,4257,0,0,0
70,0,4050,0,0,0
71,0,3759,0,0,0
72,0,4264,0,0,0
73,0,3408,0,0,0
74,0,4351,0,0,0
75,0,4115,0,0,0
76,0,3594,0,0,0
77,0,3303,0,0,0
78,0,3735,0,0,0
79,0,3878,0,0,0
80,0,3645,0,0,0
81,0,3921,0,0,0
82,0,3926,0,0,0
83,0,4000,0,0,0
84,0,4109,0,0,0
85,0,3429,0,0,0
86,0,4656,0,0,0
87,0,4247,0,0,0
88,0,3471,0,0,0
89,0,4253,0,0,0
90,0,4495,0,0,0
91,0,3748,0,0,0
92,0,4258,0,0,0
93,10,4573,1,0,0
94,0,3302,0,0,0
95,0,4324,0,0,0
96,0,3665,0,0,0
97,0,3916,0,0,0
98,0,3953,0,0,0
99,0,4365,2,0,0
100,0,3142,0,0,0
101,0,4050,0,0,0
102,0,4004,0,0,0
103,0,3582,0,0,0
104,0,3745,0,0,0
105,0,4238,0,0,0
106,0,4108,0,0,0
107,0,3367,0,0,0
108,0,4247,0,0,0
109,0,3477,0,0,0
110,0,4328,0,0,0
111,0,3741,0,0,0
112,0,3733,0,0,0
113,0,3762,0,0,0
114,0,4776,0,0,0
115,0,3905,0,0,0
116,0,3477,0,0,0
117,0,3788,0,0,0
118,0,4193,0,0,0
119,0,3411,0,0,0
120,0,3792,0,0,0
121,0,4012,0,0,0
122,0,3853,0,0,0
123,0,4085,0,0,0
124,0,3703,0,0,0
125,0,3788,0,0,0
126,0,3563,0,0,0
127,0,3546,0,0,0
128,0,4762,0,0,0
129,0,3823,0,0,0
130,0,3638,0,0,0
131,0,3973,0,0,0
132,0,4204,0,0,0
133,0,3994,0,0,0
134,0,3807,0,0,0
135,0,3984,0,0,0
136,0,3420,0,0,0
137,0,4530,0,0,0
138,0,3703,0,0,0
139,0,3576,0,0,0
140,0,3894,0,0,0
141,0,3689,0,0,0
142,0,4066,0,0,0
143,0,4097,0,0,0
144,0,3659,0,0,0
145,0,3489,0,0,0
146,0,3496,0,0,0
147,0,3704,0,0,0
148,0,3520,0,0,0
149,0,3729,0,0,0
150,0,3783,0,0,0
151,0,3731,0,0,0
152,0,3749,0,0,0
153,0,3993,0,0,0
154,0,3982,0,0,0
155,0,4364,0,0,0
156,0,3770,0,0,0
157,0,4074,0,0,0
158,0,3461,0,0,0
159,0,3770,0,0,0
160,0,3300,0,0,0
161,0,3818,0,0,0
162,11,3686,0,0,0
163,0,3832,0,0,0
164,0,3724,0,0,0
165,0,3779,0,0,0
166,0,3435,0,0,0
167,0,3878,0,0,0
168,0,3870,0,0,0
169,0,3231,0,0,0
170,0,3909,0,0,0
171,0,3489,0,0,0
172,0,3521,0,0,0
173,0,3737,0,0,0
174,0,4095,0,0,0
175,0,3576,0,0,0
176,0,3781,0,0,0
177,0,3732,0,0,0
178,0,4151,0,0,0
179,0,3595,0,0,0
180,0,4311,0,0,0
181,0,3397,0,0,0
182,0,3352,1,0,0
183,0,3978,0,0,0
184,0,4014,0,0,0
185,0,3903,0,0,0
186,0,3719,0,0,0
187,0,3607,0,0,0
188,0,3589,0,0,0
189,0,3380,0,0,0
190,0,3552,0,0,0
191,0,3080,0,0,0
192,0,3071,0,0,0
193,0,3767,0,0,0
194,0,3488,0,0,0
195,0,3980,0,0,0
196,0,3820,0,0,0
197,0,3594,0,0,0
198,0,3541,0,0,0
199,0,3297,0,0,0
200,0,3851,0,0,0
201,0,3515,0,0,0
202,0,4246,0,0,0
203,0,3682,0,0,0
204,0,3712,0,0,0
205,0,3434,0,0,0
206,0,3988,2,0,0
207,0,3444,0,0,0
208,0,3819,0,0,0
209,0,4043,0,0,0
210,0,3444,0,0,0
211,0,3680,0,0,0
212,0,3868,0,0,0
213,0,3537,0,0,0
214,0,3720,0,0,0
215,0,4146,0,0,0
216,0,3965,0,0,0
217,0,4037,0,0,0
218,0,3883,0,0,0
219,0,3734,0,0,0
220,0,4123,0,0,0
221,0,4617,0,0,0
222,0,4477,0,0,0
223,0,3850,0,0,0
224,0,3699,0,0,0
225,32,4139,1,0,0
226,0,3969,5,0,0
227,0,4593,0,0,0
228,0,4322,0,0,0
229,0,3246,0,0,0
230,0,3524,0,0,0
231,0,4115,0,0,0
232,0,3893,0,0,0
233,0,3498,0,0,0
234,0,4234,0,0,0
235,0,3418,0,0,0
236,0,4254,0,0,0
237,0,3750,1,0,0
238,0,3815,0,0,0
239,0,3681,0,0,0
240,0,2948,0,0,0
241,0,3969,7,0,0
242,0,4357,0,0,0
243,0,4321,0,0,0
244,0,3575,0,0,0
245,0,3616,0,0,0
246,0,4038,0,0,0
247,0,4254,0,0,0
248,0,3249,0,0,0
249,0,4115,0,0,0
250,0,3480,0,0,0
251,157,3768,0,0,0
252,0,3494,0,0,0
253,0,3385,0,0,0
254,0,3632,0,0,0
255,0,4201,0,0,0
256,0,3695,0,0,0
257,0,4219,0,0,0
258,0,4464,0,0,0
259,0,3667,0,0,0
260,0,4004,0,0,0
261,0,3566,0,0,0
262,0,4032,0,0,0
263,0,4047,0,0,0
264,0,3409,0,0,0
265,0,4680,0,0,0
266,0,4373,0,0,0
267,0,3274,0,0,0
268,0,3137,0,0,0
269,0,3315,0,0,0
270,0,3891,0,0,0
271,0,3655,0,0,0
272,0,3562,0,0,0
273,0,3645,0,0,0
274,0,3749,0,0,0
275,0,4376,0,0,0
276,0,3875,0,0,0
277,0,4645,0,0,0
278,0,3548,0,0,0
279,0,2955,0,0,0
280,0,3942,0,0,0
281,0,4319,0,0,0
282,0,3938,1,0,0
283,0,4179,0,0,0
284,0,4635,0,0,0
285,0,4223,0,0,0
286,0,4005,0,0,0
287,0,4082,0,0,0
288,0,3771,0,0,0
289,0,3819,0,0,0
290,0,4648,0,0,0
291,0,3977,0,0,0
292,0,3708,0,0,0
293,0,3652,0,0,0
294,0,3454,0,0,0
295,0,4033,0,0,0
296,0,4091,0,0,0
297,0,4005,0,0,0
298,0,3977,0,0,0
299,0,3618,0,0,0
300,0,3810,0,0,0
301,0,3900,0,0,0
302,0,3919,0,0,0
303,0,3666,0,0,0
304,0,4294,0,0,0
305,0,3976,0,0,0
306,0,3441,0,0,0
307,0,3159,0,0,0
308,0,3872,0,0,0
309,0,4210,0,0,0
310,0,4053,0,0,0
311,0,4115,0,0,0
312,0,4072,2,0,0
313,0,3721,0,0,0
314,0,4127,0,0,0
315,17,4726,0,0,0
316,0,3652,0,0,0
317,0,4174,0,0,0
318,0,4356,0,0,0
319,0,3410,0,0,0
320,0,3572,0,0,0
321,0,3529,0,0,0
322,0,3538,0,0,0
323,0,3313,0,0,0
324,0,3404,0,0,0
325,11,3768,0,0,0
326,0,3574,0,0,0
327,0,4443,0,0,0
328,0,3795,6,0,0
329,0,4242,0,0,0
330,0,4082,0,0,0
331,0,3892,6,0,0
332,0,3693,0,0,0
333,0,3637,0,0,0
334,0,4088,0,0,0
335,0,4234,0,0,0
336,0,3500,0,0,0
337,0,4085,0,0,0
338,0,4074,0,0,0
339,0,3838,0,0,0
340,0,3282,0,0,0
341,0,4108,0,0,0
342,0,3746,0,0,0
343,0,3246,0,0,0
344,0,4806,0,0,0
345,9,4341,0,0,0
346,0,4262,0,0,0
347,0,3782,0,0,0
348,0,3633,0,0,0
349,0,3797,0,0,0
350,0,3713,0,0,0
351,0,4917,0,0,0
352,0,3475,0,0,0
353,0,3336,0,0,0
354,0,3773,0,0,0
355,0,4092,0,0,0
356,0,3495,0,0,0
357,0,3066,0,0,0
358,0,3824,0,0,0
359,0,4089,0,0,0
360,0,3627,0,0,0
361,0,3596,0,0,0
362,0,3958,0,0,0
363,0,3760,0,0,0
364,0,3645,0,0,0
365,0,3734,0,0,0
366,0,4044,0,0,0
367,0,3899,0,0,0
368,0,4248,0,0,0
369,0,3689,0,0,0
370,0,3412,0,0,0
371,0,4204,0,0,0
372,0,3792,0,0,0
373,0,3859,0,0,0
374,0,3760,0,0,0
375,0,3995,0,0,0
376,0,3570,0,0,0
377,0,3713,0,0,0
378,0,3958,0,0,0
379,0,3705,0,0,0
380,0,3093,0,0,0
381,0,3574,0,0,0
382,0,3691,0,0,0
383,0,3784,0,0,0
384,0,4087,0,0,0
385,0,3950,0,0,0
386,0,3598,0,0,0
387,0,3815,0,0,0
388,0,3954,0,0,0
389,0,4407,0,0,0
390,0,3468,0,0,0
391,0,3434,11,0,0
392,0,3974,0,0,0
393,0,3660,0,0,0
394,0,3882,0,0,0
395,0,3794,0,0,0
396,0,4102,0,0,0
397,0,3975,0,0,0
398,1,4299,0,0,0
399,0,3964,0,0,0
400,0,4056,0,0,0
401,0,3545,0,0,0
402,0,3555,0,0,0
403,0,3569,0,0,0
404,0,3833,0,0,0
405,0,3699,0,0,0
406,0,5438,15,0,0
407,0,4436,0,0,0
408,0,4290,0,0,0
409,0,3221,0,0,0
410,0,3726,0,0,0
411,0,4058,0,0,0
412,0,3927,3,0,0
413,0,3369,0,0,0
414,0,3731,0,0,0
415,0,4561,0,0,0
416,0,3821,0,0,0
417,0,4179,0,0,0
418,0,3850,0,0,0
419,0,3746,0,0,0
420,0,3754,0,0,0
421,0,3783,0,0,0
422,0,3291,0,0,0
423,0,3846,0,0,0
424,0,3872,0,0,0
425,0,3469,0,0,0
426,0,3222,0,0,0
427,0,3350,0,0,0
428,0,3902,0,0,0
429,0,3578,0,0,0
430,0,3933,0,0,0
431,0,3667,0,0,0
432,0,3601,0,0,0
433,0,3654,0,0,0
434,0,4494,0,0,0
435,0,3765,0,0,0
436,0,3847,0,0,0
437,0,4139,0,0,0
438,0,3492,0,0,0
439,0,3695,0,0,0
440,0,3717,0,0,0
441,0,3990,0,0,0
442,0,3724,0,0,0
443,0,4000,0,0,0
444,0,3834,0,0,0
445,0,3871,0,0,0
446,0,3706,0,0,0
447,0,3972,0,0,0
448,0,3690,0,0,0
449,0,4034,0,0,0
450,0,3608,0,0,0
451,0,3942,0,0,0
452,0,3305,0,0,0
453,0,3495,0,0,0
454,0,3633,0,0,0
455,0,4755,0,0,0
456,0,3521,0,0,0
457,0,3571,0,0,0
458,0,4211,0,0,0
459,0,3708,0,0,0
460,0,4239,0,0,0
461,0,4679,0,0,0
462,0,3533,0,0,0
463,0,3152,0,0,0
464,0,3821,0,0,0
465,0,3909,0,0,0
466,0,4060,0,0,0
467,0,3723,0,0,0
468,0,3226,0,0,0
469,0,3847,0,0,0
470,0,3544,0,0,0
471,0,3663,0,0,0
472,0,3717,0,0,0
473,0,4193,0,0,0
474,0,3877,0,0,0
475,0,4261,0,0,0
476,0,4226,0,0,0
477,0,3383,0,0,0
478,0,4094,0,0,0
479,0,4393,1,0,0
480,0,4267,0,0,0
481,0,3487,0,0,0
482,0,3979,0,0,0
483,6,3703,0,0,0
484,0,4548,2,0,0
485,0,4704,0,0,0
486,0,4003,0,0,0
487,0,4259,0,0,0
488,0,4696,0,0,0
489,0,4077,0,0,0
490,0,4108,0,0,0
491,0,3751,0,0,0
492,0,3598,0,0,0
493,0,4169,0,0,0
494,0,3969,0,0,0
495,0,3617,0,0,0
496,0,3970,0,0,0
497,0,3656,0,0,0
498,0,4622,0,0,0
499,0,4475,0,0,0
500,0,4155,0,0,0
501,0,3291,0,0,0
502,0,3724,0,0,0
503,0,3465,0,0,0
504,0,4614,0,0,0
505,0,3912,0,0,0
506,0,3633,0,0,0
507,0,3789,0,0,0
508,0,4564,0,0,0
509,0,3494,0,0,0
510,0,3426,0,0,0
511,0,3704,0,0,0
512,0,3156,0,0,0
513,0,3396,0,0,0
514,0,3575,1,0,0
515,8,3543,35,0,0
516,0,4243,0,0,0
517,0,3636,0,0,0
518,0,4155,0,0,0
519,0,3835,0,0,0
520,0,4087,10,0,0
521,0,3696,0,0,0
522,0,3731,0,0,0
523,0,3908,0,0,0
524,0,3905,0,0,0
525,0,4327,0,0,0
526,0,4126,0,0,0
527,0,3895,0,0,0
528,0,3486,0,0,0
529,0,3971,0,0,0
530,0,3721,0,0,0
531,0,3672,0,0,0
532,0,3888,0,0,0
533,0,3655,0,0,0
534,0,3480,0,0,0
535,0,4093,0,0,0
536,0,3577,0,0,0
537,0,3809,0,0,0
538,0,3827,0,0,0
539,0,4338,0,0,0
540,0,3774,0,0,0
541,0,3534,0,0,0
542,0,3572,0,0,0
543,0,4124,0,0,0
544,0,3659,0,0,0
545,0,3921,0,0,0
546,0,3680,0,0,0
547,0,3566,0,0,0
548,0,3552,0,0,0
549,0,3905,0,0,0
550,0,3792,0,0,0
551,0,3522,0,0,0
552,0,3489,0,0,0
553,0,3397,0,0,0
554,0,3425,0,0,0
555,0,3764,0,0,0
556,0,3947,0,0,0
557,0,3483,0,0,0
558,0,4180,0,0,0
559,0,3932,0,0,0
560,0,4547,0,0,0
561,0,4130,0,0,0
562,0,3854,0,0,0
563,0,3958,0,0,0
564,0,3595,0,0,0
565,0,4220,0,0,0
566,0,3918,0,0,0
567,0,3396,0,0,0
568,0,3942,0,0,0
569,0,3963,0,0,0
570,0,3290,0,0,0
571,0,4011,0,0,0
572,0,3746,0,0,0
573,0,4179,0,0,0
574,0,3719,0,0,0
575,0,3922,0,0,0
576,0,3891,0,0,0
577,0,4604,0,0,0
578,0,4099,0,0,0
579,0,4667,0,0,0
580,0,3458,0,0,0
581,0,3479,0,0,0
582,0,3643,0,0,0
583,0,4030,0,0,0
584,0,3224,0,0,0
585,0,3818,0,0,0
586,0,4228,0,0,0
587,0,3721,0,0,0
588,0,4046,0,0,0
589,0,3459,0,0,0
590,0,3684,0,0,0
591,0,3578,0,0,0
592,0,3055,0,0,0
593,0,3340,0,0,0
594,0,3585,0,0,0
595,0,4054,0,0,0
596,0,3331,0,0,0
597,0,4112,0,0,0
598,0,3570,0,0,0
599,0,4315,0,0,0
600,0,3674,0,0,0
601,0,3799,0,0,0
602,0,3645,0,0,0
603,0,3690,0,0,0
604,0,3765,0,0,0
605,0,3696,0,0,0
606,0,4687,0,0,0
607,0,3146,0,0,0
608,0,4240,0,0,0
609,0,3429,0,0,0
610,0,3660,0,0,0
611,0,4111,0,0,0
612,0,4041,0,0,0
613,0,4466,0,0,0
614,0,3574,0,0,0
615,0,3634,0,0,0
616,0,3829,0,0,0
617,0,3820,0,0,0
618,0,3650,0,0,0
619,0,3266,0,0,0
620,0,4019,0,0,0
621,0,3866,0,0,0
622,0,3653,0,0,0
623,0,4000,0,0,0
624,0,4040,0,0,0
625,0,4123,0,0,0
626,0,3589,0,0,0
627,0,4202,0,0,0
628,0,3402,0,0,0
629,0,3845,0,0,0
630,0,3653,0,0,0
631,0,3867,0,0,0
632,0,3591,0,0,0
633,0,3872,0,0,0
634,0,3867,0,0,0
635,0,3566,0,0,0
636,0,3531,0,0,0
637,0,4436,0,0,0
638,0,3920,0,0,0
639,0,3538,0,0,0
640,0,4159,0,0,0
641,0,4044,0,0,0
642,0,3743,0,0,0
643,30,4402,0,0,0
644,0,4141,0,0,0
645,0,4775,0,0,0
646,0,3937,0,0,0
647,0,4377,0,0,0
648,0,3666,0,0,0
649,0,4048,0,0,0
650,0,3632,0,0,0
651,0,3057,0,0,0
652,0,4161,0,0,0
653,0,3719,0,0,0
654,0,4319,0,0,0
655,0,3739,0,0,0
656,0,3427,0,0,0
657,0,4057,0,0,0
658,0,4048,0,0,0
659,0,4296,0,0,0
660,0,3828,0,0,0
661,0,4728,0,0,0
662,0,3465,0,0,0
663,0,3679,0,0,0
664,0,3925,0,0,0
665,0,3558,0,0,0
666,0,3786,0,0,0
667,0,3233,0,0,0
668,0,4189,0,0,0
669,0,4187,0,0,0
670,0,4225,0,0,0
671,0,3694,0,0,0
672,0,3552,0,0,0
673,0,4242,0,0,0
674,0,4060,0,0,0
675,0,3923,0,0,0
676,0,3308,0,0,0
677,0,3962,1,0,0
678,0,3563,0,0,0
679,0,4354,0,0,0
680,0,3779,0,0,0
681,0,3893,0,0,0
682,0,3607,0,0,0
683,0,4182,0,0,0
684,0,4069,0,0,0
685,0,3900,0,0,0
686,0,3921,0,0,0
687,0,3716,0,0,0
688,0,3858,0,0,0
689,0,4039,0,0,0
690,0,3753,0,0,0
691,0,4140,0,0,0
692,0,3600,0,0,0
693,0,3512,0,0,0
694,0,4058,1,0,0
695,0,3995,0,0,0
696,0,3796,0,0,0
697,0,3938,0,0,0
698,0,4325,0,0,0
699,0,3656,0,0,0
700,0,3871,0,0,0
701,0,3668,0,0,0
702,0,3496,0,0,0
703,0,4342,0,0,0
704,0,3937,0,0,0
705,0,3632,0,0,0
706,0,3501,0,0,0
707,0,3608,0,0,0
708,0,4310,0,0,0
709,0,4409,0,0,0
710,0,3474,0,0,0
711,0,4064,0,0,0
712,38,3794,0,0,0
713,0,4273,0,0,0
714,0,3845,0,0,0
715,0,3855,0,0,0
716,0,3678,0,0,0
717,0,3803,0,0,0
718,0,3769,0,0,0
719,0,2887,0,0,0
720,0,3579,0,0,0
721,0,4305,0,0,0
722,0,3915,0,0,0
723,0,3547,0,0,0
724,0,3486,0,0,0
725,0,3949,0,0,0
726,0,4195,0,0,0
727,0,3551,0,0,0
728,0,3738,1,0,0
729,0,3800,0,0,0
730,0,3821,0,0,0
731,0,3839,0,0,0
732,0,4426,0,0,0
733,0,4314,0,0,0
734,0,3711,0,0,0
735,0,3969,0,0,0
736,0,3635,0,0,0
737,0,3953,0,0,0
738,0,4739,0,0,0
739,0,3424,0,0,0
740,0,3964,0,0,0
741,0,3754,0,0,0
742,0,3688,0,0,0
743,0,4123,0,0,0
744,0,3713,0,0,0
745,0,4451,0,0,0
746,0,3859,0,0,0
747,0,3954,0,0,0
748,0,3873,0,0,0
749,0,4512,0,0,0
750,0,3563,0,0,0
751,0,3351,0,0,0
752,0,4042,0,0,0
753,0,4349,0,0,0
754,0,3493,0,0,0
755,0,3445,0,0,0
756,0,4726,0,0,0
757,0,3731,0,0,0
758,0,4472,0,0,0
759,0,3582,0,0,0
760,0,3883,0,0,0
761,0,4291,0,0,0
762,0,3709,0,0,0
763,0,3670,0,0,0
764,0,4064,0,0,0
765,0,4008,0,0,0
766,0,3829,0,0,0
767,0,3807,0,0,0
768,14,3935,0,0,0
769,0,3723,0,0,0
770,0,4242,0,0,0
771,0,4009,0,0,0
772,4,3663,0,0,0
773,0,3529,0,0,0
774,0,3728,0,0,0
775,0,4074,0,0,0
776,0,4088,0,0,0
777,0,4146,0,0,0
778,0,3633,0,0,0
779,0,3569,0,0,0
780,0,3718,0,0,0
781,240,4202,1,0,0
782,0,4053,0,0,0
783,0,3533,0,0,0
784,0,3980,0,0,0
785,0,3824,0,0,0
786,0,3500,0,0,0
787,0,4269,0,0,0
788,0,4820,0,0,0
789,0,3741,5,0,0
790,0,4042,0,0,0
791,0,3234,0,0,0
792,0,3808,0,0,0
793,0,4237,0,0,0
794,0,3841,0,0,0
795,0,4052,0,0,0
796,0,3269,0,0,0
797,0,4000,0,0,0
798,0,3523,1,0,0
799,0,3795,0,0,0
800,0,3999,0,0,0
801,0,3810,0,0,0
802,0,3962,0,0,0
803,0,3943,0,0,0
804,0,3588,0,0,0
805,0,4485,0,0,0
806,0,4617,0,0,0
807,0,3787,0,0,0
808,0,4156,0,0,0
809,0,3988,0,0,0
810,0,3626,0,0,0
811,0,3712,0,0,0
812,0,3828,0,0,0
813,0,3584,0,0,0
814,0,4185,0,0,0
815,0,4262,0,0,0
816,0,3529,0,0,0
817,0,4339,0,0,0
818,0,4412,0,0,0
819,0,3536,0,0,0
820,0,3449,0,0,0
821,0,4366,0,0,0
822,0,4923,0,0,0
823,0,3429,0,0,0
824,0,4127,0,0,0
825,0,3536,0,0,0
826,0,4545,0,0,0
827,0,3789,0,0,0
828,0,3093,0,0,0
829,0,3252,0,0,0
830,0,3586,0,0,0
831,0,4565,0,0,0
832,0,3967,0,0,0
833,0,3395,0,0,0
834,0,4173,0,0,0
835,0,4206,0,0,0
836,0,3866,0,0,0
837,0,3172,0,0,0
838,0,4058,0,0,0
839,13,3979,0,0,0
840,0,3880,0,0,0
841,0,3512,0,0,0
842,0,3696,0,0,0
843,0,4319,0,0,0
844,0,4135,0,0,0
845,0,4100,0,0,0
846,0,3413,0,0,0
847,0,3725,0,0,0
848,0,3846,0,0,0
849,0,4098,0,0,0
850,0,4140,0,0,0
851,0,3672,0,0,0
852,0,3570,0,0,0
853,0,3281,0,0,0
854,0,4218,1,0,0
855,0,3932,0,0,0
856,0,3816,0,0,0
857,0,4051,0,0,0
858,0,4073,0,0,0
859,0,3870,0,0,0
860,0,3817,0,0,0
861,21,3965,0,0,0
862,0,4388,0,0,0
863,0,4066,0,0,0
864,0,4032,0,0,0
865,0,4460,0,0,0
866,0,4282,0,0,0
867,0,3623,0,0,0
868,0,4018,0,0,0
869,0,3272,0,0,0
870,0,3223,15,0,0
871,0,3754,0,0,0
872,0,3908,0,0,0
873,0,3408,0,0,0
874,0,3103,0,0,0
875,0,3644,0,0,0
876,0,4559,1,0,0
877,0,3899,0,0,0
878,0,3697,0,0,0
879,0,3485,0,0,0
880,0,4110,0,0,0
881,0,3471,0,0,0
882,0,4030,0,0,0
883,0,3820,0,0,0
884,0,3418,0,0,0
885,0,3780,0,0,0
886,0,4111,0,0,0
887,0,3421,0,0,0
888,0,3586,0,0,0
889,0,3411,0,0,0
890,0,3747,0,0,0
891,0,4007,0,0,0
892,0,4003,0,0,0
893,0,4035,0,0,0
894,0,3383,0,0,0
895,0,4634,0,0,0
896,0,4711,0,0,0
897,0,5043,0,0,0
898,0,3523,0,0,0
899,0,3318,0,0,0
900,0,3800,0,0,0
901,0,3391,0,0,0
902,0,4606,0,0,0
903,0,3506,0,0,0
904,0,3517,0,0,0
905,0,3493,0,0,0
906,0,3292,0,0,0
907,0,4206,0,0,0
908,0,4672,0,0,0
909,0,3447,0,0,0
910,0,3687,0,0,0
911,0,3306,0,0,0
912,0,4076,0,0,0
913,0,3533,0,0,0
914,0,3679,0,0,0
915,0,3885,0,0,0
916,0,3822,0,0,0
917,0,4026,0,0,0
918,0,3826,0,0,0
919,0,3399,1,0,0
920,0,3749,0,0,0
921,0,3743,3,0,0
922,0,3521,0,0,0
923,0,4387,0,0,0
924,0,4050,1,0,0
925,0,3726,0,0,0
926,0,3752,0,0,0
927,0,4056,0,0,0
928,0,4227,0,0,0
929,0,4553,0,0,0
930,0,4055,0,0,0
931,0,3964,0,0,0
932,0,3342,0,0,0
933,0,4117,0,0,0
934,0,3950,0,0,0
935,0,3753,0,0,0
936,0,3695,0,0,0
937,0,4149,0,0,0
938,0,3094,0,0,0
939,0,3251,0,0,0
940,0,3753,0,0,0
941,0,3491,0,0,0
942,0,3796,0,0,0
943,0,4145,0,0,0
944,209,4179,0,0,0
945,0,4412,0,0,0
946,0,3720,2,0,0
947,0,3638,0,0,0
948,0,3603,0,0,0
949,0,3478,0,0,0
950,0,3380,0,0,0
951,0,3786,0,0,0
952,0,3493,0,0,0
953,0,4367,0,0,0
954,0,3419,0,0,0
955,0,3885,0,0,0
956,0,3658,0,0,0
957,0,3564,0,0,0
958,0,4185,0,0,0
959,0,4051,0,0,0
960,0,3783,0,0,0
961,0,4084,0,0,0
962,0,3183,0,0,0
963,0,3917,0,0,0
964,0,3532,0,0,0
965,0,3969,0,0,0
966,0,3770,0,0,0
967,0,3952,0,0,0
968,0,3765,0,0,0
969,0,4265,0,0,0
970,0,3829,0,0,0
971,0,3962,0,0,0
972,0,3586,0,0,0
973,0,4240,0,0,0
974,0,4513,0,0,0
975,0,3325,0,0,0
976,0,3923,0,0,0
977,0,3854,0,0,0
978,0,3987,0,0,0
979,0,3514,0,0,0
980,0,3478,0,0,0
981,0,4450,0,0,0
982,0,3208,0,0,0
983,0,4873,0,0,0
984,0,4222,0,0,0
985,0,3962,0,0,0
986,0,3787,0,0,0
987,0,3959,0,0,0
988,0,4549,0,0,0
989,0,3303,0,0,0
990,0,3700,0,0,0
991,0,3521,0,0,0
992,0,4061,0,0,0
993,0,3406,0,0,0
994,0,3452,0,0,0
995,0,4424,0,0,0
996,0,3780,0,0,0
997,0,3180,0,0,0
998,0,3164,0,0,0
999,0,3707,0,0,0
