Run,PktDrops,d1PktServ,d2PktServ,d1IdleTime,d2IdleTime
0,50,2289,1772,59.9553,59.9648
1,53,1906,1416,59.8103,59.8198
2,83,2087,1585,59.8774,59.8866
3,183,2137,1626,59.878,59.8878
4,130,1903,1427,59.9177,59.9271
5,52,1989,1464,59.8771,59.8865
6,44,1920,1432,59.9339,59.9431
7,186,2088,1571,59.9424,59.9521
8,137,2103,1646,59.8838,59.8925
9,339,2389,1867,59.9552,59.9646
10,119,2077,1579,59.8965,59.9058
11,261,2074,1558,59.8419,59.8517
12,314,2089,1564,59.8741,59.8835
13,158,2172,1677,59.9292,59.9391
14,0,1830,1337,59.9132,59.9223
15,115,2235,1731,59.8724,59.8819
16,150,2171,1633,59.8351,59.8449
17,104,2079,1571,59.9284,59.9375
18,170,2347,1818,59.9395,59.9494
19,243,2330,1791,59.9553,59.9648
20,177,2154,1645,59.9175,59.9269
21,18,2252,1771,59.8917,59.901
22,307,2207,1676,59.9194,59.9291
23,59,2194,1663,59.9567,59.966
24,40,2291,1772,59.9276,59.9373
25,153,2139,1621,59.9362,59.9457
26,111,2250,1738,59.914,59.9234
27,213,2167,1643,59.8959,59.9054
28,453,2201,1624,59.9092,59.9192
29,359,2116,1555,59.9538,59.9638
30,171,2195,1672,59.9553,59.9652
31,63,2174,1656,59.9541,59.9636
32,325,2056,1535,59.8764,59.886
33,608,2428,1917,59.8797,59.8893
34,64,1948,1441,59.9444,59.954
35,56,2108,1615,59.8119,59.821
36,205,2096,1583,59.9225,59.9317
37,229,2368,1872,59.9,59.9093
38,144,2163,1619,59.8389,59.8489
39,307,2130,1645,59.8935,59.9024
40,117,2101,1597,59.9557,59.9651
41,132,2199,1692,59.9001,59.9094
42,61,2275,1759,59.9275,59.937
43,28,1794,1311,59.8924,59.9015
44,149,1906,1389,59.9112,59.9211
45,204,2222,1707,59.9561,59.9655
46,130,2131,1600,59.8888,59.8982
47,122,2230,1746,59.9576,59.9665
48,1,1936,1411,59.9535,59.963
49,15,2150,1634,59.9471,59.9562
50,46,2149,1657,59.9461,59.9558
51,26,2022,1505,59.889,59.8985
52,22,2037,1533,59.9428,59.9524
53,326,1943,1511,59.9624,59.9709
54,176,2096,1596,59.8956,59.905
55,76,1880,1370,59.8737,59.8834
56,176,2107,1605,59.9565,59.9659
57,161,2006,1475,59.949,59.9585
58,248,2117,1601,59.9547,59.964
59,105,2001,1476,59.9252,59.9344
60,48,2045,1557,59.8772,59.8863
61,86,2058,1543,59.9264,59.936
62,13,1915,1381,59.9345,59.9446
63,59,2255,1754,59.9177,59.9266
64,251,2007,1476,59.8344,59.8445
65,197,2274,1771,59.9494,59.9587
66,267,2390,1894,59.9344,59.9435
67,141,2084,1567,59.8409,59.8504
68,49,1972,1496,59.9633,59.9718
69,178,2249,1724,59.9406,59.95
70,32,1925,1468,59.8694,59.8782
71,5,1996,1471,59.7858,59.7949
72,172,1949,1477,59.9556,59.9645
73,90,1894,1408,59.9135,59.9226
74,124,1958,1453,59.9576,59.9674
75,471,2044,1526,59.8415,59.8508
76,581,2180,1665,59.8855,59.8949
77,191,2001,1514,59.9424,59.9515
78,165,1975,1456,59.9456,59.9552
79,305,2273,1732,59.8829,59.8932
80,12,2222,1738,59.8771,59.886
81,31,2026,1554,59.9453,59.9543
82,150,2101,1598,59.8553,59.8643
83,90,2077,1589,59.9015,59.9108
84,156,2214,1657,59.9532,59.9634
85,17,2092,1620,59.9548,59.9641
86,256,1966,1463,59.9292,59.939
87,79,2041,1536,59.9222,59.932
88,353,2214,1681,59.9189,59.9287
89,3,1926,1406,59.9412,59.9507
90,10,1946,1462,59.7695,59.7785
91,145,2195,1684,59.9245,59.9346
92,120,2126,1617,59.9196,59.9289
93,77,1762,1273,59.9628,59.9713
94,261,2417,1898,59.936,59.9459
95,194,2165,1653,59.9587,59.9682
96,111,1992,1464,59.9393,59.949
97,48,2197,1708,59.8546,59.8635
98,321,2079,1575,59.9024,59.9118
99,107,1946,1405,59.8657,59.8753
100,276,2238,1750,59.9575,59.9669
101,236,2237,1684,59.736,59.7459
102,26,1984,1477,59.8757,59.8852
103,157,2333,1809,59.9397,59.9494
104,0,2008,1531,59.9454,59.9542
105,13,2107,1642,59.9389,59.9476
106,149,2022,1519,59.8847,59.8939
107,626,2182,1653,59.9468,59.9565
108,220,2101,1571,59.9558,59.9658
109,0,1836,1305,59.9116,59.921
110,9,2086,1579,59.944,59.9536
111,255,2260,1726,59.9159,59.9261
112,59,2076,1499,59.9505,59.9607
113,441,2264,1744,59.8232,59.8328
114,0,2055,1501,59.9172,59.9264
115,110,2060,1542,59.9101,59.9195
116,205,2121,1646,59.937,59.9455
117,5,1839,1287,59.9437,59.9538
118,53,1921,1418,59.9536,59.9628
119,211,2202,1703,59.9389,59.9485
120,86,2143,1652,59.9543,59.9634
121,19,2256,1737,59.9343,59.9437
122,43,2085,1542,59.912,59.9221
123,302,2323,1778,59.9513,59.9609
124,57,2023,1472,59.9543,59.9643
125,143,2292,1796,59.9548,59.9644
126,218,2008,1501,59.9146,59.9239
127,36,2073,1557,59.8614,59.8708
128,25,2119,1634,59.8887,59.8986
129,183,2082,1583,59.9324,59.9418
130,205,2117,1562,59.8861,59.8962
131,125,1997,1441,59.8694,59.8792
132,91,2191,1643,59.926,59.9357
133,48,2063,1579,59.9283,59.9374
134,193,2360,1809,59.9347,59.9446
135,73,1961,1446,59.9188,59.9282
136,55,1855,1342,59.8743,59.8838
137,140,2090,1626,59.9274,59.9365
138,30,2260,1718,59.912,59.9219
139,109,1937,1428,59.952,59.9617
140,140,2045,1564,59.884,59.893
141,140,2083,1546,59.9128,59.9226
142,210,2040,1541,59.9053,59.9145
143,137,2306,1783,59.9565,59.9659
144,67,2164,1655,59.9572,59.9661
145,123,2145,1636,59.8846,59.8941
146,375,2226,1732,59.8333,59.8421
147,51,2271,1782,59.8489,59.8582
148,431,2019,1533,59.9292,59.9383
149,0,2021,1497,59.9225,59.9322
150,118,2076,1582,59.9389,59.9483
151,175,2091,1560,59.9142,59.9237
152,66,2267,1707,59.9005,59.9103
153,260,1959,1479,59.9035,59.9128
154,6,1981,1484,59.9325,59.9417
155,203,2074,1566,59.9603,59.9693
156,241,2216,1686,59.9257,59.9348
157,109,2086,1580,59.9607,59.9706
158,59,2131,1629,59.8371,59.8465
159,184,2298,1791,59.9267,59.9363
160,335,2186,1684,59.8829,59.8921
161,22,2054,1503,59.9274,59.9375
162,270,2428,1963,59.9144,59.9226
163,276,1926,1426,59.8302,59.8393
164,72,1978,1471,59.9533,59.9625
165,150,2324,1845,59.8237,59.8325
166,14,1977,1482,59.9478,59.9567
167,49,2126,1636,59.9232,59.9325
168,8,2028,1510,59.9178,59.9269
169,209,1956,1492,59.9599,59.9686
170,72,2106,1576,59.7544,59.7642
171,107,2167,1680,59.9374,59.9463
172,237,2131,1607,59.8962,59.9061
173,111,2198,1699,59.9308,59.9401
174,179,2437,1896,59.9388,59.9486
175,15,2112,1598,59.6975,59.7068
176,276,2198,1711,59.8964,59.9052
177,141,2126,1566,59.9515,59.9611
178,172,2149,1683,59.9374,59.9465
179,108,2176,1677,59.8851,59.8945
180,386,2176,1666,59.9209,59.9303
181,186,2002,1488,59.8747,59.8842
182,243,2096,1633,59.9561,59.9648
183,0,1934,1409,59.8671,59.8763
184,74,2385,1880,59.8608,59.8703
185,34,1949,1485,59.9482,59.9571
186,260,2159,1654,59.9098,59.9195
187,15,2079,1568,59.9014,59.9107
188,283,1804,1292,59.9651,59.9747
189,208,2141,1649,59.95,59.9591
190,38,2010,1470,59.793,59.8029
191,6,1960,1434,59.8355,59.8451
192,24,1722,1215,59.8415,59.8508
193,44,2067,1546,59.9264,59.9356
194,129,2249,1734,59.9156,59.925
195,90,2011,1502,59.8991,59.9086
196,0,1944,1441,59.94,59.9492
197,203,1933,1441,59.9152,59.9243
198,165,2194,1672,59.8224,59.8318
199,40,1931,1458,59.9557,59.9649
200,321,1914,1377,59.8926,59.902
201,131,2263,1776,59.9176,59.9267
202,109,2153,1637,59.9198,59.9294
203,347,2270,1777,59.8792,59.8889
204,196,1995,1485,59.9401,59.9497
205,15,1987,1442,59.7608,59.7706
206,182,2121,1596,59.8658,59.8755
207,30,2012,1481,59.9063,59.9161
208,150,2001,1468,59.9052,59.915
209,120,2121,1586,59.9292,59.9389
210,8,2032,1566,59.9196,59.9286
211,61,2040,1515,59.9608,59.9707
212,53,2019,1488,59.8473,59.8569
213,305,2130,1639,59.8633,59.8724
214,42,1909,1419,59.9289,59.9379
215,0,2033,1491,59.8893,59.8992
216,101,2515,2027,59.9344,59.9437
217,241,2230,1727,59.8658,59.8749
218,102,2169,1676,59.795,59.8041
219,125,2103,1583,59.9432,59.953
220,75,2028,1520,59.8983,59.908
221,216,2264,1755,59.8108,59.8197
222,93,2252,1697,59.8984,59.9087
223,48,2049,1498,59.931,59.9408
224,170,2069,1612,59.8977,59.9063
225,116,2093,1548,59.9553,59.9654
226,143,2006,1483,59.8662,59.8759
227,502,2290,1818,59.926,59.9352
228,4,2032,1559,59.9127,59.9218
229,50,2153,1622,59.868,59.878
230,180,2048,1547,59.9519,59.9611
231,169,2261,1745,59.8831,59.8926
232,47,1910,1374,59.9512,59.9604
233,57,2173,1674,59.93,59.9389
234,231,2099,1596,59.9256,59.9347
235,104,2156,1613,59.9413,59.9509
236,89,1875,1413,59.9477,59.9569
237,158,2521,2033,59.9369,59.9464
238,163,1961,1428,59.8736,59.8837
239,77,2007,1465,59.9485,59.9583
240,107,2070,1544,59.9432,59.9525
241,297,2062,1570,59.844,59.853
242,113,2256,1767,59.8993,59.9086
243,134,2172,1683,59.8422,59.8514
244,36,1914,1377,59.9469,59.9569
245,116,2106,1572,59.8851,59.8947
246,181,2386,1838,59.9081,59.9177
247,133,2220,1687,59.8978,59.9073
248,193,1961,1494,59.8756,59.8847
249,194,2451,1939,59.9225,59.932
250,145,2008,1493,59.9548,59.9643
251,96,1788,1317,59.9553,59.9643
252,54,1991,1466,59.9233,59.9325
253,241,2301,1790,59.9209,59.9308
254,138,2128,1651,59.9578,59.9672
255,53,1862,1361,59.8707,59.8802
256,163,2163,1624,59.8913,59.901
257,44,2054,1587,59.9437,59.9527
258,19,2285,1735,59.9085,59.9187
259,6,2089,1538,59.8142,59.824
260,68,2151,1631,59.8666,59.876
261,83,2354,1846,59.9239,59.9332
262,7,1988,1468,59.8612,59.8705
263,46,2079,1554,59.8497,59.8593
264,67,1802,1261,59.9588,59.9685
265,56,2114,1595,59.9598,59.9696
266,399,2144,1636,59.9229,59.9325
267,181,1991,1503,59.9134,59.9229
268,456,2241,1721,59.884,59.8934
269,60,1961,1426,59.9157,59.9254
270,25,1988,1453,59.9276,59.9372
271,202,2334,1820,59.9443,59.9534
272,129,2014,1551,59.9549,59.9635
273,126,2064,1571,59.9153,59.9245
274,3,1932,1406,59.9366,59.9465
275,239,1967,1431,59.8826,59.892
276,822,2352,1832,59.8722,59.8812
277,199,2205,1705,59.8723,59.8815
278,29,1731,1249,59.9067,59.9161
279,254,2299,1815,59.9423,59.9516
280,105,2035,1544,59.8079,59.817
281,49,2128,1647,59.9539,59.9628
282,41,2013,1469,59.8988,59.9083
283,194,2292,1815,59.9387,59.9474
284,0,1752,1251,59.9171,59.9268
285,53,2009,1542,59.9282,59.9373
286,51,2144,1641,59.9057,59.9153
287,239,2265,1761,59.9482,59.9574
288,444,2510,2030,59.9357,59.9446
289,178,2309,1840,59.9114,59.9202
290,101,1939,1368,59.9555,59.966
291,433,2175,1711,59.9509,59.9595
292,218,1982,1471,59.9235,59.9331
293,331,2153,1665,59.9486,59.9576
294,50,1783,1277,59.9433,59.9525
295,169,2033,1514,59.8978,59.9069
296,151,2163,1689,59.7827,59.7917
297,275,2097,1575,59.8,59.8097
298,110,2012,1514,59.949,59.9582
299,57,2392,1870,59.8967,59.906
300,102,1881,1368,59.8605,59.87
301,77,2202,1711,59.9426,59.9518
302,280,2303,1769,59.9371,59.9471
303,306,2171,1643,59.8788,59.888
304,59,2016,1527,59.9207,59.9298
305,47,1967,1464,59.9277,59.9367
306,254,2232,1742,59.8721,59.8812
307,62,2079,1542,59.8983,59.9081
308,31,1947,1449,59.8849,59.8942
309,186,1908,1433,59.8889,59.8975
310,116,2251,1748,59.9553,59.9646
311,22,2070,1568,59.9542,59.9632
312,86,2091,1579,59.9251,59.9352
313,154,2122,1615,59.9428,59.9524
314,198,2027,1497,59.9393,59.9492
315,64,1985,1476,59.9412,59.9504
316,205,1875,1379,59.924,59.9331
317,263,2097,1589,59.9185,59.9275
318,59,1867,1377,59.7737,59.7827
319,157,2072,1583,59.9075,59.9168
320,356,2352,1853,59.9537,59.963
321,54,2201,1658,59.7425,59.752
322,294,2497,1984,59.8764,59.8854
323,167,2246,1745,59.9139,59.923
324,101,1924,1448,59.8394,59.8487
325,246,2093,1565,59.9461,59.9557
326,594,2218,1735,59.8578,59.8666
327,41,2118,1646,59.8994,59.9083
328,132,2076,1575,59.9257,59.9352
329,309,2047,1511,59.9302,59.94
330,153,1977,1473,59.9428,59.9524
331,180,2113,1621,59.8563,59.8652
332,254,2112,1550,59.9313,59.9414
333,102,1904,1388,59.9399,59.9492
334,518,2241,1756,59.9249,59.934
335,122,2136,1663,59.9135,59.9223
336,92,2215,1716,59.9587,59.9679
337,177,2079,1584,59.9086,59.9176
338,25,2122,1581,59.9374,59.9472
339,286,2203,1683,59.8781,59.8876
340,84,2185,1667,59.9222,59.932
341,17,1937,1449,59.9131,59.9226
342,170,2221,1723,59.9337,59.9423
343,301,2198,1708,59.8408,59.85
344,81,1907,1415,59.9244,59.9335
345,13,2036,1563,59.8155,59.825
346,108,2000,1522,59.9408,59.95
347,33,1946,1446,59.9424,59.9517
348,131,2035,1511,59.9517,59.9612
349,158,2506,1998,59.8815,59.8911
350,191,2305,1819,59.9394,59.9483
351,15,2048,1541,59.8926,59.902
352,266,2222,1694,59.9047,59.9142
353,86,2055,1565,59.9025,59.9114
354,66,2138,1656,59.9345,59.9431
355,19,2160,1639,59.921,59.9304
356,159,2263,1753,59.9343,59.9439
357,283,2046,1552,59.9096,59.9187
358,144,1910,1389,59.9582,59.9676
359,274,2099,1624,59.9546,59.9637
360,13,2018,1475,59.9207,59.9307
361,154,1996,1484,59.9211,59.93
362,254,2164,1642,59.9486,59.9583
363,102,2086,1587,59.9298,59.9391
364,24,2043,1550,59.8696,59.8787
365,179,2088,1589,59.9568,59.9659
366,183,2151,1614,59.9419,59.9518
367,17,2115,1619,59.932,59.9412
368,63,1877,1322,59.9058,59.9163
369,312,2336,1844,59.9023,59.9117
370,91,2099,1559,59.8858,59.8955
371,278,2282,1768,59.9336,59.9424
372,279,2154,1626,59.9308,59.9405
373,51,1946,1472,59.964,59.9727
374,83,2021,1481,59.9085,59.9183
375,43,2042,1566,59.9556,59.9645
376,269,1892,1394,59.9623,59.9714
377,81,1880,1371,59.9136,59.9229
378,59,1825,1335,59.9237,59.9328
379,108,2035,1526,59.8855,59.8944
380,147,2163,1657,59.8745,59.884
381,212,2173,1686,59.93,59.9392
382,123,2143,1603,59.9537,59.9634
383,146,2074,1598,59.8684,59.877
384,127,2269,1773,59.8552,59.8645
385,35,2216,1676,59.8087,59.8187
386,643,2002,1465,59.9593,59.969
387,63,1976,1454,59.9454,59.9548
388,208,2252,1724,59.878,59.8874
389,35,1981,1449,59.9446,59.9547
390,362,2474,1959,59.9302,59.9399
391,18,1897,1358,59.875,59.8847
392,126,2107,1589,59.9335,59.9426
393,237,1942,1487,59.9532,59.9621
394,10,2045,1537,59.9606,59.97
395,140,2199,1699,59.8123,59.8214
396,355,2476,1981,59.7958,59.8048
397,176,2121,1667,59.8974,59.9061
398,150,1989,1445,59.9593,59.9693
399,44,2123,1612,59.8668,59.8766
400,74,1890,1384,59.8431,59.8523
401,56,1946,1432,59.9269,59.936
402,191,2004,1508,59.8538,59.8634
403,162,2154,1690,59.8528,59.8615
404,0,2124,1596,59.878,59.8876
405,14,2035,1513,59.9567,59.966
406,384,2327,1821,59.8325,59.8417
407,356,2106,1603,59.8553,59.8645
408,53,2203,1678,59.928,59.938
409,252,2106,1579,59.9461,59.956
410,204,2318,1804,59.9362,59.9454
411,40,1886,1357,59.8502,59.8601
412,109,1986,1488,59.9569,59.9663
413,95,2115,1613,59.8687,59.8779
414,98,2014,1523,59.9298,59.9391
415,467,2153,1630,59.9252,59.9346
416,42,2087,1590,59.9383,59.9471
417,221,2331,1843,59.89,59.8987
418,132,2296,1760,59.9455,59.955
419,228,2058,1520,59.8687,59.8783
420,22,2000,1506,59.8938,59.9031
421,92,1889,1349,59.9343,59.9439
422,192,2117,1616,59.9205,59.93
423,241,2364,1787,59.8964,59.9066
424,96,2126,1602,59.9188,59.9282
425,0,1966,1463,59.9275,59.9369
426,55,2090,1617,59.8574,59.8665
427,81,2081,1605,59.8384,59.8474
428,294,1709,1184,59.9589,59.9686
429,134,2180,1688,59.9457,59.9549
430,72,2217,1701,59.8794,59.8882
431,268,2261,1728,59.9188,59.9281
432,60,1986,1481,59.927,59.936
433,335,2479,1974,59.9312,59.9401
434,211,2119,1612,59.9321,59.9411
435,63,2017,1512,59.9345,59.9439
436,79,2444,1936,59.8984,59.9077
437,446,1906,1396,59.9512,59.9608
438,179,2114,1598,59.821,59.83
439,101,2177,1701,59.9451,59.9544
440,115,1879,1350,59.9586,59.9681
441,8,1979,1487,59.8239,59.833
442,7,2105,1630,59.8628,59.872
443,259,2170,1686,59.9471,59.9561
444,191,2138,1629,59.9392,59.9491
445,37,2035,1515,59.9284,59.9385
446,1,2040,1516,59.8887,59.8979
447,140,2142,1646,59.9423,59.9518
448,343,2169,1681,59.8634,59.8729
449,129,1971,1476,59.8753,59.8854
450,372,2095,1573,59.9006,59.91
451,99,1806,1266,59.8956,59.9053
452,122,2043,1527,59.9451,59.9549
453,165,2129,1613,59.9143,59.9243
454,284,2240,1717,59.8576,59.8669
455,221,2093,1575,59.8247,59.8342
456,253,2342,1854,59.9374,59.9467
457,77,2075,1555,59.9523,59.9615
458,32,1934,1438,59.8467,59.856
459,196,2125,1607,59.9537,59.9636
460,378,2189,1682,59.8923,59.9016
461,156,2334,1796,59.87,59.8792
462,134,2098,1582,59.9476,59.9574
463,95,2338,1832,59.9281,59.9373
464,172,1920,1428,59.9538,59.9628
465,103,2161,1650,59.7938,59.8034
466,142,1915,1419,59.9554,59.9644
467,112,2039,1530,59.9298,59.9394
468,61,2084,1556,59.9331,59.9431
469,0,2039,1484,59.786,59.7962
470,23,1956,1411,59.8336,59.8436
471,136,2259,1734,59.9502,59.9596
472,356,2327,1790,59.951,59.9604
473,138,2033,1515,59.9054,59.9151
474,143,2152,1640,59.8433,59.8526
475,396,2208,1728,59.7988,59.8081
476,67,1846,1304,59.9531,59.9622
477,219,2214,1755,59.9531,59.9618
478,218,1923,1415,59.9612,59.9713
479,220,2100,1596,59.9299,59.9392
480,108,2041,1575,59.8836,59.8925
481,209,2088,1600,59.9337,59.9429
482,26,2054,1585,59.8713,59.8803
483,290,2199,1657,59.9439,59.9537
484,114,1932,1463,59.9439,59.9532
485,66,1991,1518,59.9591,59.9682
486,56,2115,1611,59.8083,59.8175
487,196,2087,1554,59.9213,59.9309
488,61,2208,1731,59.8337,59.8426
489,77,1975,1430,59.9483,59.9581
490,93,2113,1627,59.844,59.853
491,114,2038,1543,59.9143,59.9236
492,264,2071,1539,59.9509,59.9606
493,198,2097,1561,59.8563,59.866
494,217,2263,1780,59.9582,59.9667
495,151,2321,1777,59.9512,59.9612
496,10,1755,1256,59.9173,59.9265
497,124,1995,1500,59.9312,59.9404
498,68,1937,1441,59.9146,59.9238
499,276,2079,1530,59.883,59.8927
500,405,2450,1941,59.9205,59.9303
501,99,2199,1657,59.9295,59.9395
502,192,2217,1664,59.9536,59.963
503,130,2024,1510,59.9612,59.9707
504,237,2191,1691,59.9013,59.9105
505,96,1998,1467,59.8491,59.8587
506,76,1853,1335,59.8904,59.8995
507,150,2147,1661,59.9237,59.9325
508,158,2075,1563,59.9292,59.9383
509,343,2248,1703,59.8943,59.9046
510,78,2008,1475,59.8501,59.8598
511,154,1967,1434,59.9542,59.964
512,228,2054,1530,59.9575,59.9672
513,42,2043,1551,59.961,59.9704
514,138,2310,1808,59.9034,59.9125
515,55,2006,1532,59.915,59.924
516,124,2023,1510,59.9063,59.9162
517,59,2110,1587,59.8762,59.8855
518,138,2109,1583,59.9381,59.9477
519,45,1908,1411,59.9147,59.9239
520,44,1966,1472,59.9309,59.9403
521,166,1897,1434,59.9495,59.9584
522,111,2477,2009,59.9162,59.9252
523,88,1873,1355,59.9335,59.9434
524,126,2072,1619,59.9341,59.9429
525,153,2082,1589,59.9187,59.9282
526,332,2162,1628,59.9581,59.9677
527,247,2316,1804,59.9157,59.9244
528,361,2157,1672,59.834,59.8432
529,77,2116,1665,59.862,59.8702
530,79,1922,1402,59.8704,59.8804
531,51,2057,1565,59.9207,59.9296
532,13,1794,1309,59.9231,59.9322
533,124,2145,1642,59.9126,59.9213
534,41,2251,1711,59.9518,59.9618
535,47,1942,1413,59.9335,59.9433
536,262,2120,1606,59.669,59.6785
537,208,2027,1500,59.9404,59.9501
538,92,2178,1667,59.912,59.9215
539,132,1787,1306,59.9507,59.9603
540,68,2282,1747,59.9503,59.9596
541,134,2075,1598,59.8869,59.8959
542,58,1755,1274,59.8156,59.8247
543,81,1923,1429,59.9606,59.9693
544,281,2079,1539,59.9475,59.957
545,24,2203,1731,59.9253,59.9339
546,121,2125,1627,59.8519,59.8609
547,156,2296,1711,59.9444,59.9548
548,212,2113,1589,59.9411,59.951
549,66,2148,1599,59.9046,59.9145
550,239,2087,1616,59.9453,59.9543
551,126,2390,1911,59.9215,59.9302
552,82,2185,1694,59.8465,59.8556
553,138,2189,1717,59.9371,59.9458
554,245,2249,1741,59.8979,59.9073
555,163,2013,1522,59.9568,59.9661
556,6,2115,1596,59.9096,59.9193
557,114,2414,1875,59.7633,59.7731
558,62,1970,1451,59.8644,59.8738
559,245,2150,1667,59.8757,59.8853
560,219,2210,1692,59.9301,59.9391
561,10,1814,1339,59.8966,59.9058
562,121,2127,1586,59.9423,59.9522
563,33,1930,1367,59.9457,59.9561
564,274,1948,1450,59.9465,59.9559
565,189,2287,1738,59.919,59.929
566,322,2391,1880,59.9037,59.9126
567,7,2072,1541,59.8387,59.8485
568,34,1997,1486,59.8399,59.8494
569,102,2031,1511,59.8924,59.9024
570,8,1969,1449,59.9326,59.942
571,393,2262,1749,59.9504,59.9603
572,0,1948,1439,59.9157,59.9254
573,104,2043,1532,59.7287,59.7383
574,99,2284,1828,59.951,59.9596
575,118,2110,1658,59.8793,59.8881
576,199,2294,1802,59.9265,59.9358
577,159,2171,1626,59.8677,59.8774
578,129,2161,1662,59.9185,59.9281
579,316,2265,1818,59.8153,59.8234
580,83,2171,1656,59.9357,59.9453
581,24,1898,1354,59.9512,59.9613
582,198,2437,1952,59.8028,59.8119
583,0,1955,1456,59.8262,59.836
584,105,2228,1737,59.9057,59.9148
585,72,2106,1604,59.7723,59.7814
586,332,2027,1512,59.9308,59.9403
587,29,1846,1341,59.9141,59.9237
588,202,1990,1446,59.9343,59.9443
589,93,2409,1876,59.913,59.9232
590,75,2124,1588,59.8966,59.9064
591,217,2050,1489,59.775,59.785
592,38,2007,1548,59.9612,59.9701
593,225,1988,1464,59.9061,59.9156
594,33,1872,1367,59.8118,59.8205
595,40,2007,1462,59.9185,59.928
596,287,2363,1883,59.9246,59.9333
597,62,2218,1736,59.9415,59.9504
598,104,2074,1565,59.9351,59.9446
599,91,2094,1580,59.8425,59.8518
600,96,1733,1234,59.8662,59.8757
601,138,2211,1672,59.9395,59.9494
602,119,2158,1638,59.9521,59.9621
603,0,2158,1663,59.9491,59.9581
604,20,2180,1687,59.7291,59.7385
605,218,2303,1820,59.8273,59.8361
606,146,2218,1750,59.8819,59.8908
607,154,2309,1778,59.9079,59.9174
608,113,1906,1397,59.9376,59.9471
609,54,2084,1603,59.9461,59.9552
610,168,2281,1790,59.9271,59.9359
611,145,2174,1660,59.9014,59.9109
612,357,1816,1298,59.7791,59.7888
613,304,2281,1755,59.9409,59.9502
614,118,1975,1512,59.8454,59.8542
615,169,1779,1274,59.8902,59.9003
616,72,1993,1448,59.9113,59.9207
617,98,1881,1360,59.926,59.9356
618,30,2271,1762,59.9466,59.9559
619,36,2140,1608,59.9572,59.9669
620,115,1908,1432,59.8236,59.8327
621,163,1929,1424,59.8864,59.8957
622,60,1962,1453,59.9211,59.9304
623,35,2256,1708,59.9268,59.9365
624,232,2097,1596,59.8523,59.8614
625,52,1938,1414,59.9598,59.9693
626,123,2102,1573,59.9429,59.9527
627,35,2337,1832,59.9373,59.9468
628,171,2015,1494,59.8798,59.8896
629,200,2205,1699,59.9167,59.926
630,168,2268,1797,59.9575,59.9661
631,58,1934,1453,59.9147,59.9237
632,176,2098,1615,59.8835,59.8923
633,41,1945,1450,59.942,59.951
634,14,1876,1359,59.9451,59.9546
635,271,2226,1763,59.9468,59.956
636,47,2086,1577,59.8671,59.8763
637,178,2068,1551,59.9499,59.9594
638,151,2083,1560,59.9343,59.9434
639,26,1931,1413,59.9135,59.9233
640,148,2128,1643,59.8535,59.8629
641,258,1825,1324,59.9439,59.9536
642,300,2481,1982,59.909,59.918
643,69,2097,1608,59.8742,59.8828
644,244,2095,1590,59.9152,59.9244
645,8,1748,1241,59.8218,59.8313
646,204,2160,1647,59.8849,59.8943
647,5,2091,1648,59.8709,59.8794
648,44,2135,1584,59.9307,59.9411
649,62,2037,1538,59.955,59.9639
650,76,2037,1499,59.9163,59.9259
651,221,2161,1674,59.8681,59.8774
652,52,1879,1376,59.9644,59.9736
653,110,2287,1776,59.8762,59.8856
654,211,1942,1432,59.9481,59.9578
655,155,2219,1697,59.9415,59.9513
656,21,1842,1353,59.9268,59.9356
657,21,2143,1622,59.9287,59.9385
658,116,2037,1538,59.9553,59.9646
659,96,2233,1706,59.9521,59.9618
660,402,2198,1615,59.9537,59.9642
661,154,2312,1799,59.897,59.9066
662,55,1939,1429,59.8347,59.8441
663,299,2113,1609,59.951,59.9604
664,146,2188,1662,59.943,59.9523
665,131,2104,1616,59.9577,59.9664
666,137,2100,1619,59.9443,59.954
667,342,2323,1794,59.8269,59.8371
668,174,2110,1639,59.9249,59.9339
669,66,2251,1718,59.9338,59.943
670,185,2019,1510,59.8956,59.9048
671,55,2085,1556,59.8518,59.8614
672,54,1961,1464,59.8701,59.8795
673,111,1947,1440,59.9325,59.942
674,31,2077,1559,59.8802,59.8894
675,73,1939,1432,59.949,59.9585
676,43,2152,1622,59.9466,59.9565
677,93,2103,1575,59.9031,59.9126
678,251,2357,1808,59.9469,59.9564
679,225,2029,1519,59.9296,59.9392
680,108,2114,1628,59.9339,59.9433
681,247,2106,1543,59.8611,59.871
682,147,2245,1737,59.9038,59.9134
683,89,2197,1694,59.9336,59.9431
684,139,2098,1598,59.9599,59.9685
685,199,1962,1447,59.902,59.9112
686,85,1988,1490,59.9077,59.917
687,12,1984,1450,59.9452,59.9549
688,78,1908,1400,59.9491,59.9585
689,183,2012,1521,59.9269,59.9361
690,89,2106,1574,59.8633,59.8729
691,95,2077,1582,59.9532,59.9626
692,230,2061,1583,59.9107,59.9201
693,182,2242,1728,59.9586,59.9674
694,324,2189,1673,59.9063,59.9159
695,156,2140,1636,59.9274,59.9367
696,108,2379,1900,59.9522,59.9612
697,115,1887,1398,59.9597,59.9689
698,245,2161,1646,59.923,59.9332
699,100,2191,1662,59.935,59.9444
700,63,2126,1615,59.8192,59.8283
701,164,2221,1690,59.9425,59.9522
702,3,2249,1758,59.8771,59.8862
703,79,2016,1498,59.9277,59.9373
704,150,2062,1529,59.9567,59.9661
705,105,2035,1566,59.8871,59.896
706,208,2275,1753,59.9283,59.9373
707,30,2072,1581,59.9237,59.9327
708,136,1977,1479,59.8805,59.8897
709,51,2029,1531,59.8204,59.8297
710,118,2005,1499,59.9531,59.9624
711,192,1969,1428,59.9359,59.9452
712,3,2022,1520,59.9406,59.9497
713,95,2216,1684,59.8956,59.9053
714,307,2213,1722,59.9359,59.9454
715,269,2325,1782,59.9118,59.9212
716,71,2094,1579,59.9535,59.9628
717,57,1757,1287,59.9581,59.9668
718,264,2163,1666,59.9368,59.9459
719,229,2148,1632,59.9536,59.9634
720,153,2210,1700,59.8047,59.8146
721,93,2015,1484,59.9193,59.9288
722,131,2070,1562,59.9609,59.9701
723,96,2425,1866,59.8433,59.8534
724,388,2181,1707,59.7821,59.7914
725,76,2043,1522,59.9104,59.9199
726,95,1819,1274,59.9551,59.9651
727,107,2043,1514,59.8948,59.9042
728,114,1946,1439,59.8892,59.8984
729,50,1921,1381,59.89,59.8996
730,87,2033,1505,59.8157,59.8255
731,127,2170,1701,59.9286,59.9373
732,286,2177,1613,59.9537,59.9635
733,146,2208,1701,59.8832,59.8924
734,86,2165,1685,59.9425,59.9513
735,214,2033,1497,59.8293,59.8389
736,228,2399,1858,59.8655,59.8752
737,115,2022,1521,59.8275,59.8368
738,21,1693,1173,59.9473,59.9568
739,174,2076,1543,59.8521,59.8618
740,143,1963,1434,59.9496,59.959
741,124,1957,1450,59.9497,59.9594
742,158,2262,1771,59.8676,59.877
743,107,2277,1771,59.8747,59.8842
744,5,2043,1528,59.8687,59.8786
745,433,2001,1509,59.9392,59.9489
746,390,2115,1645,59.94,59.9488
747,11,2127,1648,59.9085,59.9175
748,187,2256,1772,59.8929,59.9016
749,63,2283,1778,59.9489,59.9585
750,360,2100,1608,59.9273,59.9366
751,98,2094,1593,59.9521,59.9616
752,160,2026,1526,59.9355,59.9451
753,332,2158,1651,59.8681,59.8777
754,175,2225,1733,59.9454,59.9547
755,130,2095,1569,59.893,59.9025
756,106,2042,1517,59.9203,59.9297
757,321,2059,1551,59.9016,59.9111
758,118,2332,1831,59.8584,59.8674
759,34,2093,1548,59.8997,59.9094
760,23,2046,1544,59.9538,59.9633
761,52,1833,1340,59.8058,59.8151
762,12,1931,1462,59.9634,59.9723
763,202,2190,1684,59.9425,59.9515
764,204,2305,1806,59.9128,59.9221
765,130,2045,1520,59.922,59.9312
766,596,2461,1916,59.9036,59.9134
767,224,2123,1608,59.9578,59.9667
768,10,2142,1641,59.9165,59.926
769,343,2151,1671,59.8376,59.8468
770,47,2149,1661,59.9348,59.9437
771,42,1919,1426,59.8786,59.8876
772,326,2150,1669,59.9217,59.9308
773,44,2036,1525,59.9079,59.9174
774,101,2144,1654,59.9176,59.9271
775,275,2030,1479,59.9098,59.9194
776,316,2335,1818,59.8609,59.8704
777,315,2186,1677,59.9103,59.9192
778,121,2020,1493,59.9557,59.9652
779,170,2109,1589,59.8527,59.8621
780,18,1856,1327,59.9582,59.9677
781,285,1910,1394,59.9148,59.9244
782,4,2047,1530,59.9287,59.9386
783,130,2158,1654,59.8698,59.8789
784,13,2131,1598,59.9575,59.9671
785,260,2090,1609,59.9403,59.9493
786,144,1986,1482,59.8879,59.8973
787,98,2013,1517,59.943,59.9521
788,94,2129,1628,59.9579,59.967
789,101,1852,1319,59.9537,59.9638
790,74,2040,1531,59.945,59.9547
791,31,1900,1389,59.8484,59.8577
792,166,2099,1595,59.9436,59.9527
793,107,2007,1481,59.9081,59.918
794,92,2089,1535,59.8691,59.8793
795,0,2169,1665,59.9432,59.9528
796,177,2533,2034,59.9091,59.9185
797,333,2171,1688,59.9131,59.9224
798,155,2269,1746,59.8677,59.8771
799,88,2033,1561,59.8459,59.8547
800,166,2229,1763,59.9515,59.96
801,14,1895,1411,59.8474,59.8566
802,407,2328,1779,59.8835,59.8933
803,180,2215,1696,59.8987,59.9085
804,88,2193,1699,59.8126,59.8214
805,30,2107,1577,59.844,59.8533
806,10,2071,1626,59.9552,59.9636
807,53,2202,1680,59.929,59.938
808,135,2016,1509,59.8743,59.8833
809,56,2019,1473,59.9137,59.9241
810,138,2098,1573,59.8834,59.8931
811,201,2187,1708,59.8727,59.882
812,89,2054,1521,59.8785,59.8879
813,47,1967,1436,59.8757,59.8857
814,152,2247,1729,59.9473,59.9568
815,105,1889,1338,59.9161,59.9259
816,38,2031,1547,59.9273,59.9363
817,424,2323,1787,59.8864,59.8962
818,197,2543,1992,59.949,59.9591
819,367,2274,1763,59.9132,59.9236
820,110,2177,1710,59.9453,59.9535
821,40,2212,1687,59.896,59.9054
822,67,2025,1521,59.8981,59.9074
823,87,1895,1375,59.93,59.9397
824,89,2399,1896,59.8881,59.8974
825,47,2114,1588,59.8917,59.9012
826,398,2315,1797,59.9366,59.9459
827,194,2056,1526,59.8267,59.836
828,283,2553,2004,59.8489,59.8591
829,169,2046,1520,59.9036,59.9133
830,0,2041,1593,59.9568,59.9651
831,228,2074,1589,59.8204,59.8296
832,127,1950,1426,59.8675,59.8769
833,293,2074,1543,59.9516,59.9612
834,84,1989,1499,59.8963,59.9058
835,30,1972,1434,59.9515,59.961
836,441,2342,1869,59.9087,59.9177
837,25,2231,1737,59.9566,59.9656
838,41,2083,1561,59.8896,59.8994
839,74,2162,1660,59.9374,59.947
840,188,2129,1601,59.8108,59.8206
841,195,2252,1747,59.9445,59.9538
842,99,2072,1550,59.7829,59.7925
843,38,2046,1571,59.8678,59.877
844,152,1973,1493,59.8493,59.8584
845,74,2016,1488,59.9286,59.9385
846,222,2212,1698,59.8531,59.8626
847,75,2085,1538,59.9611,59.9713
848,187,1968,1435,59.8732,59.883
849,192,2238,1715,59.9307,59.9404
850,128,2055,1539,59.9323,59.9418
851,81,2060,1548,59.9256,59.9348
852,232,2048,1528,59.9522,59.9612
853,32,2112,1619,59.925,59.9341
854,135,2065,1577,59.9224,59.931
855,56,2237,1689,59.934,59.9436
856,44,2115,1597,59.8762,59.8854
857,196,2278,1785,59.882,59.891
858,11,1894,1381,59.9598,59.9693
859,283,2084,1560,59.8635,59.8728
860,132,2093,1589,59.9572,59.9665
861,225,2492,1969,59.7477,59.757
862,260,2356,1861,59.8743,59.8836
863,51,2000,1511,59.9212,59.9306
864,193,2080,1561,59.9398,59.9497
865,53,2295,1766,59.9544,59.964
866,115,2063,1567,59.8697,59.8792
867,55,2302,1799,59.9569,59.9661
868,78,2116,1554,59.8182,59.8281
869,467,2258,1779,59.9467,59.9557
870,433,2094,1598,59.9523,59.9613
871,179,1965,1462,59.9454,59.9549
872,196,1986,1511,59.8854,59.8939
873,264,1757,1268,59.9399,59.9491
874,32,2026,1544,59.9538,59.9628
875,5,2073,1587,59.954,59.9632
876,186,2088,1597,59.8928,59.9025
877,86,1919,1437,59.9451,59.9542
878,183,2021,1489,59.8724,59.8819
879,246,2193,1651,59.8259,59.8363
880,139,1936,1433,59.9141,59.9236
881,163,2065,1538,59.8673,59.877
882,159,2196,1670,59.9546,59.9637
883,272,2398,1883,59.8761,59.8855
884,162,2110,1606,59.8953,59.9046
885,95,2270,1767,59.8885,59.8976
886,157,1943,1407,59.9167,59.9259
887,205,1981,1434,59.8696,59.8795
888,64,1902,1375,59.9401,59.9497
889,80,2082,1572,59.929,59.9382
890,0,1917,1398,59.9067,59.9163
891,24,2058,1530,59.9426,59.9522
892,148,2066,1552,59.8997,59.9094
893,115,2033,1499,59.8888,59.8987
894,208,2042,1535,59.8994,59.909
895,120,2345,1848,59.9297,59.9388
896,453,2002,1498,59.6817,59.6911
897,56,2412,1917,59.9504,59.9597
898,66,2050,1541,59.9085,59.9176
899,69,1885,1409,59.9455,59.9543
900,230,2292,1773,59.9475,59.9573
901,312,2116,1626,59.7901,59.7992
902,159,2175,1680,59.9342,59.9435
903,28,1874,1362,59.932,59.941
904,170,2176,1712,59.9582,59.9671
905,179,1808,1329,59.9191,59.9281
906,246,2355,1830,59.9502,59.9596
907,23,2358,1848,59.7894,59.799
908,94,2211,1682,59.8526,59.862
909,350,2068,1564,59.8435,59.8525
910,170,2337,1814,59.9311,59.9408
911,195,2313,1787,59.9218,59.9309
912,163,2168,1694,59.9372,59.946
913,76,2166,1632,59.8798,59.8897
914,31,1975,1454,59.9293,59.9387
915,106,2225,1694,59.9241,59.9337
916,130,2138,1643,59.9057,59.9152
917,44,1903,1399,59.932,59.9418
918,83,1942,1432,59.9626,59.9721
919,54,1960,1436,59.945,59.9543
920,41,2090,1591,59.9064,59.9156
921,116,2074,1568,59.9587,59.968
922,122,2156,1653,59.9009,59.9105
923,18,2008,1481,59.9626,59.9722
924,118,2175,1697,59.9276,59.9366
925,0,2163,1642,59.8969,59.9064
926,81,2031,1568,59.9104,59.9196
927,146,2161,1672,59.9561,59.9654
928,299,2198,1734,59.8656,59.8744
929,102,2175,1672,59.767,59.7767
930,145,2221,1686,59.9076,59.9171
931,152,2135,1647,59.927,59.9361
932,218,2129,1632,59.9258,59.9347
933,304,2282,1825,59.9368,59.9456
934,490,2287,1801,59.8533,59.8627
935,169,1931,1430,59.9462,59.9557
936,84,2231,1727,59.9248,59.9347
937,171,2288,1784,59.9186,59.9283
938,58,2072,1565,59.9351,59.9446
939,82,2245,1763,59.9558,59.9647
940,52,1879,1378,59.9496,59.9592
941,72,1990,1453,59.8723,59.882
942,105,2068,1525,59.9285,59.9383
943,38,2090,1594,59.9297,59.939
944,55,2242,1744,59.8712,59.8804
945,227,2234,1747,59.8464,59.8556
946,312,2356,1843,59.8755,59.8848
947,44,1979,1482,59.9597,59.9692
948,107,2086,1589,59.9458,59.955
949,64,1903,1410,59.8679,59.877
950,148,2159,1692,59.8718,59.8805
951,311,2054,1559,59.8676,59.8765
952,55,2086,1569,59.9045,59.9139
953,174,2166,1652,59.9578,59.9675
954,46,2091,1567,59.8119,59.8214
955,251,2301,1816,59.7791,59.7881
956,200,2197,1704,59.9493,59.9584
957,14,1981,1476,59.8784,59.8881
958,145,2321,1829,59.9174,59.9266
959,86,2077,1551,59.9,59.9097
960,111,2126,1598,59.935,59.9444
961,102,1979,1444,59.9235,59.9333
962,154,2234,1733,59.895,59.9048
963,174,2108,1605,59.9036,59.913
964,219,2302,1812,59.8756,59.8853
965,71,2140,1629,59.9196,59.929
966,119,1996,1498,59.8475,59.8565
967,1,1827,1362,59.941,59.9493
968,30,2149,1645,59.8789,59.8886
969,323,2071,1590,59.8852,59.8941
970,269,2097,1585,59.917,59.9262
971,93,2192,1676,59.9255,59.9349
972,65,2028,1518,59.9519,59.9614
973,41,2265,1737,59.866,59.8757
974,89,1997,1496,59.8694,59.8787
975,117,1994,1461,59.8989,59.9087
976,192,2271,1770,59.8943,59.904
977,156,2065,1546,59.868,59.8768
978,62,2164,1643,59.9283,59.9377
979,239,2304,1809,59.8211,59.8308
980,153,2341,1869,59.7732,59.7819
981,205,2111,1611,59.933,59.9423
982,158,2085,1557,59.9302,59.9397
983,4,2181,1672,59.9528,59.9619
984,5,2118,1587,59.9161,59.9257
985,38,2149,1625,59.9462,59.9559
986,313,2366,1835,59.9052,59.915
987,258,2053,1517,59.9552,59.9654
988,33,2104,1566,59.8465,59.8559
989,241,2177,1668,59.9053,59.9145
990,24,2016,1487,59.941,59.9506
991,105,1924,1382,59.9317,59.9419
992,206,2297,1765,59.9164,59.9263
993,211,2253,1739,59.9142,59.9237
994,80,2243,1729,59.9351,59.9448
995,78,2125,1622,59.9513,59.9608
996,80,2228,1723,59.946,59.9553
997,198,2146,1641,59.8693,59.8786
998,74,2206,1722,59.9195,59.928
999,89,2146,1602,59.8809,59.8909
