Run,PktDrops,d1PktServ,d2PktServ,d1IdleTime,d2IdleTime
0,27,2094,1581,59.9078,59.9171
1,196,2016,1488,59.9593,59.9689
2,14,1947,1437,59.9188,59.9287
3,144,2309,1807,59.8899,59.8992
4,176,2097,1584,59.9193,59.9288
5,5,2088,1613,59.8849,59.8934
6,314,1956,1458,59.9555,59.9646
7,36,2161,1644,59.8958,59.9058
8,212,2116,1608,59.9541,59.9635
9,203,1985,1470,59.8814,59.8909
10,0,2107,1602,59.9355,59.9445
11,221,2257,1751,59.9581,59.9671
12,86,1991,1462,59.9466,59.9561
13,53,1948,1457,59.9359,59.9453
14,110,2357,1849,59.9106,59.9198
15,36,1937,1447,59.9052,59.9144
16,40,2040,1562,59.831,59.8396
17,51,2055,1584,59.957,59.9655
18,214,2205,1701,59.8733,59.8826
19,307,2265,1768,59.9208,59.9299
20,105,2373,1850,59.8365,59.846
21,28,2135,1621,59.8893,59.8985
22,18,1983,1439,59.8897,59.8995
23,438,2166,1676,59.8079,59.8173
24,408,2118,1626,59.9482,59.9574
25,86,2130,1616,59.8184,59.8275
26,320,2161,1647,59.9084,59.9175
27,165,2290,1796,59.941,59.9502
28,81,1709,1223,59.9585,59.9678
29,83,2377,1873,59.8883,59.8977
30,83,2003,1497,59.962,59.9714
31,148,2140,1680,59.8756,59.8844
32,16,1914,1422,59.9553,59.9645
33,205,2118,1629,59.7974,59.8066
34,32,2299,1787,59.9509,59.9606
35,108,2133,1637,59.9414,59.9509
36,135,1981,1471,59.831,59.8404
37,217,2343,1846,59.9279,59.9367
38,300,2013,1516,59.8354,59.8447
39,46,1896,1389,59.7886,59.7984
40,145,2234,1684,59.9134,59.9238
41,0,2025,1481,59.9585,59.9683
42,156,2169,1686,59.9229,59.9322
43,30,1798,1289,59.9391,59.9483
44,123,1908,1381,59.9601,59.97
45,191,2102,1579,59.9547,59.9643
46,13,1976,1479,59.9238,59.9329
47,47,2295,1813,59.9433,59.9522
48,41,2050,1558,59.9086,59.9176
49,82,2187,1666,59.9504,59.9601
50,242,2228,1721,59.9382,59.9475
51,106,2399,1908,59.8805,59.8897
52,88,2022,1514,59.9255,59.9349
53,62,2142,1646,59.9505,59.9598
54,175,2010,1508,59.9585,59.9685
55,66,1876,1330,59.9536,59.9632
56,68,2070,1565,59.934,59.9438
57,2,1891,1376,59.9579,59.9677
58,113,2193,1648,59.8828,59.8927
59,276,2239,1686,59.9403,59.9504
60,109,2126,1590,59.9384,59.9482
61,124,2153,1621,59.8817,59.8915
62,198,1999,1525,59.8103,59.8199
63,189,1862,1387,59.9557,59.9645
64,29,2283,1802,59.9499,59.9588
65,94,1940,1403,59.9505,59.9602
66,35,1891,1417,59.9273,59.9362
67,96,2049,1573,59.9472,59.9561
68,47,2022,1537,59.9005,59.9096
69,167,2159,1697,59.8607,59.8695
70,83,2146,1618,59.8867,59.8962
71,264,2418,1925,59.9468,59.9558
72,78,2069,1600,59.962,59.9708
73,220,2190,1668,59.9149,59.9244
74,54,2107,1631,59.9243,59.9338
75,99,2124,1640,59.85,59.8592
76,75,2113,1618,59.9464,59.9554
77,15,2143,1652,59.9039,59.9131
78,214,2511,2029,59.9167,59.926
79,202,2050,1534,59.9475,59.9568
80,127,2216,1679,59.9552,59.965
81,200,2258,1743,59.9193,59.9282
82,198,2196,1686,59.9333,59.9429
83,203,1941,1454,59.954,59.9631
84,78,2021,1491,59.8945,59.9044
85,360,2291,1777,59.9463,59.9555
86,250,2142,1635,59.8631,59.8724
87,284,2228,1725,59.9583,59.9676
88,259,1879,1363,59.9336,59.9429
89,148,2008,1504,59.9524,59.9619
90,73,2273,1747,59.8529,59.8626
91,144,2340,1871,59.8646,59.8735
92,74,2050,1530,59.91,59.9195
93,294,2365,1782,59.8223,59.8327
94,165,2181,1693,59.9092,59.9181
95,38,2203,1730,59.8951,59.9043
96,113,2203,1705,59.9177,59.9273
97,310,2203,1700,59.8841,59.8933
98,132,2052,1533,59.9373,59.947
99,63,2073,1541,59.9223,59.9312
100,105,2008,1486,59.901,59.9105
101,147,2175,1680,59.9279,59.9373
102,26,2120,1604,59.916,59.9255
103,246,2064,1556,59.9602,59.9692
104,297,2046,1578,59.8099,59.8185
105,340,2041,1519,59.9602,59.97
106,256,2175,1617,59.8565,59.8668
107,188,1921,1418,59.9112,59.9204
108,127,2104,1628,59.926,59.9351
109,99,2041,1484,59.841,59.8511
110,184,2227,1706,59.9194,59.9285
111,103,1839,1345,59.8984,59.9079
112,146,2016,1495,59.8877,59.8973
113,161,2069,1566,59.9377,59.9469
114,53,1924,1486,59.9432,59.9518
115,129,2068,1517,59.8853,59.8952
116,92,1957,1484,59.9058,59.9153
117,78,1856,1361,59.9557,59.9647
118,22,1980,1463,59.9169,59.9261
119,206,2335,1823,59.9308,59.9404
120,109,1990,1449,59.8662,59.8759
121,104,2147,1666,59.8051,59.8143
122,854,2322,1811,59.8802,59.8902
123,54,2274,1742,59.9293,59.9393
124,154,2214,1701,59.7746,59.7842
125,276,1980,1433,59.9163,59.9259
126,240,2115,1632,59.8728,59.8816
127,84,2147,1653,59.9187,59.9279
128,0,1772,1264,59.8362,59.8454
129,97,2111,1623,59.94,59.9489
130,85,2172,1686,59.875,59.8843
131,119,1998,1498,59.8759,59.8854
132,209,1912,1422,59.8961,59.9053
133,189,2129,1646,59.8848,59.8933
134,162,2200,1675,59.8236,59.8337
135,244,2010,1523,59.8708,59.8799
136,224,2172,1694,59.907,59.9159
137,159,2045,1525,59.7486,59.7578
138,97,2070,1551,59.9457,59.9553
139,193,2228,1725,59.9408,59.9504
140,50,2050,1567,59.9155,59.9247
141,107,2215,1723,59.8239,59.8329
142,247,1878,1371,59.8843,59.8935
143,80,2222,1694,59.8091,59.8186
144,116,2062,1567,59.9148,59.9243
145,34,2176,1667,59.9215,59.9314
146,304,1928,1414,59.957,59.9664
147,329,2074,1531,59.9528,59.9629
148,75,2049,1560,59.9116,59.921
149,72,1990,1481,59.9146,59.9242
150,222,1994,1518,59.9402,59.9492
151,78,2172,1675,59.9514,59.961
152,19,1823,1312,59.9071,59.917
153,201,1985,1487,59.9246,59.9337
154,4,2025,1515,59.9516,59.9613
155,185,2176,1675,59.9286,59.938
156,47,2095,1591,59.891,59.9004
157,177,2211,1703,59.9218,59.931
158,156,2050,1552,59.9182,59.9275
159,158,2213,1770,59.9566,59.965
160,189,2214,1723,59.9421,59.9512
161,215,2012,1484,59.9241,59.9339
162,151,2078,1529,59.9451,59.9551
163,286,2250,1737,59.9492,59.959
164,225,2129,1626,59.8557,59.8652
165,57,2053,1523,59.9042,59.9138
166,550,2226,1742,59.8567,59.8662
167,63,1938,1409,59.9445,59.9546
168,189,2315,1771,59.8256,59.8352
169,227,1946,1416,59.8329,59.843
170,143,2223,1684,59.8332,59.843
171,60,2123,1579,59.9302,59.9401
172,153,2061,1540,59.9588,59.9684
173,58,2352,1853,59.9477,59.9568
174,215,2076,1604,59.9119,59.9207
175,226,2033,1545,59.9035,59.9126
176,158,2025,1518,59.9593,59.9688
177,506,2334,1836,59.942,59.951
178,71,1839,1331,59.9491,59.9585
179,145,2028,1498,59.932,59.9417
180,204,2280,1769,59.9462,59.9553
181,58,2140,1631,59.9504,59.9602
182,127,1964,1441,59.9285,59.9382
183,126,2031,1542,59.9362,59.9453
184,1,2124,1618,59.9439,59.9535
185,89,1948,1439,59.8282,59.838
186,218,2003,1544,59.8885,59.8965
187,21,2343,1840,59.915,59.9245
188,226,2263,1793,59.9524,59.9613
189,159,2327,1844,59.8852,59.8943
190,342,2419,1896,59.9205,59.9296
191,203,1916,1387,59.8449,59.8546
192,197,2367,1898,59.9124,59.9211
193,185,2161,1690,59.9534,59.9622
194,107,2110,1649,59.8457,59.8545
195,170,2005,1499,59.9384,59.9482
196,93,2215,1690,59.9531,59.9629
197,131,2022,1517,59.9119,59.9211
198,3,2006,1467,59.8892,59.8993
199,166,2149,1683,59.9448,59.954
200,110,1848,1327,59.9576,59.9671
201,320,2006,1483,59.8413,59.8514
202,43,2022,1488,59.9536,59.9631
203,192,2003,1492,59.9603,59.9698
204,23,2120,1619,59.9059,59.9149
205,0,1954,1432,59.9227,59.9322
206,153,2256,1705,59.8356,59.8458
207,33,2101,1590,59.8989,59.9081
208,69,1973,1485,59.8699,59.8795
209,0,1881,1360,59.9087,59.918
210,0,1952,1461,59.902,59.9114
211,26,2146,1627,59.9266,59.9361
212,211,2216,1688,59.9271,59.9362
213,54,2065,1560,59.9516,59.9608
214,237,2070,1529,59.9045,59.9141
215,201,2004,1516,59.9448,59.9535
216,98,1987,1487,59.8986,59.9074
217,173,2263,1729,59.9116,59.9213
218,44,1971,1428,59.9187,59.9282
219,151,2130,1664,59.8777,59.8864
220,174,2079,1562,59.9234,59.9331
221,183,2255,1744,59.8781,59.8878
222,46,2125,1606,59.9249,59.9346
223,165,1914,1368,59.8113,59.8212
224,249,2268,1729,59.9115,59.9215
225,108,1875,1387,59.9619,59.9711
226,97,1971,1439,59.9399,59.9495
227,121,2299,1811,59.9309,59.9404
228,393,2110,1637,59.9124,59.9213
229,526,2407,1926,59.929,59.9379
230,226,2107,1578,59.9142,59.9239
231,31,2018,1486,59.9363,59.9459
232,242,2277,1765,59.814,59.8236
233,148,2034,1550,59.8478,59.8567
234,309,2177,1603,59.952,59.9621
235,54,1839,1325,59.9057,59.9153
236,56,2276,1772,59.9263,59.9357
237,141,2127,1617,59.8693,59.879
238,70,2316,1808,59.9493,59.9587
239,114,2015,1484,59.8507,59.8605
240,109,2038,1567,59.9007,59.9096
241,207,2196,1705,59.9503,59.9598
242,104,2134,1585,59.9562,59.9662
243,253,1937,1449,59.9531,59.9621
244,27,2288,1829,59.8079,59.8168
245,91,2068,1526,59.951,59.961
246,353,2204,1704,59.9396,59.9488
247,36,1917,1437,59.9502,59.9586
248,236,2202,1710,59.9434,59.9527
249,26,1813,1321,59.9371,59.946
250,61,2076,1515,59.9059,59.9161
251,92,2187,1691,59.8084,59.8177
252,164,2054,1560,59.8635,59.8724
253,0,1967,1431,59.8933,59.9032
254,191,2197,1694,59.9357,59.9447
255,245,1910,1397,59.9035,59.913
256,57,1987,1498,59.9485,59.9575
257,62,1954,1442,59.9331,59.9426
258,165,1935,1452,59.9644,59.973
259,68,1743,1242,59.9437,59.953
260,19,2022,1499,59.8928,59.9029
261,289,2337,1809,59.9447,59.9543
262,140,1977,1421,59.8976,59.9078
263,27,2258,1780,59.9271,59.936
264,423,2052,1522,59.9423,59.952
265,207,2051,1523,59.921,59.9305
266,185,2197,1677,59.9414,59.9506
267,50,2005,1469,59.9418,59.9516
268,231,2025,1536,59.9357,59.9447
269,220,1973,1504,59.8865,59.8951
270,60,1893,1423,59.9014,59.9102
271,140,2389,1851,59.9325,59.9425
272,190,1933,1448,59.8658,59.875
273,512,2332,1781,59.9272,59.9367
274,102,2044,1531,59.8837,59.8932
275,194,2070,1603,59.9333,59.942
276,171,2119,1576,59.8944,59.9043
277,202,2302,1859,59.9153,59.9242
278,93,2210,1702,59.931,59.9404
279,69,1930,1412,59.9571,59.9667
280,32,1724,1216,59.9548,59.9644
281,96,1995,1499,59.9519,59.9605
282,120,2165,1635,59.9318,59.9417
283,60,2052,1527,59.8947,59.9045
284,94,2279,1780,59.9167,59.9257
285,41,2138,1644,59.8685,59.8773
286,240,2121,1616,59.8449,59.8541
287,206,2213,1702,59.93,59.9398
288,160,2032,1561,59.9514,59.9602
289,84,2112,1566,59.891,59.901
290,122,2013,1491,59.8581,59.8676
291,90,2024,1511,59.962,59.9712
292,57,1997,1492,59.8814,59.8908
293,195,2059,1518,59.9611,59.9707
294,258,2057,1548,59.8872,59.8968
295,203,1978,1463,59.9516,59.9614
296,145,2286,1781,59.9417,59.9514
297,243,1911,1406,59.9477,59.9574
298,206,2155,1622,59.9408,59.9506
299,190,1967,1470,59.8585,59.8679
300,142,2146,1693,59.9601,59.9688
301,135,1936,1397,59.9645,59.9741
302,203,2217,1681,59.8698,59.8793
303,127,2005,1484,59.9489,59.9583
304,32,2046,1540,59.8142,59.8237
305,20,1938,1393,59.9395,59.9495
306,232,2161,1656,59.9376,59.9467
307,224,2168,1643,59.9538,59.9634
308,126,2103,1605,59.9451,59.9546
309,180,2241,1731,59.9552,59.9646
310,132,2084,1554,59.9525,59.9622
311,75,2372,1899,59.8842,59.8928
312,200,2257,1797,59.9329,59.9415
313,204,2141,1674,59.8957,59.9048
314,67,1977,1496,59.948,59.9573
315,25,1935,1413,59.9457,59.9554
316,184,2177,1682,59.957,59.9661
317,259,2201,1680,59.833,59.8426
318,16,1937,1434,59.8583,59.8672
319,247,1872,1393,59.8518,59.8603
320,89,2040,1554,59.8435,59.8531
321,1,1884,1388,59.9368,59.9458
322,71,2172,1643,59.9307,59.94
323,345,2358,1883,59.9121,59.921
324,79,2275,1746,59.9389,59.9485
325,209,2326,1781,59.9105,59.9204
326,255,2458,1928,59.9503,59.9605
327,200,2104,1605,59.9571,59.9659
328,183,1967,1453,59.9458,59.9551
329,260,2176,1665,59.9125,59.9222
330,147,2190,1692,59.936,59.945
331,478,2386,1874,59.9078,59.9171
332,152,2101,1619,59.8739,59.8832
333,59,2208,1688,59.8558,59.8653
334,40,2157,1634,59.7566,59.7665
335,139,2086,1549,59.9038,59.9137
336,0,1896,1430,59.9603,59.9689
337,426,2015,1459,59.9248,59.9348
338,152,2112,1542,59.9029,59.9135
339,43,2200,1750,59.9275,59.9362
340,158,1970,1447,59.9081,59.9174
341,4,2162,1620,59.9062,59.9166
342,18,1877,1395,59.9269,59.9357
343,4,2012,1541,59.8769,59.8857
344,23,2014,1490,59.9088,59.9186
345,225,2126,1646,59.9312,59.9402
346,91,2075,1535,59.9531,59.9627
347,37,2278,1739,59.8849,59.8945
348,276,1953,1474,59.9146,59.9238
349,114,1874,1328,59.8981,59.908
350,137,1925,1427,59.9254,59.9346
351,70,2222,1738,59.8875,59.8966
352,217,2227,1766,59.9569,59.9655
353,10,1928,1444,59.8989,59.9078
354,166,2219,1701,59.9097,59.9191
355,159,1978,1501,59.8869,59.896
356,0,1948,1404,59.7752,59.7847
357,185,1982,1477,59.952,59.9614
358,89,2085,1569,59.8523,59.8625
359,95,2048,1524,59.8336,59.8435
360,342,2520,2009,59.8934,59.9025
361,254,2187,1666,59.9258,59.9347
362,49,2113,1602,59.9253,59.9351
363,159,2080,1550,59.9475,59.9571
364,181,2297,1753,59.7887,59.7986
365,3,2079,1555,59.9577,59.9668
366,394,2326,1832,59.9315,59.9409
367,0,1994,1468,59.925,59.9348
368,140,2004,1517,59.9208,59.9298
369,172,2376,1859,59.846,59.8552
370,97,1934,1411,59.8833,59.8924
371,163,2290,1794,59.9047,59.9139
372,120,2154,1634,59.9176,59.9273
373,46,2187,1658,59.9351,59.9449
374,121,2215,1754,59.944,59.9531
375,303,2224,1711,59.9349,59.9443
376,124,2005,1492,59.9302,59.9394
377,26,2142,1614,59.8518,59.862
378,38,2080,1562,59.9524,59.9621
379,0,2059,1527,59.8453,59.8548
380,66,2213,1696,59.9416,59.9512
381,170,2239,1726,59.9504,59.9603
382,79,2228,1732,59.8911,59.8997
383,94,2237,1760,59.8942,59.9034
384,227,2062,1528,59.8192,59.8289
385,81,2130,1623,59.9427,59.952
386,238,1945,1456,59.9517,59.9604
387,55,2376,1897,59.9171,59.9264
388,221,2362,1857,59.9501,59.9596
389,228,1998,1522,59.9073,59.9163
390,167,2108,1598,59.8898,59.899
391,100,2343,1845,59.8933,59.9023
392,20,2206,1672,59.8756,59.8858
393,118,2065,1542,59.9478,59.9572
394,52,1913,1407,59.8942,59.9037
395,2,1932,1465,59.7912,59.8
396,140,1969,1450,59.9484,59.9576
397,34,1785,1306,59.9152,59.9244
398,94,2207,1653,59.9396,59.9496
399,130,2059,1537,59.8813,59.8908
400,18,1995,1490,59.9178,59.9269
401,75,2106,1620,59.8899,59.8994
402,60,2125,1629,59.919,59.9281
403,124,2168,1645,59.879,59.8885
404,2,1947,1412,59.9255,59.9353
405,187,2036,1513,59.9253,59.9348
406,73,2187,1658,59.873,59.8827
407,205,2071,1555,59.9532,59.9629
408,113,2086,1583,59.8725,59.8817
409,117,1939,1427,59.9247,59.934
410,264,2066,1562,59.9358,59.9451
411,250,2148,1632,59.8859,59.8956
412,275,2093,1589,59.9546,59.964
413,104,2189,1683,59.9349,59.944
414,255,2058,1563,59.9062,59.9153
415,65,2261,1747,59.888,59.8974
416,63,2265,1707,59.955,59.9647
417,137,1909,1384,59.89,59.8996
418,212,2051,1512,59.9202,59.9299
419,13,2249,1774,59.9581,59.967
420,182,1957,1432,59.9046,59.914
421,86,2038,1528,59.9082,59.9176
422,4,2078,1573,59.9606,59.9696
423,291,2292,1780,59.9291,59.9391
424,0,1995,1490,59.8107,59.8204
425,192,2148,1680,59.8447,59.854
426,121,2072,1474,59.8068,59.8173
427,180,2184,1721,59.921,59.9295
428,296,2138,1619,59.9201,59.9297
429,256,1908,1379,59.9427,59.952
430,27,1902,1435,59.9178,59.9264
431,34,1945,1412,59.9328,59.9426
432,206,2016,1492,59.9391,59.9486
433,141,2133,1621,59.7959,59.8054
434,11,2389,1888,59.9181,59.9274
435,133,2223,1752,59.882,59.8907
436,98,1981,1438,59.9537,59.9639
437,0,1879,1372,59.9351,59.9448
438,12,2147,1645,59.8591,59.8685
439,291,2141,1620,59.8257,59.8352
440,167,2158,1630,59.8388,59.8485
441,109,2076,1539,59.9387,59.9487
442,131,2185,1700,59.911,59.9205
443,155,2206,1687,59.9321,59.9419
444,77,1883,1383,59.8026,59.8119
445,217,2108,1601,59.9535,59.9628
446,25,2090,1648,59.9035,59.9119
447,32,1758,1268,59.948,59.9571
448,72,2136,1639,59.9376,59.9466
449,23,1854,1299,59.8138,59.8242
450,65,1995,1486,59.92,59.9297
451,239,2064,1552,59.8752,59.8848
452,337,2171,1702,59.8189,59.8281
453,159,1926,1410,59.9554,59.9646
454,316,2350,1816,59.9169,59.9265
455,78,1976,1480,59.9412,59.9503
456,349,2346,1803,59.7767,59.7864
457,32,2367,1816,59.9092,59.9187
458,94,2055,1561,59.866,59.8752
459,80,2109,1588,59.8849,59.8943
460,0,2147,1608,59.9485,59.9586
461,251,2219,1655,59.8175,59.8274
462,24,2121,1595,59.912,59.9215
463,258,2361,1831,59.9189,59.9286
464,241,2468,1943,59.8341,59.8437
465,106,2173,1662,59.9513,59.9605
466,2,1959,1445,59.9388,59.948
467,185,1911,1408,59.883,59.892
468,73,1912,1442,59.9462,59.9549
469,207,2381,1906,59.945,59.9538
470,146,2385,1830,59.9528,59.9632
471,306,2196,1691,59.8743,59.8834
472,178,2146,1623,59.8652,59.8742
473,354,2333,1884,59.9389,59.9477
474,52,2058,1551,59.9191,59.9289
475,345,2137,1608,59.9601,59.9701
476,101,2196,1722,59.9387,59.9477
477,247,1989,1543,59.8195,59.828
478,259,2400,1919,59.8971,59.9062
479,61,1917,1414,59.885,59.8942
480,16,2142,1604,59.8628,59.8727
481,82,2005,1445,59.8947,59.9049
482,165,2237,1727,59.8595,59.8693
483,247,2101,1589,59.8813,59.8907
484,106,2114,1627,59.8633,59.8727
485,91,2158,1682,59.802,59.8111
486,34,2034,1523,59.9094,59.9186
487,33,1998,1494,59.9362,59.9454
488,78,1847,1341,59.9074,59.9167
489,63,1710,1214,59.8653,59.8739
490,32,1970,1487,59.8366,59.8458
491,200,2104,1616,59.8826,59.892
492,539,2119,1594,59.8526,59.8621
493,163,2170,1659,59.9205,59.9301
494,79,2128,1606,59.9081,59.9178
495,62,2150,1642,59.8752,59.8844
496,144,2053,1559,59.9285,59.9377
497,200,2447,1959,59.9337,59.943
498,94,2240,1760,59.8891,59.8977
499,160,2129,1629,59.8904,59.9
500,285,2166,1659,59.9153,59.9248
501,220,2231,1698,59.8667,59.8763
502,458,2229,1654,59.9411,59.9516
503,137,2518,1962,59.9044,59.9143
504,296,2518,1998,59.9478,59.9572
505,34,2157,1626,59.9423,59.9518
506,131,2098,1560,59.8859,59.8954
507,203,1983,1465,59.9533,59.9631
508,113,1989,1479,59.937,59.9463
509,129,2225,1723,59.95,59.9592
510,63,2144,1593,59.9195,59.9297
511,83,2180,1672,59.9018,59.9106
512,138,1961,1434,59.9031,59.913
513,29,2038,1518,59.9123,59.9219
514,194,2098,1617,59.9504,59.9594
515,133,1883,1362,59.8827,59.8924
516,197,1916,1395,59.9395,59.949
517,129,2199,1712,59.9383,59.9471
518,27,2049,1537,59.943,59.9523
519,170,2051,1530,59.894,59.9036
520,81,2285,1780,59.9511,59.9599
521,329,2133,1591,59.7866,59.7964
522,29,1887,1389,59.9181,59.9274
523,196,2026,1530,59.9135,59.9228
524,263,2146,1675,59.9029,59.9116
525,219,1997,1461,59.9423,59.952
526,122,2198,1662,59.945,59.955
527,242,2041,1573,59.9249,59.9339
528,154,2135,1610,59.9332,59.9429
529,37,1910,1403,59.9356,59.945
530,11,1875,1408,59.8519,59.8609
531,10,1778,1283,59.915,59.9246
532,27,1918,1413,59.9591,59.9683
533,191,2267,1765,59.9386,59.9479
534,0,1903,1400,59.9322,59.9417
535,316,2217,1781,59.8868,59.8954
536,306,1946,1407,59.8985,59.9083
537,164,2124,1600,59.9353,59.9447
538,58,2132,1653,59.9559,59.965
539,36,2055,1566,59.9007,59.9098
540,109,1990,1486,59.9441,59.9534
541,167,2162,1643,59.8431,59.853
542,25,1852,1345,59.9303,59.9396
543,345,2204,1654,59.8998,59.9093
544,336,2217,1756,59.8183,59.8273
545,180,2071,1545,59.8968,59.9062
546,317,2230,1744,59.9543,59.9632
547,69,1792,1270,59.9525,59.9621
548,41,1961,1438,59.9636,59.9732
549,142,1966,1452,59.8987,59.9081
550,186,2268,1781,59.9328,59.9418
551,84,1821,1320,59.8607,59.8695
552,58,1804,1321,59.9463,59.9557
553,81,1746,1301,59.9339,59.9426
554,77,2167,1669,59.9374,59.9466
555,60,1983,1485,59.9566,59.9655
556,206,2111,1604,59.9542,59.9635
557,237,2229,1724,59.9224,59.9317
558,93,1914,1389,59.8733,59.883
559,312,2192,1678,59.8547,59.8644
560,158,2001,1512,59.9633,59.972
561,122,2159,1660,59.9149,59.9243
562,68,2086,1539,59.9195,59.9292
563,59,1807,1317,59.9056,59.9147
564,49,2096,1612,59.9184,59.9273
565,67,2018,1502,59.8945,59.9038
566,39,2106,1602,59.9553,59.965
567,90,2159,1657,59.95,59.9594
568,163,2210,1712,59.9531,59.9625
569,231,2191,1657,59.9506,59.9608
570,117,1933,1442,59.9614,59.9706
571,323,1989,1458,59.9053,59.9152
572,89,2263,1740,59.9512,59.9608
573,196,1935,1395,59.8966,59.9062
574,159,2012,1534,59.9214,59.9305
575,142,2117,1594,59.9454,59.9549
576,57,1954,1439,59.9095,59.9189
577,113,2232,1712,59.9227,59.9323
578,21,2096,1578,59.9134,59.9231
579,265,2334,1831,59.9178,59.9274
580,120,2134,1616,59.9514,59.9605
581,29,1962,1453,59.9069,59.9164
582,215,2227,1673,59.9448,59.9545
583,200,2049,1538,59.8946,59.9038
584,122,2100,1607,59.8692,59.8782
585,112,2165,1649,59.9144,59.9244
586,335,2264,1794,59.8742,59.8829
587,53,2181,1642,59.8558,59.8655
588,143,2243,1754,59.8864,59.8953
589,58,2072,1554,59.8856,59.895
590,104,2101,1605,59.8872,59.8962
591,274,2164,1651,59.917,59.9263
592,226,2116,1640,59.9196,59.9282
593,183,1985,1506,59.9513,59.96
594,169,2210,1702,59.9529,59.9621
595,139,1994,1483,59.8936,59.9028
596,218,2014,1483,59.912,59.9216
597,48,2260,1741,59.9048,59.9145
598,400,2214,1672,59.9314,59.9407
599,24,2165,1640,59.9543,59.9642
600,242,2245,1705,59.9029,59.9127
601,139,2246,1770,59.9195,59.9284
602,43,2115,1609,59.9345,59.9441
603,284,1952,1480,59.9252,59.9343
604,220,2136,1650,59.94,59.9495
605,123,2303,1811,59.8546,59.8641
606,169,2153,1650,59.9143,59.9237
607,131,1765,1292,59.8608,59.8699
608,31,1907,1400,59.9063,59.9157
609,147,2005,1521,59.9329,59.9418
610,123,2175,1655,59.8308,59.8399
611,84,1958,1462,59.8454,59.855
612,51,2118,1635,59.8881,59.8977
613,450,2274,1760,59.8972,59.9067
614,237,2425,1913,59.9196,59.9288
615,63,2060,1575,59.9238,59.9323
616,156,1993,1470,59.917,59.9262
617,73,2110,1608,59.8865,59.8957
618,47,1931,1403,59.8872,59.8967
619,90,2153,1658,59.9183,59.9277
620,205,2086,1585,59.9193,59.9286
621,80,1904,1389,59.9577,59.9674
622,377,2432,1966,59.947,59.9564
623,493,2560,2038,59.817,59.8266
624,178,2158,1626,59.7937,59.8034
625,30,2092,1578,59.8713,59.8809
626,187,2246,1786,59.9038,59.9124
627,4,1912,1444,59.9249,59.9336
628,70,2233,1709,59.8852,59.895
629,241,2135,1609,59.9587,59.968
630,123,1951,1471,59.8468,59.8557
631,72,2001,1514,59.9621,59.971
632,382,2119,1616,59.922,59.9314
633,165,2346,1879,59.8722,59.8812
634,92,1972,1465,59.9006,59.9097
635,126,2128,1598,59.9423,59.9518
636,131,2090,1594,59.9548,59.9644
637,241,1980,1450,59.8793,59.8889
638,129,1857,1341,59.8985,59.908
639,254,2198,1669,59.8859,59.896
640,72,2062,1555,59.9249,59.9343
641,273,1942,1468,59.8588,59.8677
642,206,2141,1671,59.9427,59.9524
643,15,2121,1634,59.7297,59.739
644,186,2196,1664,59.8207,59.8307
645,49,1907,1412,59.9225,59.9318
646,112,1963,1456,59.928,59.9375
647,132,2210,1696,59.9521,59.9619
648,153,2077,1596,59.8133,59.8218
649,64,1945,1452,59.939,59.9483
650,180,2208,1674,59.9457,59.9554
651,200,2119,1638,59.8745,59.884
652,75,2101,1597,59.9153,59.9242
653,23,1932,1420,59.9137,59.9231
654,218,2144,1615,59.901,59.9109
655,100,1882,1371,59.9484,59.9575
656,158,2112,1608,59.8553,59.8645
657,48,2115,1520,59.9269,59.9374
658,135,1981,1446,59.9034,59.913
659,194,2449,1941,59.9315,59.9405
660,60,2064,1542,59.9408,59.9505
661,113,2115,1628,59.9267,59.9357
662,231,2203,1692,59.885,59.8943
663,330,2155,1665,59.7753,59.7841
664,98,2066,1565,59.881,59.8907
665,37,2431,1928,59.9195,59.929
666,59,2208,1683,59.9575,59.9673
667,425,2280,1708,59.8916,59.9015
668,69,2122,1575,59.8865,59.8966
669,47,1820,1286,59.9529,59.9625
670,122,2111,1598,59.8294,59.839
671,69,1868,1369,59.9647,59.9739
672,29,1966,1460,59.8782,59.8876
673,158,2078,1595,59.8987,59.908
674,74,1918,1427,59.859,59.8679
675,1,2059,1565,59.8566,59.866
676,49,2141,1642,59.9446,59.9538
677,281,2247,1781,59.8718,59.8803
678,16,2089,1586,59.854,59.8629
679,104,2067,1556,59.9514,59.9607
680,132,1975,1504,59.9324,59.9409
681,90,2202,1734,59.9382,59.947
682,224,2169,1701,59.8423,59.8508
683,76,2102,1641,59.9277,59.9364
684,39,2191,1655,59.8628,59.8719
685,78,2139,1620,59.9512,59.9606
686,179,2349,1819,59.9138,59.9233
687,132,1926,1437,59.8227,59.8323
688,81,2011,1464,59.8707,59.8802
689,283,2542,2034,59.9312,59.9407
690,235,2069,1515,59.9041,59.9137
691,59,1972,1431,59.9546,59.9644
692,75,1819,1327,59.9442,59.9535
693,45,2052,1536,59.7841,59.7936
694,200,1960,1421,59.919,59.9287
695,29,2097,1592,59.8982,59.9074
696,95,2040,1532,59.8292,59.838
697,115,2408,1878,59.8783,59.8878
698,4,2217,1686,59.8761,59.8856
699,192,2208,1721,59.8589,59.8681
700,0,1765,1281,59.907,59.9161
701,139,2499,1989,59.9525,59.9623
702,219,2148,1619,59.9525,59.9617
703,100,2008,1546,59.895,59.9038
704,133,2248,1736,59.9154,59.9247
705,163,2173,1694,59.9513,59.9606
706,60,2178,1674,59.9246,59.934
707,102,2312,1797,59.8172,59.8266
708,21,2235,1714,59.9512,59.9613
709,111,2055,1573,59.8793,59.8887
710,187,1933,1437,59.9549,59.9645
711,109,2139,1631,59.8602,59.87
712,181,2013,1543,59.8837,59.8923
713,3,1788,1283,59.8081,59.8174
714,106,2392,1888,59.9314,59.9409
715,212,2327,1852,59.9383,59.9475
716,273,2242,1732,59.9406,59.9496
717,42,2185,1704,59.9475,59.9562
718,243,2235,1779,59.7,59.7087
719,115,2226,1731,59.9236,59.9326
720,11,2150,1654,59.9183,59.9277
721,111,1969,1489,59.9486,59.9573
722,220,2146,1594,59.8883,59.8985
723,0,1932,1441,59.9607,59.9697
724,84,1894,1408,59.9133,59.9226
725,124,2266,1710,59.9397,59.9499
726,46,2064,1521,59.9587,59.9691
727,9,2148,1679,59.9083,59.9168
728,54,2212,1745,59.8597,59.8685
729,22,1906,1412,59.9092,59.919
730,259,2319,1801,59.8233,59.8326
731,83,2167,1656,59.9587,59.9678
732,12,2127,1661,59.9159,59.9247
733,10,1887,1375,59.9641,59.9734
734,186,2323,1775,59.9277,59.9378
735,179,2075,1555,59.9583,59.9677
736,82,1937,1440,59.9504,59.9597
737,0,1927,1434,59.8533,59.8623
738,135,1965,1486,59.9635,59.9719
739,246,2213,1725,59.9546,59.9638
740,36,2040,1503,59.9613,59.971
741,216,2091,1555,59.9343,59.944
742,56,1955,1458,59.9473,59.9564
743,130,1923,1404,59.9194,59.9285
744,9,2039,1546,59.9535,59.963
745,265,2083,1571,59.9041,59.9136
746,133,2189,1706,59.9057,59.9147
747,188,2189,1686,59.9286,59.9381
748,139,2007,1500,59.957,59.9667
749,86,2203,1667,59.8863,59.8959
750,112,2091,1587,59.9162,59.925
751,95,1972,1517,59.9088,59.9172
752,255,2188,1690,59.8045,59.8138
753,21,1969,1438,59.7673,59.7771
754,175,1984,1557,59.8752,59.8834
755,23,2223,1751,59.9335,59.942
756,79,2228,1686,59.8988,59.9081
757,30,2178,1699,59.9033,59.9123
758,63,1869,1339,59.9081,59.9177
759,56,2066,1589,59.8987,59.9078
760,147,2026,1547,59.9551,59.9643
761,136,2152,1640,59.8977,59.907
762,149,2131,1648,59.9358,59.9448
763,61,2287,1761,59.9549,59.9646
764,138,2180,1704,59.8557,59.8648
765,178,2144,1603,59.908,59.9176
766,113,1836,1354,59.9179,59.9265
767,92,2240,1746,59.893,59.9023
768,130,2066,1563,59.9415,59.9509
769,110,2226,1767,59.9537,59.9622
770,55,1986,1515,59.9261,59.935
771,174,2060,1551,59.9281,59.9376
772,39,2222,1703,59.948,59.9574
773,290,2207,1709,59.8038,59.8131
774,253,2307,1832,59.8812,59.8903
775,400,2318,1825,59.7733,59.7822
776,97,1949,1479,59.9536,59.9619
777,63,2101,1632,59.8774,59.8862
778,286,2178,1674,59.93,59.9397
779,52,2036,1536,59.9555,59.965
780,21,2064,1558,59.9413,59.9509
781,171,2134,1673,59.8137,59.8219
782,114,2128,1630,59.908,59.917
783,303,2154,1686,59.9452,59.9544
784,100,2105,1612,59.9564,59.9653
785,314,2109,1606,59.8675,59.8765
786,281,2162,1643,59.8337,59.8429
787,197,2148,1635,59.9546,59.964
788,233,2081,1597,59.8743,59.8832
789,155,2530,2015,59.9015,59.9111
790,337,2199,1664,59.9105,59.9202
791,163,2241,1702,59.933,59.943
792,241,2125,1616,59.9247,59.934
793,294,2166,1669,59.9555,59.9646
794,350,1900,1368,59.9602,59.9697
795,17,2105,1594,59.8459,59.8552
796,239,2159,1666,59.9549,59.9639
797,296,2221,1740,59.9304,59.9393
798,61,2170,1636,59.9482,59.9578
799,52,1901,1379,59.7972,59.8071
800,50,2161,1656,59.9581,59.9676
801,78,2145,1633,59.9548,59.964
802,241,2101,1558,59.9144,59.9241
803,79,2028,1500,59.8976,59.9077
804,167,2121,1608,59.9456,59.9554
805,229,2203,1714,59.915,59.9241
806,81,2075,1588,59.8884,59.8977
807,219,1986,1534,59.9255,59.934
808,28,2110,1589,59.8463,59.856
809,79,1897,1359,59.9183,59.928
810,120,2033,1534,59.9117,59.9209
811,305,2128,1605,59.801,59.8102
812,24,1985,1499,59.8768,59.8859
813,31,2079,1535,59.8746,59.884
814,157,2271,1779,59.9383,59.9476
815,195,1994,1480,59.9136,59.9233
816,116,2077,1552,59.8362,59.8457
817,415,2377,1868,59.9319,59.9413
818,140,2364,1841,59.9147,59.9243
819,161,1948,1416,59.9381,59.9482
820,46,1898,1411,59.9321,59.9408
821,94,1962,1471,59.9452,59.9548
822,56,2058,1571,59.9592,59.9681
823,335,2207,1751,59.9506,59.9595
824,31,2184,1674,59.9081,59.9173
825,9,1769,1282,59.928,59.9369
826,434,2232,1767,59.9575,59.9666
827,33,2373,1892,59.8635,59.8727
828,202,2069,1611,59.9277,59.9363
829,197,1991,1495,59.9451,59.9545
830,349,2038,1563,59.8854,59.8943
831,0,1864,1339,59.9253,59.9345
832,89,1930,1399,59.946,59.9557
833,113,2299,1802,59.8709,59.8801
834,37,1759,1241,59.9407,59.9504
835,94,2357,1829,59.9342,59.9435
836,229,2234,1730,59.8689,59.8785
837,63,2103,1592,59.947,59.956
838,216,2197,1681,59.903,59.9124
839,185,1986,1474,59.92,59.9299
840,222,2339,1836,59.9561,59.9655
841,185,2117,1596,59.8583,59.8681
842,42,2069,1549,59.9435,59.953
843,60,2125,1628,59.8202,59.8297
844,53,2079,1598,59.9381,59.9471
845,56,2050,1536,59.8348,59.844
846,103,2084,1617,59.9473,59.9562
847,207,2178,1714,59.8987,59.9078
848,106,2028,1546,59.89,59.8986
849,50,2033,1506,59.9444,59.954
850,136,2346,1845,59.9539,59.9634
851,204,2250,1730,59.9417,59.9515
852,53,2197,1672,59.8027,59.8122
853,234,2220,1731,59.903,59.912
854,115,2106,1586,59.9121,59.9215
855,129,2120,1562,59.9315,59.9415
856,86,2192,1693,59.934,59.9431
857,98,2084,1586,59.9421,59.9517
858,118,2189,1639,59.9366,59.9464
859,144,2227,1733,59.8982,59.9074
860,263,2293,1830,59.9327,59.9414
861,263,2068,1593,59.9048,59.9137
862,101,2091,1523,59.9415,59.9518
863,188,1940,1382,59.8837,59.8941
864,37,2154,1657,59.9276,59.9366
865,113,2110,1608,59.9565,59.9655
866,434,2138,1677,59.9393,59.9478
867,352,2441,1948,59.9376,59.9468
868,52,2079,1555,59.9548,59.9648
869,316,2013,1521,59.95,59.9593
870,196,2068,1561,59.9356,59.9451
871,152,2202,1696,59.8971,59.9065
872,86,2251,1738,59.8389,59.848
873,154,2256,1739,59.8899,59.8996
874,141,2435,1892,59.8759,59.885
875,42,2057,1547,59.9104,59.9198
876,257,2300,1835,59.9057,59.9146
877,174,2044,1532,59.9018,59.9112
878,32,2109,1621,59.9563,59.9657
879,52,1933,1451,59.9433,59.9521
880,145,2122,1569,59.9389,59.9487
881,197,2339,1840,59.9524,59.9617
882,248,1995,1522,59.9236,59.9322
883,75,2145,1668,59.8552,59.8642
884,451,2256,1717,59.861,59.8711
885,240,1956,1432,59.8981,59.9079
886,118,2161,1656,59.954,59.9639
887,466,2467,2026,59.8279,59.8361
888,71,1897,1363,59.9616,59.9712
889,262,2052,1602,59.8845,59.8932
890,117,2129,1631,59.9498,59.9589
891,229,2566,2009,59.8888,59.8991
892,183,2085,1587,59.9601,59.9698
893,159,2073,1563,59.94,59.9489
894,271,2102,1554,59.9002,59.9098
895,185,2318,1825,59.8521,59.8614
896,157,2255,1759,59.8991,59.9088
897,72,1945,1447,59.8589,59.8684
898,213,2494,1980,59.8563,59.8662
899,93,1992,1499,59.9505,59.9597
900,292,1932,1423,59.9052,59.9146
901,310,2019,1550,59.9354,59.9443
902,91,2099,1629,59.9603,59.9696
903,222,2001,1494,59.8726,59.8819
904,59,1890,1439,59.9291,59.9379
905,182,2170,1690,59.9517,59.9607
906,168,2051,1632,59.8662,59.8746
907,132,1928,1445,59.9641,59.9732
908,249,1878,1386,59.9446,59.9537
909,144,2434,1906,59.8255,59.8352
910,180,2068,1598,59.9569,59.9664
911,78,2107,1587,59.9256,59.9351
912,292,2178,1699,59.9547,59.9636
913,61,1952,1465,59.9282,59.9371
914,282,2478,1935,59.9008,59.9103
915,173,2164,1688,59.833,59.8419
916,104,1991,1479,59.8279,59.8373
917,71,2017,1512,59.9015,59.9106
918,97,2098,1594,59.8554,59.8647
919,104,2003,1484,59.9332,59.9424
920,93,2119,1653,59.807,59.816
921,267,1933,1411,59.9073,59.917
922,76,2038,1521,59.7401,59.7498
923,194,2223,1725,59.9496,59.9589
924,62,1889,1373,59.9156,59.9251
925,46,2218,1719,59.9574,59.9664
926,132,2166,1649,59.9289,59.9384
927,29,2082,1524,59.9269,59.937
928,146,2283,1774,59.8639,59.8734
929,71,2040,1544,59.9501,59.9589
930,83,2181,1625,59.9122,59.9225
931,19,1962,1484,59.9239,59.9328
932,157,2108,1611,59.8969,59.9065
933,141,1898,1388,59.7922,59.8017
934,318,2272,1737,59.8759,59.8853
935,122,2125,1603,59.9586,59.9681
936,161,2420,1894,59.9254,59.9347
937,184,2087,1567,59.8465,59.8552
938,108,2062,1502,59.8914,59.9016
939,229,1986,1465,59.9466,59.9563
940,43,2106,1626,59.9438,59.9532
941,108,2029,1492,59.7933,59.8034
942,5,1747,1273,59.8843,59.893
943,202,2204,1694,59.9024,59.9118
944,254,2133,1686,59.9444,59.953
945,249,2373,1832,59.9049,59.9142
946,77,1953,1446,59.9427,59.9522
947,74,2331,1794,59.6832,59.6933
948,10,2150,1635,59.9113,59.9209
949,42,2145,1670,59.8022,59.8109
950,369,1859,1357,59.8895,59.8989
951,79,2068,1548,59.9314,59.941
952,104,2033,1525,59.9581,59.9676
953,121,2297,1789,59.9439,59.9532
954,87,2117,1622,59.9028,59.9118
955,84,2059,1529,59.8713,59.8809
956,64,1868,1366,59.8584,59.8676
957,2,1921,1410,59.887,59.8967
958,86,2197,1698,59.9083,59.9177
959,147,2056,1549,59.951,59.9607
960,21,1872,1377,59.8785,59.8878
961,71,2024,1512,59.9457,59.9551
962,119,2114,1583,59.9587,59.9685
963,34,2100,1573,59.9124,59.9223
964,15,1927,1420,59.9496,59.959
965,289,2215,1735,59.895,59.9038
966,68,1913,1426,59.9361,59.945
967,181,1999,1474,59.8279,59.8378
968,146,2034,1546,59.9391,59.9483
969,117,2092,1586,59.723,59.7322
970,246,2156,1686,59.9227,59.9315
971,61,1998,1439,59.9565,59.9662
972,110,2217,1688,59.8682,59.8778
973,221,2097,1618,59.834,59.8431
974,0,1989,1477,59.8253,59.8344
975,200,2221,1676,59.9522,59.9621
976,37,2043,1535,59.9618,59.971
977,31,2389,1881,59.9508,59.9598
978,97,2209,1666,59.9298,59.9394
979,295,2126,1620,59.9305,59.94
980,85,2104,1559,59.8902,59.9001
981,421,2377,1883,59.9427,59.9521
982,20,1804,1286,59.8971,59.907
983,184,2128,1611,59.9382,59.9479
984,10,2018,1536,59.9108,59.9198
985,130,2052,1541,59.9422,59.9519
986,119,2242,1727,59.7484,59.7577
987,193,2041,1496,59.8982,59.9082
988,187,2326,1795,59.9554,59.9651
989,194,2150,1648,59.8944,59.9036
990,254,2038,1554,59.9483,59.9574
991,200,1972,1476,59.8731,59.8823
992,161,2012,1453,59.9614,59.9714
993,24,2298,1774,59.9557,59.9648
994,235,2281,1691,59.9344,59.9445
995,243,2162,1633,59.8455,59.855
996,470,2243,1712,59.9552,59.9645
997,98,2130,1637,59.8716,59.8811
998,12,1962,1475,59.9331,59.9424
999,86,2002,1506,59.8237,59.8327
